2023-07-06 22:26:55,919 - DEBUG @ 114 == Brest vs Lens, G-2W-OU.Total Goals O/U.100, 
2023-07-06 22:26:55,919 - DEBUG @ 114 == Brest vs Lens, G-2W-OU.Total Goals O/U - Brest.100, 
2023-07-06 22:26:55,919 - DEBUG @ 114 == Brest vs Lens, G-2W-OU.Total Goals O/U - Lens.100, 
2023-07-06 22:26:56,926 - DEBUG @ 114 == Marseille vs Reims, G-2W-OU.Total Goals O/U.100, 
2023-07-06 22:26:56,927 - DEBUG @ 114 == Marseille vs Reims, G-2W-OU.Total Goals O/U - Marseille.100, 
2023-07-06 22:26:56,927 - DEBUG @ 114 == Marseille vs Reims, G-2W-OU.Total Goals O/U - Reims.100, 
2023-07-06 22:26:57,999 - DEBUG @ 114 == Montpellier vs Le Havre, G-2W-OU.Total Goals O/U.100, 
2023-07-06 22:26:57,999 - DEBUG @ 114 == Montpellier vs Le Havre, G-2W-OU.Total Goals O/U - AC Le Havre.100, 
2023-07-06 22:26:57,999 - DEBUG @ 114 == Montpellier vs Le Havre, G-2W-OU.Total Goals O/U - Montpellier.100, 
2023-07-06 22:26:59,078 - DEBUG @ 114 == Nantes vs Toulouse, G-2W-OU.Total Goals O/U.100, 
2023-07-06 22:26:59,078 - DEBUG @ 114 == Nantes vs Toulouse, G-2W-OU.Total Goals O/U - Nantes.100, 
2023-07-06 22:26:59,078 - DEBUG @ 114 == Nantes vs Toulouse, G-2W-OU.Total Goals O/U - Toulouse.100, 
2023-07-06 22:27:00,525 - DEBUG @ 114 == Nice vs Lille, G-2W-OU.Total Goals O/U.100, 
2023-07-06 22:27:00,525 - DEBUG @ 114 == Nice vs Lille, G-2W-OU.Total Goals O/U - Lille.100, 
2023-07-06 22:27:00,526 - DEBUG @ 114 == Nice vs Lille, G-2W-OU.Total Goals O/U - Nice.100, 
2023-07-06 22:27:01,532 - DEBUG @ 114 == Paris Saint-Germain vs Lorient, G-2W-OU.Total Goals O/U.100, 
2023-07-06 22:27:01,532 - DEBUG @ 114 == Paris Saint-Germain vs Lorient, G-2W-OU.Total Goals O/U - Lorient.100, 
2023-07-06 22:27:01,532 - DEBUG @ 114 == Paris Saint-Germain vs Lorient, G-2W-OU.Total Goals O/U - Paris Saint-Germain.100, 
2023-07-06 22:27:02,618 - DEBUG @ 114 == Rennes vs Metz, G-2W-OU.Total Goals O/U.100, 
2023-07-06 22:27:02,618 - DEBUG @ 114 == Rennes vs Metz, G-2W-OU.Total Goals O/U - Metz.100, 
2023-07-06 22:27:02,618 - DEBUG @ 114 == Rennes vs Metz, G-2W-OU.Total Goals O/U - Rennes.100, 
2023-07-06 22:27:04,013 - DEBUG @ 114 == Strasbourg vs Lyon, G-2W-OU.Total Goals O/U.100, 
2023-07-06 22:27:04,013 - DEBUG @ 114 == Strasbourg vs Lyon, G-2W-OU.Total Goals O/U - Lyon.100, 
2023-07-06 22:27:04,013 - DEBUG @ 114 == Strasbourg vs Lyon, G-2W-OU.Total Goals O/U - Strasbourg.100, 
2023-07-06 22:27:05,232 - DEBUG @ 114 == AS Roma vs Salernitana, G-2W-OU.Total Goals O/U.100, 
2023-07-06 22:27:05,233 - DEBUG @ 114 == AS Roma vs Salernitana, G-2W-OU.Total Goals O/U - AS Roma.100, 
2023-07-06 22:27:05,233 - DEBUG @ 114 == AS Roma vs Salernitana, G-2W-OU.Total Goals O/U - Salernitana.100, 
2023-07-06 22:27:06,354 - DEBUG @ 114 == Bologna vs AC Milan, G-2W-OU.Total Goals O/U.100, 
2023-07-06 22:27:06,355 - DEBUG @ 114 == Bologna vs AC Milan, G-2W-OU.Total Goals O/U - AC Milan.100, 
2023-07-06 22:27:06,355 - DEBUG @ 114 == Bologna vs AC Milan, G-2W-OU.Total Goals O/U - Bologna.100, 
2023-07-06 22:27:07,390 - DEBUG @ 114 == Empoli vs Hellas Verona, G-2W-OU.Total Goals O/U.100, 
2023-07-06 22:27:07,390 - DEBUG @ 114 == Empoli vs Hellas Verona, G-2W-OU.Total Goals O/U - Empoli.100, 
2023-07-06 22:27:07,390 - DEBUG @ 114 == Empoli vs Hellas Verona, G-2W-OU.Total Goals O/U - Hellas Verona.100, 
2023-07-06 22:27:08,460 - DEBUG @ 114 == Frosinone vs Napoli, G-2W-OU.Total Goals O/U.100, 
2023-07-06 22:27:08,461 - DEBUG @ 114 == Frosinone vs Napoli, G-2W-OU.Total Goals O/U - Frosinone.100, 
2023-07-06 22:27:08,461 - DEBUG @ 114 == Frosinone vs Napoli, G-2W-OU.Total Goals O/U - Napoli.100, 
2023-07-06 22:27:09,546 - DEBUG @ 114 == Genoa vs Fiorentina, G-2W-OU.Total Goals O/U.100, 
2023-07-06 22:27:09,547 - DEBUG @ 114 == Genoa vs Fiorentina, G-2W-OU.Total Goals O/U - Fiorentina.100, 
2023-07-06 22:27:09,547 - DEBUG @ 114 == Genoa vs Fiorentina, G-2W-OU.Total Goals O/U - Genoa.100, 
2023-07-06 22:27:10,708 - DEBUG @ 114 == Inter Milan vs Monza, G-2W-OU.Total Goals O/U.100, 
2023-07-06 22:27:10,709 - DEBUG @ 114 == Inter Milan vs Monza, G-2W-OU.Total Goals O/U - Inter Milan.100, 
2023-07-06 22:27:10,709 - DEBUG @ 114 == Inter Milan vs Monza, G-2W-OU.Total Goals O/U - Monza.100, 
2023-07-06 22:27:11,877 - DEBUG @ 114 == Lecce vs Lazio, G-2W-OU.Total Goals O/U.100, 
2023-07-06 22:27:11,877 - DEBUG @ 114 == Lecce vs Lazio, G-2W-OU.Total Goals O/U - Lazio.100, 
2023-07-06 22:27:11,877 - DEBUG @ 114 == Lecce vs Lazio, G-2W-OU.Total Goals O/U - Lecce.100, 
2023-07-06 22:27:13,066 - DEBUG @ 114 == Sassuolo vs Atalanta, G-2W-OU.Total Goals O/U.100, 
2023-07-06 22:27:13,066 - DEBUG @ 114 == Sassuolo vs Atalanta, G-2W-OU.Total Goals O/U - Atalanta.100, 
2023-07-06 22:27:13,066 - DEBUG @ 114 == Sassuolo vs Atalanta, G-2W-OU.Total Goals O/U - Sassuolo.100, 
2023-07-06 22:27:14,144 - DEBUG @ 114 == Torino vs Cagliari, G-2W-OU.Total Goals O/U.100, 
2023-07-06 22:27:14,144 - DEBUG @ 114 == Torino vs Cagliari, G-2W-OU.Total Goals O/U - Cagliari.100, 
2023-07-06 22:27:14,144 - DEBUG @ 114 == Torino vs Cagliari, G-2W-OU.Total Goals O/U - Torino.100, 
2023-07-06 22:27:15,205 - DEBUG @ 114 == Udinese vs Juventus, G-2W-OU.Total Goals O/U.100, 
2023-07-06 22:27:15,206 - DEBUG @ 114 == Udinese vs Juventus, G-2W-OU.Total Goals O/U - Juventus.100, 
2023-07-06 22:27:15,206 - DEBUG @ 114 == Udinese vs Juventus, G-2W-OU.Total Goals O/U - Udinese.100, 
2023-07-06 22:27:16,213 - DEBUG @ 114 == Almería vs Rayo Vallecano, G-2W-OU.Total Goals O/U.100, 
2023-07-06 22:27:16,213 - DEBUG @ 114 == Almería vs Rayo Vallecano, G-2W-OU.Total Goals O/U - Almería.100, 
2023-07-06 22:27:16,213 - DEBUG @ 114 == Almería vs Rayo Vallecano, G-2W-OU.Total Goals O/U - Rayo Vallecano.100, 
2023-07-06 22:27:17,372 - DEBUG @ 114 == Athletic Bilbao vs Real Madrid, G-2W-OU.Total Goals O/U.100, 
2023-07-06 22:27:17,373 - DEBUG @ 114 == Athletic Bilbao vs Real Madrid, G-2W-OU.Total Goals O/U - Athletic Bilbao.100, 
2023-07-06 22:27:17,373 - DEBUG @ 114 == Athletic Bilbao vs Real Madrid, G-2W-OU.Total Goals O/U - Real Madrid.100, 
2023-07-06 22:27:18,523 - DEBUG @ 114 == Atlético Madrid vs Granada, G-2W-OU.Total Goals O/U.100, 
2023-07-06 22:27:18,523 - DEBUG @ 114 == Atlético Madrid vs Granada, G-2W-OU.Total Goals O/U - Atlético Madrid.100, 
2023-07-06 22:27:18,523 - DEBUG @ 114 == Atlético Madrid vs Granada, G-2W-OU.Total Goals O/U - Granada.100, 
2023-07-06 22:27:19,639 - DEBUG @ 114 == Celta de Vigo vs Osasuna, G-2W-OU.Total Goals O/U.100, 
2023-07-06 22:27:19,639 - DEBUG @ 114 == Celta de Vigo vs Osasuna, G-2W-OU.Total Goals O/U - Celta de Vigo.100, 
2023-07-06 22:27:19,639 - DEBUG @ 114 == Celta de Vigo vs Osasuna, G-2W-OU.Total Goals O/U - Osasuna.100, 
2023-07-06 22:27:20,766 - DEBUG @ 114 == Cádiz vs Alavés, G-2W-OU.Total Goals O/U.100, 
2023-07-06 22:27:20,766 - DEBUG @ 114 == Cádiz vs Alavés, G-2W-OU.Total Goals O/U - Alavés.100, 
2023-07-06 22:27:20,767 - DEBUG @ 114 == Cádiz vs Alavés, G-2W-OU.Total Goals O/U - Cádiz.100, 
2023-07-06 22:27:21,892 - DEBUG @ 114 == Getafe vs FC Barcelona, G-2W-OU.Total Goals O/U.100, 
2023-07-06 22:27:21,893 - DEBUG @ 114 == Getafe vs FC Barcelona, G-2W-OU.Total Goals O/U - FC Barcelona.100, 
2023-07-06 22:27:21,893 - DEBUG @ 114 == Getafe vs FC Barcelona, G-2W-OU.Total Goals O/U - Getafe.100, 
2023-07-06 22:27:23,121 - DEBUG @ 114 == Las Palmas vs Mallorca, G-2W-OU.Total Goals O/U.100, 
2023-07-06 22:27:23,121 - DEBUG @ 114 == Las Palmas vs Mallorca, G-2W-OU.Total Goals O/U - Las Palmas.100, 
2023-07-06 22:27:23,121 - DEBUG @ 114 == Las Palmas vs Mallorca, G-2W-OU.Total Goals O/U - Mallorca.100, 
2023-07-06 22:27:24,293 - DEBUG @ 114 == Real Sociedad vs Girona, G-2W-OU.Total Goals O/U.100, 
2023-07-06 22:27:24,293 - DEBUG @ 114 == Real Sociedad vs Girona, G-2W-OU.Total Goals O/U - Girona FC.100, 
2023-07-06 22:27:24,293 - DEBUG @ 114 == Real Sociedad vs Girona, G-2W-OU.Total Goals O/U - Real Sociedad.100, 
2023-07-06 22:27:25,359 - DEBUG @ 114 == Sevilla vs Valencia, G-2W-OU.Total Goals O/U.100, 
2023-07-06 22:27:25,359 - DEBUG @ 114 == Sevilla vs Valencia, G-2W-OU.Total Goals O/U - Sevilla.100, 
2023-07-06 22:27:25,359 - DEBUG @ 114 == Sevilla vs Valencia, G-2W-OU.Total Goals O/U - Valencia.100, 
2023-07-06 22:27:26,502 - DEBUG @ 114 == Villarreal vs Real Betis, G-2W-OU.Total Goals O/U.100, 
2023-07-06 22:27:26,502 - DEBUG @ 114 == Villarreal vs Real Betis, G-2W-OU.Total Goals O/U - Real Betis.100, 
2023-07-06 22:27:26,503 - DEBUG @ 114 == Villarreal vs Real Betis, G-2W-OU.Total Goals O/U - Villarreal.100, 
2023-07-06 22:27:27,783 - DEBUG @ 114 == Panama vs Qatar, G-2W-OU.Total Goals O/U.100, 
2023-07-06 22:27:27,785 - DEBUG @ 114 == Panama vs Qatar, G-2W-OU.Total Goals O/U - Panama.100, 
2023-07-06 22:27:27,785 - DEBUG @ 114 == Panama vs Qatar, G-2W-OU.Total Goals O/U - Qatar.100, 
2023-07-06 22:27:28,792 - DEBUG @ 114 == Mexico vs Costa Rica, G-2W-OU.Total Goals O/U.100, 
2023-07-06 22:27:28,792 - DEBUG @ 114 == Mexico vs Costa Rica, G-2W-OU.Total Goals O/U - Costa Rica.100, 
2023-07-06 22:27:28,793 - DEBUG @ 114 == Mexico vs Costa Rica, G-2W-OU.Total Goals O/U - Mexico.100, 
2023-07-06 22:27:29,790 - DEBUG @ 114 == Guatemala vs Jamaica, G-2W-OU.Total Goals O/U.100, 
2023-07-06 22:27:29,791 - DEBUG @ 114 == Guatemala vs Jamaica, G-2W-OU.Total Goals O/U - Guatemala.100, 
2023-07-06 22:27:29,791 - DEBUG @ 114 == Guatemala vs Jamaica, G-2W-OU.Total Goals O/U - Jamaica.100, 
2023-07-06 22:27:30,906 - DEBUG @ 114 == USA vs Canada, G-2W-OU.Total Goals O/U.100, 
2023-07-06 22:27:30,907 - DEBUG @ 114 == USA vs Canada, G-2W-OU.Total Goals O/U - Canada.100, 
2023-07-06 22:27:30,907 - DEBUG @ 114 == USA vs Canada, G-2W-OU.Total Goals O/U - USA.100, 
2023-07-06 22:27:32,135 - DEBUG @ 114 == Werder Bremen vs Bayern Munich, G-2W-OU.Total Goals O/U.100, 
2023-07-06 22:27:32,135 - DEBUG @ 114 == Werder Bremen vs Bayern Munich, G-2W-OU.Total Goals O/U - Bayern Munich.100, 
2023-07-06 22:27:32,135 - DEBUG @ 114 == Werder Bremen vs Bayern Munich, G-2W-OU.Total Goals O/U - Werder Bremen.100, 
2023-07-06 22:27:33,362 - DEBUG @ 114 == Augsburg vs Borussia Mönchengladbach, G-2W-OU.Total Goals O/U.100, 
2023-07-06 22:27:33,363 - DEBUG @ 114 == Augsburg vs Borussia Mönchengladbach, G-2W-OU.Total Goals O/U - Augsburg.100, 
2023-07-06 22:27:33,363 - DEBUG @ 114 == Augsburg vs Borussia Mönchengladbach, G-2W-OU.Total Goals O/U - Borussia Mönchengladbach.100, 
2023-07-06 22:27:34,569 - DEBUG @ 114 == Bayer Leverkusen vs RB Leipzig, G-2W-OU.Total Goals O/U.100, 
2023-07-06 22:27:34,569 - DEBUG @ 114 == Bayer Leverkusen vs RB Leipzig, G-2W-OU.Total Goals O/U - Bayer Leverkusen.100, 
2023-07-06 22:27:34,569 - DEBUG @ 114 == Bayer Leverkusen vs RB Leipzig, G-2W-OU.Total Goals O/U - RB Leipzig.100, 
2023-07-06 22:27:35,691 - DEBUG @ 114 == Borussia Dortmund vs FC Köln, G-2W-OU.Total Goals O/U.100, 
2023-07-06 22:27:35,691 - DEBUG @ 114 == Borussia Dortmund vs FC Köln, G-2W-OU.Total Goals O/U - Borussia Dortmund.100, 
2023-07-06 22:27:35,691 - DEBUG @ 114 == Borussia Dortmund vs FC Köln, G-2W-OU.Total Goals O/U - FC Köln.100, 
2023-07-06 22:27:36,893 - DEBUG @ 114 == Eintracht Frankfurt vs Darmstadt, G-2W-OU.Total Goals O/U.100, 
2023-07-06 22:27:36,893 - DEBUG @ 114 == Eintracht Frankfurt vs Darmstadt, G-2W-OU.Total Goals O/U - Darmstadt.100, 
2023-07-06 22:27:36,893 - DEBUG @ 114 == Eintracht Frankfurt vs Darmstadt, G-2W-OU.Total Goals O/U - Eintracht Frankfurt.100, 
2023-07-06 22:27:38,072 - DEBUG @ 114 == Hoffenheim vs Freiburg, G-2W-OU.Total Goals O/U.100, 
2023-07-06 22:27:38,072 - DEBUG @ 114 == Hoffenheim vs Freiburg, G-2W-OU.Total Goals O/U - Freiburg.100, 
2023-07-06 22:27:38,073 - DEBUG @ 114 == Hoffenheim vs Freiburg, G-2W-OU.Total Goals O/U - Hoffenheim.100, 
2023-07-06 22:27:39,300 - DEBUG @ 114 == Union Berlin vs Mainz, G-2W-OU.Total Goals O/U.100, 
2023-07-06 22:27:39,300 - DEBUG @ 114 == Union Berlin vs Mainz, G-2W-OU.Total Goals O/U - Mainz.100, 
2023-07-06 22:27:39,300 - DEBUG @ 114 == Union Berlin vs Mainz, G-2W-OU.Total Goals O/U - Union Berlin.100, 
2023-07-06 22:27:40,530 - DEBUG @ 114 == VfB Stuttgart vs Bochum, G-2W-OU.Total Goals O/U.100, 
2023-07-06 22:27:40,531 - DEBUG @ 114 == VfB Stuttgart vs Bochum, G-2W-OU.Total Goals O/U - Bochum.100, 
2023-07-06 22:27:40,531 - DEBUG @ 114 == VfB Stuttgart vs Bochum, G-2W-OU.Total Goals O/U - VfB Stuttgart.100, 
2023-07-06 22:27:42,007 - DEBUG @ 114 == Wolfsburg vs Heidenheim, G-2W-OU.Total Goals O/U.100, 
2023-07-06 22:27:42,007 - DEBUG @ 114 == Wolfsburg vs Heidenheim, G-2W-OU.Total Goals O/U - Heidenheim.100, 
2023-07-06 22:27:42,007 - DEBUG @ 114 == Wolfsburg vs Heidenheim, G-2W-OU.Total Goals O/U - Wolfsburg.100, 
2023-07-06 22:27:43,575 - DEBUG @ 114 == England U21 vs Spain U21, G-2W-OU.Total Goals O/U.100, 
2023-07-06 22:27:43,575 - DEBUG @ 114 == England U21 vs Spain U21, G-2W-OU.Total Goals O/U - England.100, 
2023-07-06 22:27:43,576 - DEBUG @ 114 == England U21 vs Spain U21, G-2W-OU.Total Goals O/U - Spain.100, 
2023-07-06 22:27:44,968 - DEBUG @ 114 == CF Montréal vs Atlanta United, G-2W-OU.Total Goals O/U.100, 
2023-07-06 22:27:44,968 - DEBUG @ 114 == CF Montréal vs Atlanta United, G-2W-OU.Total Goals O/U - Atlanta United.100, 
2023-07-06 22:27:44,968 - DEBUG @ 114 == CF Montréal vs Atlanta United, G-2W-OU.Total Goals O/U - CF Montréal.100, 
2023-07-06 22:27:46,486 - DEBUG @ 114 == Charlotte FC vs FC Cincinnati, G-2W-OU.Total Goals O/U.100, 
2023-07-06 22:27:46,487 - DEBUG @ 114 == Charlotte FC vs FC Cincinnati, G-2W-OU.Total Goals O/U - Charlotte FC.100, 
2023-07-06 22:27:46,487 - DEBUG @ 114 == Charlotte FC vs FC Cincinnati, G-2W-OU.Total Goals O/U - FC Cincinnati.100, 
2023-07-06 22:27:47,711 - DEBUG @ 114 == Columbus Crew vs New York City FC, G-2W-OU.Total Goals O/U.100, 
2023-07-06 22:27:47,711 - DEBUG @ 114 == Columbus Crew vs New York City FC, G-2W-OU.Total Goals O/U - Columbus Crew.100, 
2023-07-06 22:27:47,711 - DEBUG @ 114 == Columbus Crew vs New York City FC, G-2W-OU.Total Goals O/U - New York City FC.100, 
2023-07-06 22:27:49,109 - DEBUG @ 114 == DC United vs Inter Miami, G-2W-OU.Total Goals O/U.100, 
2023-07-06 22:27:49,109 - DEBUG @ 114 == DC United vs Inter Miami, G-2W-OU.Total Goals O/U - DC United.100, 
2023-07-06 22:27:49,109 - DEBUG @ 114 == DC United vs Inter Miami, G-2W-OU.Total Goals O/U - Inter Miami.100, 
2023-07-06 22:27:50,394 - DEBUG @ 114 == NY Red Bulls vs New England Revolution, G-2W-OU.Total Goals O/U.100, 
2023-07-06 22:27:50,395 - DEBUG @ 114 == NY Red Bulls vs New England Revolution, G-2W-OU.Total Goals O/U - New England Revolution.100, 
2023-07-06 22:27:50,395 - DEBUG @ 114 == NY Red Bulls vs New England Revolution, G-2W-OU.Total Goals O/U - NY Red Bulls.100, 
2023-07-06 22:27:51,827 - DEBUG @ 114 == Toronto FC vs Saint Louis City SC, G-2W-OU.Total Goals O/U.100, 
2023-07-06 22:27:51,828 - DEBUG @ 114 == Toronto FC vs Saint Louis City SC, G-2W-OU.Total Goals O/U - Saint Louis City SC.100, 
2023-07-06 22:27:51,828 - DEBUG @ 114 == Toronto FC vs Saint Louis City SC, G-2W-OU.Total Goals O/U - Toronto FC.100, 
2023-07-06 22:27:52,955 - DEBUG @ 114 == Chicago Fire vs Nashville SC, G-2W-OU.Total Goals O/U.100, 
2023-07-06 22:27:52,955 - DEBUG @ 114 == Chicago Fire vs Nashville SC, G-2W-OU.Total Goals O/U - Chicago Fire.100, 
2023-07-06 22:27:52,955 - DEBUG @ 114 == Chicago Fire vs Nashville SC, G-2W-OU.Total Goals O/U - Nashville SC.100, 
2023-07-06 22:27:54,250 - DEBUG @ 114 == Houston Dynamo vs Sporting Kansas City, G-2W-OU.Total Goals O/U.100, 
2023-07-06 22:27:54,250 - DEBUG @ 114 == Houston Dynamo vs Sporting Kansas City, G-2W-OU.Total Goals O/U - Houston Dynamo.100, 
2023-07-06 22:27:54,250 - DEBUG @ 114 == Houston Dynamo vs Sporting Kansas City, G-2W-OU.Total Goals O/U - Sporting Kansas City.100, 
