2023-12-23 10:54:47,445 : packages.name_matcher.FuzzMatcher - INFO - 54 @ Detroit Pistons at Brooklyn Nets matched @ 0 for ['Detroit Pistons at Brooklyn Nets', 'Denver Nuggets at Charlotte Hornets', 'Orlando Magic at Indiana Pacers', 'Houston Rockets at New Orleans Pelicans', 'Memphis Grizzlies at Atlanta Hawks', 'Utah Jazz at Toronto Raptors', 'Cleveland Cavaliers at Chicago Bulls', 'Los Angeles Lakers at Oklahoma City Thunder'] with scores [('Detroit Pistons at Brooklyn Nets', 100), ('Denver Nuggets at Charlotte Hornets', 51), ('Houston Rockets at New Orleans Pelicans', 48), ('Utah Jazz at Toronto Raptors', 43), ('Memphis Grizzlies at Atlanta Hawks', 42), ('Orlando Magic at Indiana Pacers', 38), ('Cleveland Cavaliers at Chicago Bulls', 38), ('Los Angeles Lakers at Oklahoma City Thunder', 37)]
2023-12-23 10:54:47,451 : packages.name_matcher.FuzzMatcher - INFO - 54 @ Pistons matched @ 0 for ['Pistons', 'Nets'] with scores [('Pistons', 100), ('Nets', 36)]
2023-12-23 10:54:47,453 : packages.name_matcher.FuzzMatcher - INFO - 54 @ Nets matched @ 1 for ['Pistons', 'Nets'] with scores [('Nets', 100), ('Pistons', 36)]
2023-12-23 10:54:47,783 : packages.name_matcher.FuzzMatcher - INFO - 54 @ Milwaukee Bucks at New York Knicks matched @ 0 for ['Milwaukee Bucks at New York Knicks'] with scores [('Milwaukee Bucks at New York Knicks', 100)]
2023-12-23 10:54:47,784 : packages.name_matcher.FuzzMatcher - INFO - 54 @ Bucks matched @ 0 for ['Bucks', 'Knicks'] with scores [('Bucks', 100), ('Knicks', 55)]
2023-12-23 10:54:47,785 : packages.name_matcher.FuzzMatcher - INFO - 54 @ Knicks matched @ 1 for ['Bucks', 'Knicks'] with scores [('Knicks', 100), ('Bucks', 55)]
2023-12-23 10:54:48,138 : packages.name_matcher.FuzzMatcher - INFO - 54 @ Cincinnati Bengals at Pittsburgh Steelers matched @ 0 for ['Cincinnati Bengals at Pittsburgh Steelers'] with scores [('Cincinnati Bengals at Pittsburgh Steelers', 100)]
2023-12-23 10:54:48,174 : packages.name_matcher.FuzzMatcher - INFO - 54 @ Bengals matched @ 0 for ['Bengals', 'Steelers'] with scores [('Bengals', 100), ('Steelers', 40)]
2023-12-23 10:54:48,175 : packages.name_matcher.FuzzMatcher - INFO - 54 @ Steelers matched @ 1 for ['Bengals', 'Steelers'] with scores [('Steelers', 100), ('Bengals', 40)]
2023-12-23 10:54:48,176 : packages.name_matcher.FuzzMatcher - INFO - 54 @ Boston Celtics at Los Angeles Clippers matched @ 0 for ['Boston Celtics at Los Angeles Clippers'] with scores [('Boston Celtics at Los Angeles Clippers', 100)]
2023-12-23 10:54:48,177 : packages.name_matcher.FuzzMatcher - INFO - 54 @ Celtics matched @ 0 for ['Celtics', 'Clippers'] with scores [('Celtics', 100), ('Clippers', 53)]
2023-12-23 10:54:48,177 : packages.name_matcher.FuzzMatcher - INFO - 54 @ Clippers matched @ 1 for ['Celtics', 'Clippers'] with scores [('Clippers', 100), ('Celtics', 53)]
2023-12-23 10:54:48,616 : packages.name_matcher.FuzzMatcher - INFO - 54 @ Buffalo Bills at Los Angeles Chargers matched @ 0 for ['Buffalo Bills at Los Angeles Chargers'] with scores [('Buffalo Bills at Los Angeles Chargers', 100)]
2023-12-23 10:54:48,619 : packages.name_matcher.FuzzMatcher - INFO - 54 @ Bills matched @ 0 for ['Bills', 'Chargers'] with scores [('Bills', 100), ('Chargers', 15)]
2023-12-23 10:54:48,630 : packages.name_matcher.FuzzMatcher - INFO - 54 @ Chargers matched @ 1 for ['Bills', 'Chargers'] with scores [('Chargers', 100), ('Bills', 15)]
2023-12-23 10:54:48,632 : packages.name_matcher.FuzzMatcher - INFO - 54 @ Denver Nuggets at Charlotte Hornets matched @ 1 for ['Detroit Pistons at Brooklyn Nets', 'Denver Nuggets at Charlotte Hornets', 'Orlando Magic at Indiana Pacers', 'Houston Rockets at New Orleans Pelicans', 'Memphis Grizzlies at Atlanta Hawks', 'Utah Jazz at Toronto Raptors'] with scores [('Denver Nuggets at Charlotte Hornets', 100), ('Detroit Pistons at Brooklyn Nets', 51), ('Houston Rockets at New Orleans Pelicans', 51), ('Utah Jazz at Toronto Raptors', 48), ('Memphis Grizzlies at Atlanta Hawks', 41), ('Orlando Magic at Indiana Pacers', 36)]
2023-12-23 10:54:48,633 : packages.name_matcher.FuzzMatcher - INFO - 54 @ Nuggets matched @ 0 for ['Nuggets', 'Hornets'] with scores [('Nuggets', 100), ('Hornets', 57)]
2023-12-23 10:54:48,634 : packages.name_matcher.FuzzMatcher - INFO - 54 @ Hornets matched @ 1 for ['Nuggets', 'Hornets'] with scores [('Hornets', 100), ('Nuggets', 57)]
2023-12-23 10:54:49,089 : packages.name_matcher.FuzzMatcher - INFO - 54 @ Orlando Magic at Indiana Pacers matched @ 2 for ['Detroit Pistons at Brooklyn Nets', 'Denver Nuggets at Charlotte Hornets', 'Orlando Magic at Indiana Pacers', 'Houston Rockets at New Orleans Pelicans', 'Memphis Grizzlies at Atlanta Hawks', 'Utah Jazz at Toronto Raptors'] with scores [('Orlando Magic at Indiana Pacers', 100), ('Houston Rockets at New Orleans Pelicans', 49), ('Utah Jazz at Toronto Raptors', 44), ('Memphis Grizzlies at Atlanta Hawks', 43), ('Detroit Pistons at Brooklyn Nets', 38), ('Denver Nuggets at Charlotte Hornets', 36)]
2023-12-23 10:54:49,095 : packages.name_matcher.FuzzMatcher - INFO - 54 @ Magic matched @ 0 for ['Magic', 'Pacers'] with scores [('Magic', 100), ('Pacers', 36)]
2023-12-23 10:54:49,099 : packages.name_matcher.FuzzMatcher - INFO - 54 @ Pacers matched @ 1 for ['Magic', 'Pacers'] with scores [('Pacers', 100), ('Magic', 36)]
2023-12-23 10:54:49,142 : packages.name_matcher.FuzzMatcher - INFO - 54 @ Indianapolis Colts at Atlanta Falcons matched @ 0 for ['Indianapolis Colts at Atlanta Falcons', 'Seattle Seahawks at Tennessee Titans', 'Detroit Lions at Minnesota Vikings', 'Washington Commanders at New York Jets', 'Green Bay Packers at Carolina Panthers', 'Cleveland Browns at Houston Texans'] with scores [('Indianapolis Colts at Atlanta Falcons', 100), ('Detroit Lions at Minnesota Vikings', 51), ('Seattle Seahawks at Tennessee Titans', 44), ('Green Bay Packers at Carolina Panthers', 43), ('Cleveland Browns at Houston Texans', 42), ('Washington Commanders at New York Jets', 40)]
2023-12-23 10:54:49,144 : packages.name_matcher.FuzzMatcher - INFO - 54 @ Colts matched @ 0 for ['Colts', 'Falcons'] with scores [('Colts', 100), ('Falcons', 50)]
2023-12-23 10:54:49,145 : packages.name_matcher.FuzzMatcher - INFO - 54 @ Falcons matched @ 1 for ['Colts', 'Falcons'] with scores [('Falcons', 100), ('Colts', 50)]
2023-12-23 10:54:49,532 : packages.name_matcher.FuzzMatcher - INFO - 54 @ Houston Rockets at New Orleans Pelicans matched @ 3 for ['Detroit Pistons at Brooklyn Nets', 'Denver Nuggets at Charlotte Hornets', 'Orlando Magic at Indiana Pacers', 'Houston Rockets at New Orleans Pelicans', 'Memphis Grizzlies at Atlanta Hawks', 'Utah Jazz at Toronto Raptors'] with scores [('Houston Rockets at New Orleans Pelicans', 100), ('Denver Nuggets at Charlotte Hornets', 51), ('Orlando Magic at Indiana Pacers', 49), ('Detroit Pistons at Brooklyn Nets', 48), ('Memphis Grizzlies at Atlanta Hawks', 44), ('Utah Jazz at Toronto Raptors', 36)]
2023-12-23 10:54:49,534 : packages.name_matcher.FuzzMatcher - INFO - 54 @ Rockets matched @ 0 for ['Rockets', 'Pelicans'] with scores [('Rockets', 100), ('Pelicans', 27)]
2023-12-23 10:54:49,536 : packages.name_matcher.FuzzMatcher - INFO - 54 @ Pelicans matched @ 1 for ['Rockets', 'Pelicans'] with scores [('Pelicans', 100), ('Rockets', 27)]
2023-12-23 10:54:49,696 : packages.name_matcher.FuzzMatcher - INFO - 54 @ Seattle Seahawks at Tennessee Titans matched @ 1 for ['Indianapolis Colts at Atlanta Falcons', 'Seattle Seahawks at Tennessee Titans', 'Detroit Lions at Minnesota Vikings', 'Washington Commanders at New York Jets', 'Green Bay Packers at Carolina Panthers', 'Cleveland Browns at Houston Texans'] with scores [('Seattle Seahawks at Tennessee Titans', 100), ('Detroit Lions at Minnesota Vikings', 46), ('Cleveland Browns at Houston Texans', 46), ('Indianapolis Colts at Atlanta Falcons', 44), ('Green Bay Packers at Carolina Panthers', 43), ('Washington Commanders at New York Jets', 41)]
2023-12-23 10:54:49,697 : packages.name_matcher.FuzzMatcher - INFO - 54 @ Seahawks matched @ 0 for ['Seahawks', 'Titans'] with scores [('Seahawks', 100), ('Titans', 29)]
2023-12-23 10:54:49,698 : packages.name_matcher.FuzzMatcher - INFO - 54 @ Titans matched @ 1 for ['Seahawks', 'Titans'] with scores [('Titans', 100), ('Seahawks', 29)]
2023-12-23 10:54:49,995 : packages.name_matcher.FuzzMatcher - INFO - 54 @ Memphis Grizzlies at Atlanta Hawks matched @ 4 for ['Detroit Pistons at Brooklyn Nets', 'Denver Nuggets at Charlotte Hornets', 'Orlando Magic at Indiana Pacers', 'Houston Rockets at New Orleans Pelicans', 'Memphis Grizzlies at Atlanta Hawks', 'Utah Jazz at Toronto Raptors', 'Cleveland Cavaliers at Chicago Bulls', 'Los Angeles Lakers at Oklahoma City Thunder'] with scores [('Memphis Grizzlies at Atlanta Hawks', 100), ('Houston Rockets at New Orleans Pelicans', 44), ('Orlando Magic at Indiana Pacers', 43), ('Cleveland Cavaliers at Chicago Bulls', 43), ('Detroit Pistons at Brooklyn Nets', 42), ('Los Angeles Lakers at Oklahoma City Thunder', 42), ('Denver Nuggets at Charlotte Hornets', 41), ('Utah Jazz at Toronto Raptors', 35)]
2023-12-23 10:54:49,998 : packages.name_matcher.FuzzMatcher - INFO - 54 @ Grizzlies matched @ 0 for ['Grizzlies', 'Hawks'] with scores [('Grizzlies', 100), ('Hawks', 14)]
2023-12-23 10:54:50,000 : packages.name_matcher.FuzzMatcher - INFO - 54 @ Hawks matched @ 1 for ['Grizzlies', 'Hawks'] with scores [('Hawks', 100), ('Grizzlies', 14)]
2023-12-23 10:54:50,298 : packages.name_matcher.FuzzMatcher - INFO - 54 @ Detroit Lions at Minnesota Vikings matched @ 2 for ['Indianapolis Colts at Atlanta Falcons', 'Seattle Seahawks at Tennessee Titans', 'Detroit Lions at Minnesota Vikings', 'Washington Commanders at New York Jets', 'Green Bay Packers at Carolina Panthers', 'Cleveland Browns at Houston Texans'] with scores [('Detroit Lions at Minnesota Vikings', 100), ('Indianapolis Colts at Atlanta Falcons', 51), ('Seattle Seahawks at Tennessee Titans', 46), ('Cleveland Browns at Houston Texans', 44), ('Washington Commanders at New York Jets', 42), ('Green Bay Packers at Carolina Panthers', 42)]
2023-12-23 10:54:50,300 : packages.name_matcher.FuzzMatcher - INFO - 54 @ Lions matched @ 0 for ['Lions', 'Vikings'] with scores [('Lions', 100), ('Vikings', 50)]
2023-12-23 10:54:50,301 : packages.name_matcher.FuzzMatcher - INFO - 54 @ Vikings matched @ 1 for ['Lions', 'Vikings'] with scores [('Vikings', 100), ('Lions', 50)]
2023-12-23 10:54:50,462 : packages.name_matcher.FuzzMatcher - INFO - 54 @ Utah Jazz at Toronto Raptors matched @ 5 for ['Detroit Pistons at Brooklyn Nets', 'Denver Nuggets at Charlotte Hornets', 'Orlando Magic at Indiana Pacers', 'Houston Rockets at New Orleans Pelicans', 'Memphis Grizzlies at Atlanta Hawks', 'Utah Jazz at Toronto Raptors', 'Cleveland Cavaliers at Chicago Bulls', 'Los Angeles Lakers at Oklahoma City Thunder'] with scores [('Utah Jazz at Toronto Raptors', 100), ('Denver Nuggets at Charlotte Hornets', 48), ('Orlando Magic at Indiana Pacers', 44), ('Detroit Pistons at Brooklyn Nets', 43), ('Los Angeles Lakers at Oklahoma City Thunder', 42), ('Houston Rockets at New Orleans Pelicans', 36), ('Memphis Grizzlies at Atlanta Hawks', 35), ('Cleveland Cavaliers at Chicago Bulls', 34)]
2023-12-23 10:54:50,464 : packages.name_matcher.FuzzMatcher - INFO - 54 @ Jazz matched @ 0 for ['Jazz', 'Raptors'] with scores [('Jazz', 100), ('Raptors', 18)]
2023-12-23 10:54:50,465 : packages.name_matcher.FuzzMatcher - INFO - 54 @ Raptors matched @ 1 for ['Jazz', 'Raptors'] with scores [('Raptors', 100), ('Jazz', 18)]
2023-12-23 10:54:50,837 : packages.name_matcher.FuzzMatcher - INFO - 54 @ Washington Commanders at New York Jets matched @ 3 for ['Indianapolis Colts at Atlanta Falcons', 'Seattle Seahawks at Tennessee Titans', 'Detroit Lions at Minnesota Vikings', 'Washington Commanders at New York Jets', 'Green Bay Packers at Carolina Panthers', 'Cleveland Browns at Houston Texans'] with scores [('Washington Commanders at New York Jets', 100), ('Detroit Lions at Minnesota Vikings', 42), ('Cleveland Browns at Houston Texans', 42), ('Seattle Seahawks at Tennessee Titans', 41), ('Indianapolis Colts at Atlanta Falcons', 40), ('Green Bay Packers at Carolina Panthers', 39)]
2023-12-23 10:54:50,839 : packages.name_matcher.FuzzMatcher - INFO - 54 @ Commanders matched @ 0 for ['Commanders', 'Jets'] with scores [('Commanders', 100), ('Jets', 29)]
2023-12-23 10:54:50,841 : packages.name_matcher.FuzzMatcher - INFO - 54 @ Jets matched @ 1 for ['Commanders', 'Jets'] with scores [('Jets', 100), ('Commanders', 29)]
2023-12-23 10:54:50,965 : packages.name_matcher.FuzzMatcher - INFO - 54 @ Cleveland Cavaliers at Chicago Bulls matched @ 3 for ['Detroit Pistons at Brooklyn Nets', 'Memphis Grizzlies at Atlanta Hawks', 'Utah Jazz at Toronto Raptors', 'Cleveland Cavaliers at Chicago Bulls', 'Los Angeles Lakers at Oklahoma City Thunder', 'San Antonio Spurs at Dallas Mavericks', 'Portland Trail Blazers at Golden State Warriors'] with scores [('Cleveland Cavaliers at Chicago Bulls', 100), ('Los Angeles Lakers at Oklahoma City Thunder', 46), ('San Antonio Spurs at Dallas Mavericks', 44), ('Memphis Grizzlies at Atlanta Hawks', 43), ('Portland Trail Blazers at Golden State Warriors', 43), ('Detroit Pistons at Brooklyn Nets', 38), ('Utah Jazz at Toronto Raptors', 34)]
2023-12-23 10:54:50,967 : packages.name_matcher.FuzzMatcher - INFO - 54 @ Cavaliers matched @ 0 for ['Cavaliers', 'Bulls'] with scores [('Cavaliers', 100), ('Bulls', 29)]
2023-12-23 10:54:50,969 : packages.name_matcher.FuzzMatcher - INFO - 54 @ Bulls matched @ 1 for ['Cavaliers', 'Bulls'] with scores [('Bulls', 100), ('Cavaliers', 29)]
2023-12-23 10:54:51,225 : packages.name_matcher.FuzzMatcher - INFO - 54 @ Green Bay Packers at Carolina Panthers matched @ 4 for ['Indianapolis Colts at Atlanta Falcons', 'Seattle Seahawks at Tennessee Titans', 'Detroit Lions at Minnesota Vikings', 'Washington Commanders at New York Jets', 'Green Bay Packers at Carolina Panthers', 'Cleveland Browns at Houston Texans'] with scores [('Green Bay Packers at Carolina Panthers', 100), ('Cleveland Browns at Houston Texans', 47), ('Indianapolis Colts at Atlanta Falcons', 43), ('Seattle Seahawks at Tennessee Titans', 43), ('Detroit Lions at Minnesota Vikings', 42), ('Washington Commanders at New York Jets', 39)]
2023-12-23 10:54:51,227 : packages.name_matcher.FuzzMatcher - INFO - 54 @ Packers matched @ 0 for ['Packers', 'Panthers'] with scores [('Packers', 100), ('Panthers', 67)]
2023-12-23 10:54:51,228 : packages.name_matcher.FuzzMatcher - INFO - 54 @ Panthers matched @ 1 for ['Packers', 'Panthers'] with scores [('Panthers', 100), ('Packers', 67)]
2023-12-23 10:54:51,409 : packages.name_matcher.FuzzMatcher - INFO - 54 @ Los Angeles Lakers at Oklahoma City Thunder matched @ 4 for ['Detroit Pistons at Brooklyn Nets', 'Memphis Grizzlies at Atlanta Hawks', 'Utah Jazz at Toronto Raptors', 'Cleveland Cavaliers at Chicago Bulls', 'Los Angeles Lakers at Oklahoma City Thunder', 'San Antonio Spurs at Dallas Mavericks', 'Portland Trail Blazers at Golden State Warriors'] with scores [('Los Angeles Lakers at Oklahoma City Thunder', 100), ('Cleveland Cavaliers at Chicago Bulls', 46), ('San Antonio Spurs at Dallas Mavericks', 45), ('Memphis Grizzlies at Atlanta Hawks', 42), ('Utah Jazz at Toronto Raptors', 42), ('Portland Trail Blazers at Golden State Warriors', 40), ('Detroit Pistons at Brooklyn Nets', 37)]
2023-12-23 10:54:51,412 : packages.name_matcher.FuzzMatcher - INFO - 54 @ Lakers matched @ 0 for ['Lakers', 'Thunder'] with scores [('Lakers', 100), ('Thunder', 31)]
2023-12-23 10:54:51,413 : packages.name_matcher.FuzzMatcher - INFO - 54 @ Thunder matched @ 1 for ['Lakers', 'Thunder'] with scores [('Thunder', 100), ('Lakers', 31)]
2023-12-23 10:54:51,597 : packages.name_matcher.FuzzMatcher - INFO - 54 @ Cleveland Browns at Houston Texans matched @ 5 for ['Indianapolis Colts at Atlanta Falcons', 'Seattle Seahawks at Tennessee Titans', 'Detroit Lions at Minnesota Vikings', 'Washington Commanders at New York Jets', 'Green Bay Packers at Carolina Panthers', 'Cleveland Browns at Houston Texans'] with scores [('Cleveland Browns at Houston Texans', 100), ('Green Bay Packers at Carolina Panthers', 47), ('Seattle Seahawks at Tennessee Titans', 46), ('Detroit Lions at Minnesota Vikings', 44), ('Indianapolis Colts at Atlanta Falcons', 42), ('Washington Commanders at New York Jets', 42)]
2023-12-23 10:54:51,599 : packages.name_matcher.FuzzMatcher - INFO - 54 @ Browns matched @ 0 for ['Browns', 'Texans'] with scores [('Browns', 100), ('Texans', 33)]
2023-12-23 10:54:51,601 : packages.name_matcher.FuzzMatcher - INFO - 54 @ Texans matched @ 1 for ['Browns', 'Texans'] with scores [('Texans', 100), ('Browns', 33)]
2023-12-23 10:54:51,951 : packages.name_matcher.FuzzMatcher - INFO - 54 @ San Antonio Spurs at Dallas Mavericks matched @ 2 for ['Cleveland Cavaliers at Chicago Bulls', 'Los Angeles Lakers at Oklahoma City Thunder', 'San Antonio Spurs at Dallas Mavericks', 'Portland Trail Blazers at Golden State Warriors'] with scores [('San Antonio Spurs at Dallas Mavericks', 100), ('Los Angeles Lakers at Oklahoma City Thunder', 45), ('Cleveland Cavaliers at Chicago Bulls', 44), ('Portland Trail Blazers at Golden State Warriors', 43)]
2023-12-23 10:54:51,955 : packages.name_matcher.FuzzMatcher - INFO - 54 @ Spurs matched @ 0 for ['Spurs', 'Mavericks'] with scores [('Spurs', 100), ('Mavericks', 29)]
2023-12-23 10:54:51,957 : packages.name_matcher.FuzzMatcher - INFO - 54 @ Mavericks matched @ 1 for ['Spurs', 'Mavericks'] with scores [('Mavericks', 100), ('Spurs', 29)]
2023-12-23 10:54:52,104 : packages.name_matcher.FuzzMatcher - INFO - 54 @ Jacksonville Jaguars at Tampa Bay Buccaneers matched @ 0 for ['Jacksonville Jaguars at Tampa Bay Buccaneers', 'Arizona Cardinals at Chicago Bears', 'Dallas Cowboys at Miami Dolphins'] with scores [('Jacksonville Jaguars at Tampa Bay Buccaneers', 100), ('Arizona Cardinals at Chicago Bears', 41), ('Dallas Cowboys at Miami Dolphins', 39)]
2023-12-23 10:54:52,106 : packages.name_matcher.FuzzMatcher - INFO - 54 @ Jaguars matched @ 0 for ['Jaguars', 'Buccaneers'] with scores [('Jaguars', 100), ('Buccaneers', 47)]
2023-12-23 10:54:52,108 : packages.name_matcher.FuzzMatcher - INFO - 54 @ Buccaneers matched @ 1 for ['Jaguars', 'Buccaneers'] with scores [('Buccaneers', 100), ('Jaguars', 47)]
2023-12-23 10:54:52,245 : packages.name_matcher.FuzzMatcher - INFO - 54 @ Portland Trail Blazers at Golden State Warriors matched @ 3 for ['Cleveland Cavaliers at Chicago Bulls', 'Los Angeles Lakers at Oklahoma City Thunder', 'San Antonio Spurs at Dallas Mavericks', 'Portland Trail Blazers at Golden State Warriors'] with scores [('Portland Trail Blazers at Golden State Warriors', 100), ('Cleveland Cavaliers at Chicago Bulls', 43), ('San Antonio Spurs at Dallas Mavericks', 43), ('Los Angeles Lakers at Oklahoma City Thunder', 40)]
2023-12-23 10:54:52,248 : packages.name_matcher.FuzzMatcher - INFO - 54 @ Trail Blazers matched @ 0 for ['Trail Blazers', 'Warriors'] with scores [('Trail Blazers', 100), ('Warriors', 38)]
2023-12-23 10:54:52,249 : packages.name_matcher.FuzzMatcher - INFO - 54 @ Warriors matched @ 1 for ['Trail Blazers', 'Warriors'] with scores [('Warriors', 100), ('Trail Blazers', 38)]
2023-12-23 10:54:52,529 : packages.name_matcher.FuzzMatcher - INFO - 54 @ Arizona Cardinals at Chicago Bears matched @ 1 for ['Jacksonville Jaguars at Tampa Bay Buccaneers', 'Arizona Cardinals at Chicago Bears', 'Dallas Cowboys at Miami Dolphins'] with scores [('Arizona Cardinals at Chicago Bears', 100), ('Dallas Cowboys at Miami Dolphins', 45), ('Jacksonville Jaguars at Tampa Bay Buccaneers', 41)]
2023-12-23 10:54:52,530 : packages.name_matcher.FuzzMatcher - INFO - 54 @ Cardinals matched @ 0 for ['Cardinals', 'Bears'] with scores [('Cardinals', 100), ('Bears', 43)]
2023-12-23 10:54:52,531 : packages.name_matcher.FuzzMatcher - INFO - 54 @ Bears matched @ 1 for ['Cardinals', 'Bears'] with scores [('Bears', 100), ('Cardinals', 43)]
2023-12-23 10:54:52,643 : packages.name_matcher.FuzzMatcher - INFO - 54 @ Minnesota Timberwolves at Sacramento Kings matched @ 0 for ['Minnesota Timberwolves at Sacramento Kings'] with scores [('Minnesota Timberwolves at Sacramento Kings', 100)]
2023-12-23 10:54:52,644 : packages.name_matcher.FuzzMatcher - INFO - 54 @ Timberwolves matched @ 0 for ['Timberwolves', 'Kings'] with scores [('Timberwolves', 100), ('Kings', 24)]
2023-12-23 10:54:52,646 : packages.name_matcher.FuzzMatcher - INFO - 54 @ Kings matched @ 1 for ['Timberwolves', 'Kings'] with scores [('Kings', 100), ('Timberwolves', 24)]
2023-12-23 10:54:53,020 : packages.name_matcher.FuzzMatcher - INFO - 54 @ Dallas Cowboys at Miami Dolphins matched @ 2 for ['Jacksonville Jaguars at Tampa Bay Buccaneers', 'Arizona Cardinals at Chicago Bears', 'Dallas Cowboys at Miami Dolphins'] with scores [('Dallas Cowboys at Miami Dolphins', 100), ('Arizona Cardinals at Chicago Bears', 45), ('Jacksonville Jaguars at Tampa Bay Buccaneers', 39)]
2023-12-23 10:54:53,023 : packages.name_matcher.FuzzMatcher - INFO - 54 @ Cowboys matched @ 0 for ['Cowboys', 'Dolphins'] with scores [('Cowboys', 100), ('Dolphins', 27)]
2023-12-23 10:54:53,024 : packages.name_matcher.FuzzMatcher - INFO - 54 @ Dolphins matched @ 1 for ['Cowboys', 'Dolphins'] with scores [('Dolphins', 100), ('Cowboys', 27)]
2023-12-23 10:54:53,696 : packages.name_matcher.FuzzMatcher - INFO - 54 @ New England Patriots at Denver Broncos matched @ 0 for ['New England Patriots at Denver Broncos'] with scores [('New England Patriots at Denver Broncos', 100)]
2023-12-23 10:54:53,699 : packages.name_matcher.FuzzMatcher - INFO - 54 @ Patriots matched @ 0 for ['Patriots', 'Broncos'] with scores [('Patriots', 100), ('Broncos', 40)]
2023-12-23 10:54:53,700 : packages.name_matcher.FuzzMatcher - INFO - 54 @ Broncos matched @ 1 for ['Patriots', 'Broncos'] with scores [('Broncos', 100), ('Patriots', 40)]
2023-12-23 10:54:54,232 : packages.name_matcher.FuzzMatcher - INFO - 54 @ Las Vegas Raiders at Kansas City Chiefs matched @ 0 for ['Las Vegas Raiders at Kansas City Chiefs'] with scores [('Las Vegas Raiders at Kansas City Chiefs', 100)]
2023-12-23 10:54:54,234 : packages.name_matcher.FuzzMatcher - INFO - 54 @ Raiders matched @ 0 for ['Raiders', 'Chiefs'] with scores [('Raiders', 100), ('Chiefs', 46)]
2023-12-23 10:54:54,236 : packages.name_matcher.FuzzMatcher - INFO - 54 @ Chiefs matched @ 1 for ['Raiders', 'Chiefs'] with scores [('Chiefs', 100), ('Raiders', 46)]
2023-12-23 10:54:54,791 : packages.name_matcher.FuzzMatcher - INFO - 54 @ New York Giants at Philadelphia Eagles matched @ 0 for ['New York Giants at Philadelphia Eagles'] with scores [('New York Giants at Philadelphia Eagles', 100)]
2023-12-23 10:54:54,793 : packages.name_matcher.FuzzMatcher - INFO - 54 @ Giants matched @ 0 for ['Giants', 'Eagles'] with scores [('Giants', 100), ('Eagles', 33)]
2023-12-23 10:54:54,793 : packages.name_matcher.FuzzMatcher - INFO - 54 @ Eagles matched @ 1 for ['Giants', 'Eagles'] with scores [('Eagles', 100), ('Giants', 33)]
2023-12-23 10:54:55,517 : packages.name_matcher.FuzzMatcher - INFO - 54 @ Baltimore Ravens at San Francisco 49ers matched @ 0 for ['Baltimore Ravens at San Francisco 49ers'] with scores [('Baltimore Ravens at San Francisco 49ers', 100)]
2023-12-23 10:54:55,518 : packages.name_matcher.FuzzMatcher - INFO - 54 @ Ravens matched @ 0 for ['Ravens', '49ers'] with scores [('Ravens', 100), ('49ers', 36)]
2023-12-23 10:54:55,520 : packages.name_matcher.FuzzMatcher - INFO - 54 @ 49ers matched @ 1 for ['Ravens', '49ers'] with scores [('49ers', 100), ('Ravens', 36)]
2023-12-23 10:54:55,996 : packages.name_matcher.FuzzMatcher - INFO - 54 @ NFL 2023/2024 – Season Specials matched @ 0 for ['NFL 2023/2024 – Season Specials'] with scores [('NFL 2023/2024 – Season Specials', 100)]
