DEBUG:urllib3.connectionpool:Starting new HTTPS connection (1): www.bovada.lv:443
DEBUG:urllib3.connectionpool:Starting new HTTPS connection (1): sports.mi.foxbet.com:443
DEBUG:urllib3.connectionpool:https://sports.mi.foxbet.com:443 "GET /sportsbook/v1/api/getCompetitionsForDay?sport=SOCCER&date=2023-07-10&count=6&utcOffset=-5&locale=en-us&channelId=20&siteId=536870916 HTTP/1.1" 200 6703
DEBUG:urllib3.connectionpool:Starting new HTTPS connection (1): sports.mi.foxbet.com:443
DEBUG:urllib3.connectionpool:https://www.bovada.lv:443 "GET /services/sports/event/coupon/events/A/description/soccer?marketFilterId=def&eventsLimit=50&lang=en HTTP/1.1" 200 None
DEBUG:urllib3.connectionpool:Starting new HTTPS connection (1): www.bovada.lv:443
DEBUG:urllib3.connectionpool:https://sports.mi.foxbet.com:443 "GET /sportsbook/v1/api/getCompetitionsForDay?sport=SOCCER&date=2023-07-11&count=6&utcOffset=-5&locale=en-us&channelId=20&siteId=536870916 HTTP/1.1" 200 18591
DEBUG:urllib3.connectionpool:Starting new HTTPS connection (1): sports.mi.foxbet.com:443
DEBUG:urllib3.connectionpool:https://www.bovada.lv:443 "GET /services/sports/event/coupon/events/A/description/soccer/north-america/united-states/mls/ny-red-bulls-fc-cincinnati-202307121930 HTTP/1.1" 200 None
DEBUG:urllib3.connectionpool:Starting new HTTPS connection (1): www.bovada.lv:443
DEBUG:urllib3.connectionpool:https://sports.mi.foxbet.com:443 "GET /sportsbook/v1/api/getCompetitionsForDay?sport=SOCCER&date=2023-07-12&count=6&utcOffset=-5&locale=en-us&channelId=20&siteId=536870916 HTTP/1.1" 200 27817
DEBUG:urllib3.connectionpool:Starting new HTTPS connection (1): sports.mi.foxbet.com:443
DEBUG:urllib3.connectionpool:https://www.bovada.lv:443 "GET /services/sports/event/coupon/events/A/description/soccer/north-america/united-states/mls/new-england-revolution-atlanta-united-202307121930 HTTP/1.1" 200 None
DEBUG:urllib3.connectionpool:Starting new HTTPS connection (1): www.bovada.lv:443
DEBUG:urllib3.connectionpool:https://sports.mi.foxbet.com:443 "GET /sportsbook/v1/api/getEvent?eventId=9560766&marketTypes=SOCCER%3AFT%3AAXB,SOCCER%3AFT%3AOU,SOCCER%3AFT%3ABTS&channelId=20&locale=en-us&siteId=536870916 HTTP/1.1" 200 1531
DEBUG:urllib3.connectionpool:Starting new HTTPS connection (1): sports.mi.foxbet.com:443
DEBUG:urllib3.connectionpool:https://sports.mi.foxbet.com:443 "GET /sportsbook/v1/api/getEvent?eventId=9560444&marketTypes=SOCCER%3AFT%3AAXB,SOCCER%3AFT%3AOU,SOCCER%3AFT%3ABTS&channelId=20&locale=en-us&siteId=536870916 HTTP/1.1" 200 1540
DEBUG:urllib3.connectionpool:Starting new HTTPS connection (1): sports.mi.foxbet.com:443
DEBUG:urllib3.connectionpool:https://www.bovada.lv:443 "GET /services/sports/event/coupon/events/A/description/soccer/north-america/united-states/mls/chicago-fire-cf-montreal-202307122030 HTTP/1.1" 200 None
DEBUG:urllib3.connectionpool:Starting new HTTPS connection (1): www.bovada.lv:443
DEBUG:urllib3.connectionpool:https://sports.mi.foxbet.com:443 "GET /sportsbook/v1/api/getEvent?eventId=9560446&marketTypes=SOCCER%3AFT%3AAXB,SOCCER%3AFT%3AOU,SOCCER%3AFT%3ABTS&channelId=20&locale=en-us&siteId=536870916 HTTP/1.1" 200 1525
DEBUG:urllib3.connectionpool:Starting new HTTPS connection (1): sports.mi.foxbet.com:443
DEBUG:urllib3.connectionpool:https://www.bovada.lv:443 "GET /services/sports/event/coupon/events/A/description/soccer/north-america/united-states/mls/houston-dynamo-minnesota-united-202307122030 HTTP/1.1" 200 None
DEBUG:urllib3.connectionpool:https://sports.mi.foxbet.com:443 "GET /sportsbook/v1/api/getEvent?eventId=9560680&marketTypes=SOCCER%3AFT%3AAXB,SOCCER%3AFT%3AOU,SOCCER%3AFT%3ABTS&channelId=20&locale=en-us&siteId=536870916 HTTP/1.1" 200 1532
DEBUG:urllib3.connectionpool:Starting new HTTPS connection (1): www.bovada.lv:443
DEBUG:urllib3.connectionpool:Starting new HTTPS connection (1): sports.mi.foxbet.com:443
DEBUG:urllib3.connectionpool:https://sports.mi.foxbet.com:443 "GET /sportsbook/v1/api/getEvent?eventId=9561562&marketTypes=SOCCER%3AFT%3AAXB,SOCCER%3AFT%3AOU,SOCCER%3AFT%3ABTS&channelId=20&locale=en-us&siteId=536870916 HTTP/1.1" 200 1570
DEBUG:urllib3.connectionpool:Starting new HTTPS connection (1): sports.mi.foxbet.com:443
DEBUG:urllib3.connectionpool:https://www.bovada.lv:443 "GET /services/sports/event/coupon/events/A/description/soccer/north-america/united-states/mls/nashville-sc-philadelphia-union-202307122030 HTTP/1.1" 200 None
DEBUG:urllib3.connectionpool:Starting new HTTPS connection (1): www.bovada.lv:443
DEBUG:urllib3.connectionpool:https://sports.mi.foxbet.com:443 "GET /sportsbook/v1/api/getEvent?eventId=9561566&marketTypes=SOCCER%3AFT%3AAXB,SOCCER%3AFT%3AOU,SOCCER%3AFT%3ABTS&channelId=20&locale=en-us&siteId=536870916 HTTP/1.1" 200 1582
DEBUG:urllib3.connectionpool:Starting new HTTPS connection (1): sports.mi.foxbet.com:443
DEBUG:urllib3.connectionpool:https://sports.mi.foxbet.com:443 "GET /sportsbook/v1/api/getEvent?eventId=9561608&marketTypes=SOCCER%3AFT%3AAXB,SOCCER%3AFT%3AOU,SOCCER%3AFT%3ABTS&channelId=20&locale=en-us&siteId=536870916 HTTP/1.1" 200 1566
DEBUG:urllib3.connectionpool:Starting new HTTPS connection (1): sports.mi.foxbet.com:443
DEBUG:urllib3.connectionpool:https://www.bovada.lv:443 "GET /services/sports/event/coupon/events/A/description/soccer/north-america/united-states/mls/sporting-kansas-city-real-salt-lake-202307122030 HTTP/1.1" 200 None
DEBUG:urllib3.connectionpool:Starting new HTTPS connection (1): www.bovada.lv:443
DEBUG:urllib3.connectionpool:https://sports.mi.foxbet.com:443 "GET /sportsbook/v1/api/getEvent?eventId=9561722&marketTypes=SOCCER%3AFT%3AAXB,SOCCER%3AFT%3AOU,SOCCER%3AFT%3ABTS&channelId=20&locale=en-us&siteId=536870916 HTTP/1.1" 200 1589
DEBUG:urllib3.connectionpool:Starting new HTTPS connection (1): sports.mi.foxbet.com:443
DEBUG:urllib3.connectionpool:https://sports.mi.foxbet.com:443 "GET /sportsbook/v1/api/getEvent?eventId=9561718&marketTypes=SOCCER%3AFT%3AAXB,SOCCER%3AFT%3AOU,SOCCER%3AFT%3ABTS&channelId=20&locale=en-us&siteId=536870916 HTTP/1.1" 200 1558
DEBUG:urllib3.connectionpool:Starting new HTTPS connection (1): sports.mi.foxbet.com:443
DEBUG:urllib3.connectionpool:https://www.bovada.lv:443 "GET /services/sports/event/coupon/events/A/description/soccer/north-america/united-states/mls/los-angeles-fc-saint-louis-city-sc-202307122230 HTTP/1.1" 200 None
DEBUG:urllib3.connectionpool:Starting new HTTPS connection (1): www.bovada.lv:443
DEBUG:urllib3.connectionpool:https://sports.mi.foxbet.com:443 "GET /sportsbook/v1/api/getEvent?eventId=9561720&marketTypes=SOCCER%3AFT%3AAXB,SOCCER%3AFT%3AOU,SOCCER%3AFT%3ABTS&channelId=20&locale=en-us&siteId=536870916 HTTP/1.1" 200 1589
DEBUG:urllib3.connectionpool:Starting new HTTPS connection (1): sports.mi.foxbet.com:443
DEBUG:urllib3.connectionpool:https://www.bovada.lv:443 "GET /services/sports/event/coupon/events/A/description/soccer/north-america/united-states/mls/san-jose-earthquakes-seattle-sounders-202307122230 HTTP/1.1" 200 None
DEBUG:urllib3.connectionpool:https://sports.mi.foxbet.com:443 "GET /sportsbook/v1/api/getEvent?eventId=9561796&marketTypes=SOCCER%3AFT%3AAXB,SOCCER%3AFT%3AOU,SOCCER%3AFT%3ABTS&channelId=20&locale=en-us&siteId=536870916 HTTP/1.1" 200 1576
DEBUG:urllib3.connectionpool:Starting new HTTPS connection (1): www.bovada.lv:443
DEBUG:urllib3.connectionpool:Starting new HTTPS connection (1): sports.mi.foxbet.com:443
DEBUG:urllib3.connectionpool:https://sports.mi.foxbet.com:443 "GET /sportsbook/v1/api/getEvent?eventId=9561656&marketTypes=SOCCER%3AFT%3AAXB,SOCCER%3AFT%3AOU,SOCCER%3AFT%3ABTS&channelId=20&locale=en-us&siteId=536870916 HTTP/1.1" 200 1591
DEBUG:urllib3.connectionpool:Starting new HTTPS connection (1): sports.mi.foxbet.com:443
DEBUG:urllib3.connectionpool:https://www.bovada.lv:443 "GET /services/sports/event/coupon/events/A/description/soccer/north-america/united-states/mls/vancouver-whitecaps-austin-fc-202307122230 HTTP/1.1" 200 None
DEBUG:urllib3.connectionpool:Starting new HTTPS connection (1): www.bovada.lv:443
DEBUG:urllib3.connectionpool:https://sports.mi.foxbet.com:443 "GET /sportsbook/v1/api/getEvent?eventId=9561798&marketTypes=SOCCER%3AFT%3AAXB,SOCCER%3AFT%3AOU,SOCCER%3AFT%3ABTS&channelId=20&locale=en-us&siteId=536870916 HTTP/1.1" 200 1582
DEBUG:urllib3.connectionpool:Starting new HTTPS connection (1): sports.mi.foxbet.com:443
DEBUG:urllib3.connectionpool:https://sports.mi.foxbet.com:443 "GET /sportsbook/v1/api/getEvent?eventId=9567758&marketTypes=SOCCER%3AFT%3AAXB,SOCCER%3AFT%3AOU,SOCCER%3AFT%3ABTS&channelId=20&locale=en-us&siteId=536870916 HTTP/1.1" 200 1561
DEBUG:urllib3.connectionpool:Starting new HTTPS connection (1): sports.mi.foxbet.com:443
DEBUG:urllib3.connectionpool:https://www.bovada.lv:443 "GET /services/sports/event/coupon/events/A/description/soccer/north-america/united-states/mls/portland-timbers-columbus-crew-202307152230 HTTP/1.1" 200 None
DEBUG:urllib3.connectionpool:Starting new HTTPS connection (1): www.bovada.lv:443
DEBUG:urllib3.connectionpool:https://sports.mi.foxbet.com:443 "GET /sportsbook/v1/api/getEvent?eventId=9561260&marketTypes=SOCCER%3AFT%3AAXB,SOCCER%3AFT%3AOU,SOCCER%3AFT%3ABTS&channelId=20&locale=en-us&siteId=536870916 HTTP/1.1" 200 1539
DEBUG:urllib3.connectionpool:Starting new HTTPS connection (1): sports.mi.foxbet.com:443
DEBUG:urllib3.connectionpool:https://sports.mi.foxbet.com:443 "GET /sportsbook/v1/api/getEvent?eventId=9561258&marketTypes=SOCCER%3AFT%3AAXB,SOCCER%3AFT%3AOU,SOCCER%3AFT%3ABTS&channelId=20&locale=en-us&siteId=536870916 HTTP/1.1" 200 1550
DEBUG:urllib3.connectionpool:https://www.bovada.lv:443 "GET /services/sports/event/coupon/events/A/description/soccer/europe/france/ligue-1/brest-lens-202308130900 HTTP/1.1" 200 None
DEBUG:urllib3.connectionpool:Starting new HTTPS connection (1): www.bovada.lv:443
DEBUG:urllib3.connectionpool:Starting new HTTPS connection (1): sports.mi.foxbet.com:443
DEBUG:urllib3.connectionpool:https://sports.mi.foxbet.com:443 "GET /sportsbook/v1/api/getEvent?eventId=9561256&marketTypes=SOCCER%3AFT%3AAXB,SOCCER%3AFT%3AOU,SOCCER%3AFT%3ABTS&channelId=20&locale=en-us&siteId=536870916 HTTP/1.1" 200 1523
DEBUG:urllib3.connectionpool:Starting new HTTPS connection (1): sports.mi.foxbet.com:443
DEBUG:urllib3.connectionpool:https://www.bovada.lv:443 "GET /services/sports/event/coupon/events/A/description/soccer/europe/france/ligue-1/clermont-foot-monaco-202308130900 HTTP/1.1" 200 None
DEBUG:urllib3.connectionpool:Starting new HTTPS connection (1): www.bovada.lv:443
DEBUG:urllib3.connectionpool:https://sports.mi.foxbet.com:443 "GET /sportsbook/v1/api/getEvent?eventId=9563272&marketTypes=SOCCER%3AFT%3AAXB,SOCCER%3AFT%3AOU,SOCCER%3AFT%3ABTS&channelId=20&locale=en-us&siteId=536870916 HTTP/1.1" 200 1560
DEBUG:urllib3.connectionpool:Starting new HTTPS connection (1): sports.mi.foxbet.com:443
DEBUG:urllib3.connectionpool:https://sports.mi.foxbet.com:443 "GET /sportsbook/v1/api/getEvent?eventId=9563274&marketTypes=SOCCER%3AFT%3AAXB,SOCCER%3AFT%3AOU,SOCCER%3AFT%3ABTS&channelId=20&locale=en-us&siteId=536870916 HTTP/1.1" 200 1569
DEBUG:urllib3.connectionpool:Starting new HTTPS connection (1): sports.mi.foxbet.com:443
DEBUG:urllib3.connectionpool:https://www.bovada.lv:443 "GET /services/sports/event/coupon/events/A/description/soccer/europe/france/ligue-1/marseille-reims-202308130900 HTTP/1.1" 200 None
DEBUG:urllib3.connectionpool:Starting new HTTPS connection (1): www.bovada.lv:443
DEBUG:urllib3.connectionpool:https://sports.mi.foxbet.com:443 "GET /sportsbook/v1/api/getEvent?eventId=9563318&marketTypes=SOCCER%3AFT%3AAXB,SOCCER%3AFT%3AOU,SOCCER%3AFT%3ABTS&channelId=20&locale=en-us&siteId=536870916 HTTP/1.1" 200 1588
DEBUG:urllib3.connectionpool:Starting new HTTPS connection (1): sports.mi.foxbet.com:443
DEBUG:urllib3.connectionpool:https://sports.mi.foxbet.com:443 "GET /sportsbook/v1/api/getEvent?eventId=9563320&marketTypes=SOCCER%3AFT%3AAXB,SOCCER%3AFT%3AOU,SOCCER%3AFT%3ABTS&channelId=20&locale=en-us&siteId=536870916 HTTP/1.1" 200 1569
DEBUG:urllib3.connectionpool:https://www.bovada.lv:443 "GET /services/sports/event/coupon/events/A/description/soccer/europe/france/ligue-1/montpellier-le-havre-202308130900 HTTP/1.1" 200 None
DEBUG:urllib3.connectionpool:Starting new HTTPS connection (1): sports.mi.foxbet.com:443
DEBUG:urllib3.connectionpool:Starting new HTTPS connection (1): www.bovada.lv:443
DEBUG:urllib3.connectionpool:https://sports.mi.foxbet.com:443 "GET /sportsbook/v1/api/getEvent?eventId=9563324&marketTypes=SOCCER%3AFT%3AAXB,SOCCER%3AFT%3AOU,SOCCER%3AFT%3ABTS&channelId=20&locale=en-us&siteId=536870916 HTTP/1.1" 200 1567
DEBUG:urllib3.connectionpool:Starting new HTTPS connection (1): sports.mi.foxbet.com:443
DEBUG:urllib3.connectionpool:https://www.bovada.lv:443 "GET /services/sports/event/coupon/events/A/description/soccer/europe/france/ligue-1/nantes-toulouse-202308130900 HTTP/1.1" 200 None
DEBUG:urllib3.connectionpool:Starting new HTTPS connection (1): www.bovada.lv:443
DEBUG:urllib3.connectionpool:https://sports.mi.foxbet.com:443 "GET /sportsbook/v1/api/getEvent?eventId=9563322&marketTypes=SOCCER%3AFT%3AAXB,SOCCER%3AFT%3AOU,SOCCER%3AFT%3ABTS&channelId=20&locale=en-us&siteId=536870916 HTTP/1.1" 200 1566
DEBUG:urllib3.connectionpool:Starting new HTTPS connection (1): sports.mi.foxbet.com:443
DEBUG:urllib3.connectionpool:https://sports.mi.foxbet.com:443 "GET /sportsbook/v1/api/getEvent?eventId=9563420&marketTypes=SOCCER%3AFT%3AAXB,SOCCER%3AFT%3AOU,SOCCER%3AFT%3ABTS&channelId=20&locale=en-us&siteId=536870916 HTTP/1.1" 200 1561
DEBUG:urllib3.connectionpool:Starting new HTTPS connection (1): sports.mi.foxbet.com:443
DEBUG:urllib3.connectionpool:https://www.bovada.lv:443 "GET /services/sports/event/coupon/events/A/description/soccer/europe/france/ligue-1/nice-lille-202308130900 HTTP/1.1" 200 None
DEBUG:urllib3.connectionpool:Starting new HTTPS connection (1): www.bovada.lv:443
DEBUG:urllib3.connectionpool:https://sports.mi.foxbet.com:443 "GET /sportsbook/v1/api/getEvent?eventId=9563416&marketTypes=SOCCER%3AFT%3AAXB,SOCCER%3AFT%3AOU,SOCCER%3AFT%3ABTS&channelId=20&locale=en-us&siteId=536870916 HTTP/1.1" 200 1576
DEBUG:urllib3.connectionpool:Starting new HTTPS connection (1): sports.mi.foxbet.com:443
DEBUG:urllib3.connectionpool:https://sports.mi.foxbet.com:443 "GET /sportsbook/v1/api/getEvent?eventId=9563418&marketTypes=SOCCER%3AFT%3AAXB,SOCCER%3AFT%3AOU,SOCCER%3AFT%3ABTS&channelId=20&locale=en-us&siteId=536870916 HTTP/1.1" 200 1573
DEBUG:urllib3.connectionpool:https://www.bovada.lv:443 "GET /services/sports/event/coupon/events/A/description/soccer/europe/france/ligue-1/paris-saint-germain-lorient-202308130900 HTTP/1.1" 200 None
DEBUG:urllib3.connectionpool:Starting new HTTPS connection (1): www.bovada.lv:443
DEBUG:urllib3.connectionpool:Starting new HTTPS connection (1): sports.mi.foxbet.com:443
DEBUG:urllib3.connectionpool:https://sports.mi.foxbet.com:443 "GET /sportsbook/v1/api/getEvent?eventId=9562840&marketTypes=SOCCER%3AFT%3AAXB,SOCCER%3AFT%3AOU,SOCCER%3AFT%3ABTS&channelId=20&locale=en-us&siteId=536870916 HTTP/1.1" 200 1538
DEBUG:urllib3.connectionpool:Starting new HTTPS connection (1): sports.mi.foxbet.com:443
DEBUG:urllib3.connectionpool:https://www.bovada.lv:443 "GET /services/sports/event/coupon/events/A/description/soccer/europe/france/ligue-1/rennes-metz-202308130900 HTTP/1.1" 200 None
DEBUG:urllib3.connectionpool:Starting new HTTPS connection (1): www.bovada.lv:443
DEBUG:urllib3.connectionpool:https://sports.mi.foxbet.com:443 "GET /sportsbook/v1/api/getEvent?eventId=9563022&marketTypes=SOCCER%3AFT%3AAXB,SOCCER%3AFT%3AOU,SOCCER%3AFT%3ABTS&channelId=20&locale=en-us&siteId=536870916 HTTP/1.1" 200 1574
DEBUG:urllib3.connectionpool:Starting new HTTPS connection (1): sports.mi.foxbet.com:443
DEBUG:urllib3.connectionpool:https://sports.mi.foxbet.com:443 "GET /sportsbook/v1/api/getEvent?eventId=9563050&marketTypes=SOCCER%3AFT%3AAXB,SOCCER%3AFT%3AOU,SOCCER%3AFT%3ABTS&channelId=20&locale=en-us&siteId=536870916 HTTP/1.1" 200 1557
DEBUG:urllib3.connectionpool:Starting new HTTPS connection (1): sports.mi.foxbet.com:443
DEBUG:urllib3.connectionpool:https://www.bovada.lv:443 "GET /services/sports/event/coupon/events/A/description/soccer/europe/france/ligue-1/strasbourg-lyon-202308130900 HTTP/1.1" 200 None
DEBUG:urllib3.connectionpool:Starting new HTTPS connection (1): www.bovada.lv:443
DEBUG:urllib3.connectionpool:https://sports.mi.foxbet.com:443 "GET /sportsbook/v1/api/getEvent?eventId=9563084&marketTypes=SOCCER%3AFT%3AAXB,SOCCER%3AFT%3AOU,SOCCER%3AFT%3ABTS&channelId=20&locale=en-us&siteId=536870916 HTTP/1.1" 200 1579
DEBUG:urllib3.connectionpool:Starting new HTTPS connection (1): sports.mi.foxbet.com:443
DEBUG:urllib3.connectionpool:https://www.bovada.lv:443 "GET /services/sports/event/coupon/events/A/description/soccer/europe/italy/serie-a/as-roma-salernitana-202308201230 HTTP/1.1" 200 None
DEBUG:urllib3.connectionpool:Starting new HTTPS connection (1): www.bovada.lv:443
DEBUG:urllib3.connectionpool:https://sports.mi.foxbet.com:443 "GET /sportsbook/v1/api/getEvent?eventId=9563146&marketTypes=SOCCER%3AFT%3AAXB,SOCCER%3AFT%3AOU,SOCCER%3AFT%3ABTS&channelId=20&locale=en-us&siteId=536870916 HTTP/1.1" 200 1592
DEBUG:urllib3.connectionpool:Starting new HTTPS connection (1): sports.mi.foxbet.com:443
DEBUG:urllib3.connectionpool:https://sports.mi.foxbet.com:443 "GET /sportsbook/v1/api/getEvent?eventId=9562646&marketTypes=SOCCER%3AFT%3AAXB,SOCCER%3AFT%3AOU,SOCCER%3AFT%3ABTS&channelId=20&locale=en-us&siteId=536870916 HTTP/1.1" 200 1570
DEBUG:urllib3.connectionpool:Starting new HTTPS connection (1): sports.mi.foxbet.com:443
DEBUG:urllib3.connectionpool:https://www.bovada.lv:443 "GET /services/sports/event/coupon/events/A/description/soccer/europe/italy/serie-a/bologna-ac-milan-202308201230 HTTP/1.1" 200 None
DEBUG:urllib3.connectionpool:Starting new HTTPS connection (1): www.bovada.lv:443
DEBUG:urllib3.connectionpool:https://sports.mi.foxbet.com:443 "GET /sportsbook/v1/api/getEvent?eventId=9562644&marketTypes=SOCCER%3AFT%3AAXB,SOCCER%3AFT%3AOU,SOCCER%3AFT%3ABTS&channelId=20&locale=en-us&siteId=536870916 HTTP/1.1" 200 1544
DEBUG:urllib3.connectionpool:Starting new HTTPS connection (1): sports.mi.foxbet.com:443
DEBUG:urllib3.connectionpool:https://www.bovada.lv:443 "GET /services/sports/event/coupon/events/A/description/soccer/europe/italy/serie-a/empoli-hellas-verona-202308201230 HTTP/1.1" 200 None
DEBUG:urllib3.connectionpool:Starting new HTTPS connection (1): www.bovada.lv:443
DEBUG:urllib3.connectionpool:https://sports.mi.foxbet.com:443 "GET /sportsbook/v1/api/getEvent?eventId=9562648&marketTypes=SOCCER%3AFT%3AAXB,SOCCER%3AFT%3AOU,SOCCER%3AFT%3ABTS&channelId=20&locale=en-us&siteId=536870916 HTTP/1.1" 200 1526
DEBUG:urllib3.connectionpool:Starting new HTTPS connection (1): sports.mi.foxbet.com:443
DEBUG:urllib3.connectionpool:https://sports.mi.foxbet.com:443 "GET /sportsbook/v1/api/getEvent?eventId=9562640&marketTypes=SOCCER%3AFT%3AAXB,SOCCER%3AFT%3AOU,SOCCER%3AFT%3ABTS&channelId=20&locale=en-us&siteId=536870916 HTTP/1.1" 200 1561
DEBUG:urllib3.connectionpool:Starting new HTTPS connection (1): sports.mi.foxbet.com:443
DEBUG:urllib3.connectionpool:https://www.bovada.lv:443 "GET /services/sports/event/coupon/events/A/description/soccer/europe/italy/serie-a/frosinone-napoli-202308201230 HTTP/1.1" 200 None
DEBUG:urllib3.connectionpool:Starting new HTTPS connection (1): www.bovada.lv:443
DEBUG:urllib3.connectionpool:https://sports.mi.foxbet.com:443 "GET /sportsbook/v1/api/getEvent?eventId=9562642&marketTypes=SOCCER%3AFT%3AAXB,SOCCER%3AFT%3AOU,SOCCER%3AFT%3ABTS&channelId=20&locale=en-us&siteId=536870916 HTTP/1.1" 200 1550
DEBUG:urllib3.connectionpool:Starting new HTTPS connection (1): sports.mi.foxbet.com:443
DEBUG:urllib3.connectionpool:https://www.bovada.lv:443 "GET /services/sports/event/coupon/events/A/description/soccer/europe/italy/serie-a/genoa-fiorentina-202308201230 HTTP/1.1" 200 None
DEBUG:urllib3.connectionpool:https://sports.mi.foxbet.com:443 "GET /sportsbook/v1/api/getEvent?eventId=9573758&marketTypes=SOCCER%3AFT%3AAXB,SOCCER%3AFT%3AOU,SOCCER%3AFT%3ABTS&channelId=20&locale=en-us&siteId=536870916 HTTP/1.1" 200 1494
DEBUG:urllib3.connectionpool:Starting new HTTPS connection (1): www.bovada.lv:443
DEBUG:urllib3.connectionpool:https://www.bovada.lv:443 "GET /services/sports/event/coupon/events/A/description/soccer/europe/italy/serie-a/inter-milan-monza-202308201230 HTTP/1.1" 200 None
DEBUG:urllib3.connectionpool:Starting new HTTPS connection (1): www.bovada.lv:443
DEBUG:urllib3.connectionpool:https://www.bovada.lv:443 "GET /services/sports/event/coupon/events/A/description/soccer/europe/italy/serie-a/lecce-lazio-202308201230 HTTP/1.1" 200 None
DEBUG:urllib3.connectionpool:Starting new HTTPS connection (1): www.bovada.lv:443
DEBUG:urllib3.connectionpool:https://www.bovada.lv:443 "GET /services/sports/event/coupon/events/A/description/soccer/europe/italy/serie-a/sassuolo-atalanta-202308201230 HTTP/1.1" 200 None
DEBUG:urllib3.connectionpool:Starting new HTTPS connection (1): www.bovada.lv:443
DEBUG:urllib3.connectionpool:https://www.bovada.lv:443 "GET /services/sports/event/coupon/events/A/description/soccer/europe/italy/serie-a/torino-cagliari-202308201230 HTTP/1.1" 200 None
DEBUG:urllib3.connectionpool:Starting new HTTPS connection (1): www.bovada.lv:443
DEBUG:urllib3.connectionpool:https://www.bovada.lv:443 "GET /services/sports/event/coupon/events/A/description/soccer/europe/italy/serie-a/udinese-juventus-202308201230 HTTP/1.1" 200 None
DEBUG:urllib3.connectionpool:Starting new HTTPS connection (1): www.bovada.lv:443
DEBUG:urllib3.connectionpool:https://www.bovada.lv:443 "GET /services/sports/event/coupon/events/A/description/soccer/europe/spain/la-liga/almeria-rayo-vallecano-202308131500 HTTP/1.1" 200 None
DEBUG:urllib3.connectionpool:Starting new HTTPS connection (1): www.bovada.lv:443
DEBUG:urllib3.connectionpool:https://www.bovada.lv:443 "GET /services/sports/event/coupon/events/A/description/soccer/europe/spain/la-liga/athletic-bilbao-real-madrid-202308131500 HTTP/1.1" 200 None
DEBUG:urllib3.connectionpool:Starting new HTTPS connection (1): www.bovada.lv:443
DEBUG:urllib3.connectionpool:https://www.bovada.lv:443 "GET /services/sports/event/coupon/events/A/description/soccer/europe/spain/la-liga/atletico-madrid-granada-202308131500 HTTP/1.1" 200 None
DEBUG:urllib3.connectionpool:Starting new HTTPS connection (1): www.bovada.lv:443
DEBUG:urllib3.connectionpool:https://www.bovada.lv:443 "GET /services/sports/event/coupon/events/A/description/soccer/europe/spain/la-liga/celta-de-vigo-osasuna-202308131500 HTTP/1.1" 200 None
DEBUG:urllib3.connectionpool:Starting new HTTPS connection (1): www.bovada.lv:443
DEBUG:urllib3.connectionpool:https://www.bovada.lv:443 "GET /services/sports/event/coupon/events/A/description/soccer/europe/spain/la-liga/cadiz-alaves-202308131500 HTTP/1.1" 200 None
DEBUG:urllib3.connectionpool:Starting new HTTPS connection (1): www.bovada.lv:443
DEBUG:urllib3.connectionpool:https://www.bovada.lv:443 "GET /services/sports/event/coupon/events/A/description/soccer/europe/spain/la-liga/getafe-fc-barcelona-202308131500 HTTP/1.1" 200 None
DEBUG:urllib3.connectionpool:Starting new HTTPS connection (1): www.bovada.lv:443
DEBUG:urllib3.connectionpool:https://www.bovada.lv:443 "GET /services/sports/event/coupon/events/A/description/soccer/europe/spain/la-liga/las-palmas-mallorca-202308131500 HTTP/1.1" 200 None
DEBUG:urllib3.connectionpool:Starting new HTTPS connection (1): www.bovada.lv:443
DEBUG:urllib3.connectionpool:https://www.bovada.lv:443 "GET /services/sports/event/coupon/events/A/description/soccer/europe/spain/la-liga/real-sociedad-girona-202308131500 HTTP/1.1" 200 None
DEBUG:urllib3.connectionpool:Starting new HTTPS connection (1): www.bovada.lv:443
DEBUG:urllib3.connectionpool:https://www.bovada.lv:443 "GET /services/sports/event/coupon/events/A/description/soccer/europe/spain/la-liga/sevilla-valencia-202308131500 HTTP/1.1" 200 None
DEBUG:urllib3.connectionpool:Starting new HTTPS connection (1): www.bovada.lv:443
DEBUG:urllib3.connectionpool:https://www.bovada.lv:443 "GET /services/sports/event/coupon/events/A/description/soccer/europe/spain/la-liga/villarreal-real-betis-202308131500 HTTP/1.1" 200 None
DEBUG:urllib3.connectionpool:Starting new HTTPS connection (1): www.bovada.lv:443
DEBUG:urllib3.connectionpool:https://www.bovada.lv:443 "GET /services/sports/event/coupon/events/A/description/soccer/europe/germany/1-bundesliga/werder-bremen-bayern-munich-202308181430 HTTP/1.1" 200 None
DEBUG:urllib3.connectionpool:Starting new HTTPS connection (1): www.bovada.lv:443
DEBUG:urllib3.connectionpool:https://www.bovada.lv:443 "GET /services/sports/event/coupon/events/A/description/soccer/europe/germany/1-bundesliga/augsburg-borussia-monchengladbach-202308190930 HTTP/1.1" 200 None
DEBUG:urllib3.connectionpool:Starting new HTTPS connection (1): www.bovada.lv:443
DEBUG:urllib3.connectionpool:https://www.bovada.lv:443 "GET /services/sports/event/coupon/events/A/description/soccer/europe/germany/1-bundesliga/bayer-leverkusen-rb-leipzig-202308190930 HTTP/1.1" 200 None
DEBUG:urllib3.connectionpool:Starting new HTTPS connection (1): www.bovada.lv:443
DEBUG:urllib3.connectionpool:https://www.bovada.lv:443 "GET /services/sports/event/coupon/events/A/description/soccer/europe/germany/1-bundesliga/borussia-dortmund-fc-koln-202308190930 HTTP/1.1" 200 None
DEBUG:urllib3.connectionpool:Starting new HTTPS connection (1): www.bovada.lv:443
DEBUG:urllib3.connectionpool:https://www.bovada.lv:443 "GET /services/sports/event/coupon/events/A/description/soccer/europe/germany/1-bundesliga/eintracht-frankfurt-darmstadt-202308190930 HTTP/1.1" 200 None
DEBUG:urllib3.connectionpool:Starting new HTTPS connection (1): www.bovada.lv:443
DEBUG:urllib3.connectionpool:https://www.bovada.lv:443 "GET /services/sports/event/coupon/events/A/description/soccer/europe/germany/1-bundesliga/hoffenheim-freiburg-202308190930 HTTP/1.1" 200 None
DEBUG:urllib3.connectionpool:Starting new HTTPS connection (1): www.bovada.lv:443
DEBUG:urllib3.connectionpool:https://www.bovada.lv:443 "GET /services/sports/event/coupon/events/A/description/soccer/europe/germany/1-bundesliga/union-berlin-mainz-202308190930 HTTP/1.1" 200 None
DEBUG:urllib3.connectionpool:Starting new HTTPS connection (1): www.bovada.lv:443
DEBUG:urllib3.connectionpool:https://www.bovada.lv:443 "GET /services/sports/event/coupon/events/A/description/soccer/europe/germany/1-bundesliga/vfb-stuttgart-bochum-202308190930 HTTP/1.1" 200 None
DEBUG:urllib3.connectionpool:Starting new HTTPS connection (1): www.bovada.lv:443
DEBUG:urllib3.connectionpool:https://www.bovada.lv:443 "GET /services/sports/event/coupon/events/A/description/soccer/europe/germany/1-bundesliga/wolfsburg-heidenheim-202308190930 HTTP/1.1" 200 None
DEBUG:urllib3.connectionpool:Starting new HTTPS connection (1): www.bovada.lv:443
DEBUG:urllib3.connectionpool:https://www.bovada.lv:443 "GET /services/sports/event/coupon/events/A/description/soccer/south-america/brazil/brasileirao-serie-a/botafogo-rb-bragantino-202307152000 HTTP/1.1" 200 None
DEBUG:urllib3.connectionpool:Starting new HTTPS connection (1): www.bovada.lv:443
DEBUG:urllib3.connectionpool:https://www.bovada.lv:443 "GET /services/sports/event/coupon/events/A/description/soccer/south-america/brazil/brasileirao-serie-a/cruzeiro-mg-coritiba-202307161000 HTTP/1.1" 200 None
