2023-07-31 23:42:51,880:INFO:104] Getting events.
2023-07-31 23:42:51,880:INFO:17] Getting event for https://www.bovada.lv/services/sports/event/coupon/events/A/description/soccer?marketFilterId=def&eventsLimit=100&lang=en.
2023-07-31 23:42:52,919:INFO:17] Getting event for https://www.bovada.lv/services/sports/event/coupon/events/A/description/tennis?marketFilterId=def&eventsLimit=100&lang=en.
2023-07-31 23:42:53,910:INFO:115] Getting markets for https://www.bovada.lv/services/sports/event/coupon/events/A/description/soccer/international-club/uefa-champions-league/panathinaikos-sc-dnipro-1-202308011330.
2023-07-31 23:42:53,910:INFO:17] Getting event for https://www.bovada.lv/services/sports/event/coupon/events/A/description/soccer/international-club/uefa-champions-league/panathinaikos-sc-dnipro-1-202308011330.
2023-07-31 23:42:54,596:INFO:115] Getting markets for https://www.bovada.lv/services/sports/event/coupon/events/A/description/soccer/international-club/uefa-champions-league/genk-servette-202308021300.
2023-07-31 23:42:54,596:INFO:17] Getting event for https://www.bovada.lv/services/sports/event/coupon/events/A/description/soccer/international-club/uefa-champions-league/genk-servette-202308021300.
2023-07-31 23:42:55,343:INFO:115] Getting markets for https://www.bovada.lv/services/sports/event/coupon/events/A/description/soccer/international-club/uefa-europa-conference-league/hammarby-if-fc-twente-enschede-202308031400.
2023-07-31 23:42:55,343:INFO:17] Getting event for https://www.bovada.lv/services/sports/event/coupon/events/A/description/soccer/international-club/uefa-europa-conference-league/hammarby-if-fc-twente-enschede-202308031400.
2023-07-31 23:42:56,022:INFO:115] Getting markets for https://www.bovada.lv/services/sports/event/coupon/events/A/description/soccer/international-club/uefa-europa-conference-league/beitar-jerusalem-paok-thessaloniki-202308031330.
2023-07-31 23:42:56,022:INFO:17] Getting event for https://www.bovada.lv/services/sports/event/coupon/events/A/description/soccer/international-club/uefa-europa-conference-league/beitar-jerusalem-paok-thessaloniki-202308031330.
2023-07-31 23:42:56,885:INFO:115] Getting markets for https://www.bovada.lv/services/sports/event/coupon/events/A/description/soccer/international-club/uefa-europa-conference-league/sepsi-osk-cska-sofia-202308031300.
2023-07-31 23:42:56,885:INFO:17] Getting event for https://www.bovada.lv/services/sports/event/coupon/events/A/description/soccer/international-club/uefa-europa-conference-league/sepsi-osk-cska-sofia-202308031300.
2023-07-31 23:42:57,532:INFO:115] Getting markets for https://www.bovada.lv/services/sports/event/coupon/events/A/description/soccer/europe/italy/serie-a/empoli-hellas-verona-202308191230.
2023-07-31 23:42:57,532:INFO:17] Getting event for https://www.bovada.lv/services/sports/event/coupon/events/A/description/soccer/europe/italy/serie-a/empoli-hellas-verona-202308191230.
2023-07-31 23:42:58,319:INFO:115] Getting markets for https://www.bovada.lv/services/sports/event/coupon/events/A/description/soccer/europe/italy/serie-a/frosinone-napoli-202308191230.
2023-07-31 23:42:58,319:INFO:17] Getting event for https://www.bovada.lv/services/sports/event/coupon/events/A/description/soccer/europe/italy/serie-a/frosinone-napoli-202308191230.
2023-07-31 23:42:58,995:INFO:115] Getting markets for https://www.bovada.lv/services/sports/event/coupon/events/A/description/soccer/europe/italy/serie-a/genoa-fiorentina-202308191445.
2023-07-31 23:42:58,995:INFO:17] Getting event for https://www.bovada.lv/services/sports/event/coupon/events/A/description/soccer/europe/italy/serie-a/genoa-fiorentina-202308191445.
2023-07-31 23:42:59,827:INFO:115] Getting markets for https://www.bovada.lv/services/sports/event/coupon/events/A/description/soccer/europe/italy/serie-a/inter-milan-monza-202308191445.
2023-07-31 23:42:59,827:INFO:17] Getting event for https://www.bovada.lv/services/sports/event/coupon/events/A/description/soccer/europe/italy/serie-a/inter-milan-monza-202308191445.
2023-07-31 23:43:00,575:INFO:115] Getting markets for https://www.bovada.lv/services/sports/event/coupon/events/A/description/soccer/europe/italy/serie-a/lecce-lazio-202308201445.
2023-07-31 23:43:00,575:INFO:17] Getting event for https://www.bovada.lv/services/sports/event/coupon/events/A/description/soccer/europe/italy/serie-a/lecce-lazio-202308201445.
2023-07-31 23:43:01,203:INFO:115] Getting markets for https://www.bovada.lv/services/sports/event/coupon/events/A/description/soccer/europe/italy/serie-a/as-roma-salernitana-202308201230.
2023-07-31 23:43:01,203:INFO:17] Getting event for https://www.bovada.lv/services/sports/event/coupon/events/A/description/soccer/europe/italy/serie-a/as-roma-salernitana-202308201230.
2023-07-31 23:43:01,964:INFO:115] Getting markets for https://www.bovada.lv/services/sports/event/coupon/events/A/description/soccer/europe/italy/serie-a/sassuolo-atalanta-202308201230.
2023-07-31 23:43:01,964:INFO:17] Getting event for https://www.bovada.lv/services/sports/event/coupon/events/A/description/soccer/europe/italy/serie-a/sassuolo-atalanta-202308201230.
2023-07-31 23:43:02,758:INFO:115] Getting markets for https://www.bovada.lv/services/sports/event/coupon/events/A/description/soccer/europe/italy/serie-a/torino-cagliari-202308211230.
2023-07-31 23:43:02,758:INFO:17] Getting event for https://www.bovada.lv/services/sports/event/coupon/events/A/description/soccer/europe/italy/serie-a/torino-cagliari-202308211230.
2023-07-31 23:43:03,412:INFO:115] Getting markets for https://www.bovada.lv/services/sports/event/coupon/events/A/description/soccer/europe/italy/serie-a/udinese-juventus-202308201445.
2023-07-31 23:43:03,412:INFO:17] Getting event for https://www.bovada.lv/services/sports/event/coupon/events/A/description/soccer/europe/italy/serie-a/udinese-juventus-202308201445.
2023-07-31 23:43:04,264:INFO:115] Getting markets for https://www.bovada.lv/services/sports/event/coupon/events/A/description/soccer/europe/france/ligue-1/paris-saint-germain-lorient-202308121500.
2023-07-31 23:43:04,264:INFO:17] Getting event for https://www.bovada.lv/services/sports/event/coupon/events/A/description/soccer/europe/france/ligue-1/paris-saint-germain-lorient-202308121500.
2023-07-31 23:43:04,954:INFO:115] Getting markets for https://www.bovada.lv/services/sports/event/coupon/events/A/description/soccer/europe/france/ligue-1/clermont-foot-monaco-202308130900.
2023-07-31 23:43:04,954:INFO:17] Getting event for https://www.bovada.lv/services/sports/event/coupon/events/A/description/soccer/europe/france/ligue-1/clermont-foot-monaco-202308130900.
2023-07-31 23:43:05,833:INFO:115] Getting markets for https://www.bovada.lv/services/sports/event/coupon/events/A/description/soccer/europe/france/ligue-1/strasbourg-lyon-202308131445.
2023-07-31 23:43:05,833:INFO:17] Getting event for https://www.bovada.lv/services/sports/event/coupon/events/A/description/soccer/europe/france/ligue-1/strasbourg-lyon-202308131445.
2023-07-31 23:43:06,683:INFO:115] Getting markets for https://www.bovada.lv/services/sports/event/coupon/events/A/description/soccer/europe/france/ligue-1/rennes-metz-202308131105.
2023-07-31 23:43:06,683:INFO:17] Getting event for https://www.bovada.lv/services/sports/event/coupon/events/A/description/soccer/europe/france/ligue-1/rennes-metz-202308131105.
2023-07-31 23:43:07,407:INFO:115] Getting markets for https://www.bovada.lv/services/sports/event/coupon/events/A/description/soccer/europe/france/ligue-1/marseille-reims-202308121100.
2023-07-31 23:43:07,407:INFO:17] Getting event for https://www.bovada.lv/services/sports/event/coupon/events/A/description/soccer/europe/france/ligue-1/marseille-reims-202308121100.
2023-07-31 23:43:08,063:INFO:115] Getting markets for https://www.bovada.lv/services/sports/event/coupon/events/A/description/soccer/europe/france/ligue-1/nice-lille-202308111500.
2023-07-31 23:43:08,063:INFO:17] Getting event for https://www.bovada.lv/services/sports/event/coupon/events/A/description/soccer/europe/france/ligue-1/nice-lille-202308111500.
2023-07-31 23:43:08,845:INFO:115] Getting markets for https://www.bovada.lv/services/sports/event/coupon/events/A/description/soccer/europe/france/ligue-1/nantes-toulouse-202308130900.
2023-07-31 23:43:08,845:INFO:17] Getting event for https://www.bovada.lv/services/sports/event/coupon/events/A/description/soccer/europe/france/ligue-1/nantes-toulouse-202308130900.
2023-07-31 23:43:09,504:INFO:115] Getting markets for https://www.bovada.lv/services/sports/event/coupon/events/A/description/soccer/europe/france/ligue-1/montpellier-le-havre-202308130900.
2023-07-31 23:43:09,504:INFO:17] Getting event for https://www.bovada.lv/services/sports/event/coupon/events/A/description/soccer/europe/france/ligue-1/montpellier-le-havre-202308130900.
2023-07-31 23:43:10,243:INFO:115] Getting markets for https://www.bovada.lv/services/sports/event/coupon/events/A/description/soccer/europe/france/ligue-1/brest-lens-202308130700.
2023-07-31 23:43:10,243:INFO:17] Getting event for https://www.bovada.lv/services/sports/event/coupon/events/A/description/soccer/europe/france/ligue-1/brest-lens-202308130700.
2023-07-31 23:43:11,039:INFO:115] Getting markets for https://www.bovada.lv/services/sports/event/coupon/events/A/description/soccer/international-club/uefa-europa-conference-league/vojvodina-apoel-nicosia-202308031400.
2023-07-31 23:43:11,039:INFO:17] Getting event for https://www.bovada.lv/services/sports/event/coupon/events/A/description/soccer/international-club/uefa-europa-conference-league/vojvodina-apoel-nicosia-202308031400.
2023-07-31 23:43:11,702:INFO:115] Getting markets for https://www.bovada.lv/services/sports/event/coupon/events/A/description/soccer/international-club/uefa-europa-conference-league/vitoria-guimaraes-celje-202308031515.
2023-07-31 23:43:11,702:INFO:17] Getting event for https://www.bovada.lv/services/sports/event/coupon/events/A/description/soccer/international-club/uefa-europa-conference-league/vitoria-guimaraes-celje-202308031515.
2023-07-31 23:43:12,409:INFO:115] Getting markets for https://www.bovada.lv/services/sports/event/coupon/events/A/description/soccer/international-club/uefa-europa-conference-league/spartak-trnava-fk-auda-202308031130.
2023-07-31 23:43:12,409:INFO:17] Getting event for https://www.bovada.lv/services/sports/event/coupon/events/A/description/soccer/international-club/uefa-europa-conference-league/spartak-trnava-fk-auda-202308031130.
2023-07-31 23:43:13,146:INFO:115] Getting markets for https://www.bovada.lv/services/sports/event/coupon/events/A/description/soccer/international-club/uefa-europa-conference-league/borac-banja-luka-austria-wien-202308031430.
2023-07-31 23:43:13,146:INFO:17] Getting event for https://www.bovada.lv/services/sports/event/coupon/events/A/description/soccer/international-club/uefa-europa-conference-league/borac-banja-luka-austria-wien-202308031430.
2023-07-31 23:43:13,823:INFO:115] Getting markets for https://www.bovada.lv/services/sports/event/coupon/events/A/description/soccer/international-club/uefa-europa-conference-league/kauno-zalgiris-lech-poznan-202308031200.
2023-07-31 23:43:13,823:INFO:17] Getting event for https://www.bovada.lv/services/sports/event/coupon/events/A/description/soccer/international-club/uefa-europa-conference-league/kauno-zalgiris-lech-poznan-202308031200.
2023-07-31 23:43:14,502:INFO:115] Getting markets for https://www.bovada.lv/services/sports/event/coupon/events/A/description/soccer/international-club/uefa-europa-conference-league/drita-viktoria-plzen-202308031400.
2023-07-31 23:43:14,502:INFO:17] Getting event for https://www.bovada.lv/services/sports/event/coupon/events/A/description/soccer/international-club/uefa-europa-conference-league/drita-viktoria-plzen-202308031400.
2023-07-31 23:43:15,223:INFO:115] Getting markets for https://www.bovada.lv/services/sports/event/coupon/events/A/description/soccer/international-club/uefa-europa-conference-league/legia-warsaw-fc-ordabasy-202308031500.
2023-07-31 23:43:15,223:INFO:17] Getting event for https://www.bovada.lv/services/sports/event/coupon/events/A/description/soccer/international-club/uefa-europa-conference-league/legia-warsaw-fc-ordabasy-202308031500.
2023-07-31 23:43:15,844:INFO:115] Getting markets for https://www.bovada.lv/services/sports/event/coupon/events/A/description/soccer/international-club/uefa-europa-conference-league/aek-larnaca-torpedo-belaz-zhodino-202308021300.
2023-07-31 23:43:15,844:INFO:17] Getting event for https://www.bovada.lv/services/sports/event/coupon/events/A/description/soccer/international-club/uefa-europa-conference-league/aek-larnaca-torpedo-belaz-zhodino-202308021300.
2023-07-31 23:43:16,500:INFO:115] Getting markets for https://www.bovada.lv/services/sports/event/coupon/events/A/description/soccer/international-club/uefa-europa-conference-league/zalaegerszeg-te-osijek-202308031245.
2023-07-31 23:43:16,500:INFO:17] Getting event for https://www.bovada.lv/services/sports/event/coupon/events/A/description/soccer/international-club/uefa-europa-conference-league/zalaegerszeg-te-osijek-202308031245.
2023-07-31 23:43:17,182:INFO:115] Getting markets for https://www.bovada.lv/services/sports/event/coupon/events/A/description/soccer/international-club/uefa-europa-conference-league/bohemians-prague-bodo-glimt-202308031305.
2023-07-31 23:43:17,183:INFO:17] Getting event for https://www.bovada.lv/services/sports/event/coupon/events/A/description/soccer/international-club/uefa-europa-conference-league/bohemians-prague-bodo-glimt-202308031305.
2023-07-31 23:43:17,905:INFO:115] Getting markets for https://www.bovada.lv/services/sports/event/coupon/events/A/description/soccer/europe/england/community-shield/manchester-city-arsenal-202308061100.
2023-07-31 23:43:17,905:INFO:17] Getting event for https://www.bovada.lv/services/sports/event/coupon/events/A/description/soccer/europe/england/community-shield/manchester-city-arsenal-202308061100.
2023-07-31 23:43:18,578:INFO:115] Getting markets for https://www.bovada.lv/services/sports/event/coupon/events/A/description/soccer/international-club/uefa-champions-league/olimpija-ljubljana-ludogorets-razgrad-202308011400.
2023-07-31 23:43:18,578:INFO:17] Getting event for https://www.bovada.lv/services/sports/event/coupon/events/A/description/soccer/international-club/uefa-champions-league/olimpija-ljubljana-ludogorets-razgrad-202308011400.
2023-07-31 23:43:19,322:INFO:115] Getting markets for https://www.bovada.lv/services/sports/event/coupon/events/A/description/soccer/international-club/uefa-champions-league/fc-astana-dinamo-zagreb-202308021000.
2023-07-31 23:43:19,322:INFO:17] Getting event for https://www.bovada.lv/services/sports/event/coupon/events/A/description/soccer/international-club/uefa-champions-league/fc-astana-dinamo-zagreb-202308021000.
2023-07-31 23:43:20,130:INFO:115] Getting markets for https://www.bovada.lv/services/sports/event/coupon/events/A/description/soccer/international-club/uefa-europa-conference-league/urartu-farul-constanta-202308031200.
2023-07-31 23:43:20,130:INFO:17] Getting event for https://www.bovada.lv/services/sports/event/coupon/events/A/description/soccer/international-club/uefa-europa-conference-league/urartu-farul-constanta-202308031200.
2023-07-31 23:43:20,860:INFO:115] Getting markets for https://www.bovada.lv/services/sports/event/coupon/events/A/description/soccer/international-club/uefa-europa-conference-league/partizani-tirana-atletic-club-escaldes-202308011445.
2023-07-31 23:43:20,860:INFO:17] Getting event for https://www.bovada.lv/services/sports/event/coupon/events/A/description/soccer/international-club/uefa-europa-conference-league/partizani-tirana-atletic-club-escaldes-202308011445.
2023-07-31 23:43:21,517:INFO:115] Getting markets for https://www.bovada.lv/services/sports/event/coupon/events/A/description/soccer/international-club/uefa-champions-league/slovan-bratislava-zrinjski-mostar-202308011430.
2023-07-31 23:43:21,517:INFO:17] Getting event for https://www.bovada.lv/services/sports/event/coupon/events/A/description/soccer/international-club/uefa-champions-league/slovan-bratislava-zrinjski-mostar-202308011430.
2023-07-31 23:43:22,236:INFO:115] Getting markets for https://www.bovada.lv/services/sports/event/coupon/events/A/description/soccer/international-club/uefa-champions-league/bk-hacken-ki-klaksvik-202308021300.
2023-07-31 23:43:22,236:INFO:17] Getting event for https://www.bovada.lv/services/sports/event/coupon/events/A/description/soccer/international-club/uefa-champions-league/bk-hacken-ki-klaksvik-202308021300.
2023-07-31 23:43:22,905:INFO:115] Getting markets for https://www.bovada.lv/services/sports/event/coupon/events/A/description/soccer/international-club/uefa-champions-league/galatasaray-fk-zalgiris-202308021430.
2023-07-31 23:43:22,905:INFO:17] Getting event for https://www.bovada.lv/services/sports/event/coupon/events/A/description/soccer/international-club/uefa-champions-league/galatasaray-fk-zalgiris-202308021430.
2023-07-31 23:43:23,625:INFO:115] Getting markets for https://www.bovada.lv/services/sports/event/coupon/events/A/description/soccer/international-club/uefa-europa-conference-league/dila-gori-vorskla-poltava-202308031300.
2023-07-31 23:43:23,625:INFO:17] Getting event for https://www.bovada.lv/services/sports/event/coupon/events/A/description/soccer/international-club/uefa-europa-conference-league/dila-gori-vorskla-poltava-202308031300.
2023-07-31 23:43:24,270:INFO:115] Getting markets for https://www.bovada.lv/services/sports/event/coupon/events/A/description/soccer/international-club/uefa-europa-conference-league/kf-tirana-besiktas-202308031400.
2023-07-31 23:43:24,270:INFO:17] Getting event for https://www.bovada.lv/services/sports/event/coupon/events/A/description/soccer/international-club/uefa-europa-conference-league/kf-tirana-besiktas-202308031400.
2023-07-31 23:43:25,161:INFO:115] Getting markets for https://www.bovada.lv/services/sports/event/coupon/events/A/description/soccer/international-club/uefa-europa-conference-league/pyunik-kalmar-ff-202308031100.
2023-07-31 23:43:25,161:INFO:17] Getting event for https://www.bovada.lv/services/sports/event/coupon/events/A/description/soccer/international-club/uefa-europa-conference-league/pyunik-kalmar-ff-202308031100.
2023-07-31 23:43:25,842:INFO:115] Getting markets for https://www.bovada.lv/services/sports/event/coupon/events/A/description/soccer/international-club/uefa-europa-conference-league/zimbru-chisinau-fenerbahce-202308011330.
2023-07-31 23:43:25,842:INFO:17] Getting event for https://www.bovada.lv/services/sports/event/coupon/events/A/description/soccer/international-club/uefa-europa-conference-league/zimbru-chisinau-fenerbahce-202308011330.
2023-07-31 23:43:26,593:INFO:115] Getting markets for https://www.bovada.lv/services/sports/event/coupon/events/A/description/soccer/international-club/uefa-europa-conference-league/maribor-differdange-03-202308031430.
2023-07-31 23:43:26,593:INFO:17] Getting event for https://www.bovada.lv/services/sports/event/coupon/events/A/description/soccer/international-club/uefa-europa-conference-league/maribor-differdange-03-202308031430.
2023-07-31 23:43:27,330:INFO:115] Getting markets for https://www.bovada.lv/services/sports/event/coupon/events/A/description/soccer/international-club/uefa-europa-conference-league/fcsb-fc-cska-1948-202308031430.
2023-07-31 23:43:27,330:INFO:17] Getting event for https://www.bovada.lv/services/sports/event/coupon/events/A/description/soccer/international-club/uefa-europa-conference-league/fcsb-fc-cska-1948-202308031430.
2023-07-31 23:43:28,048:INFO:115] Getting markets for https://www.bovada.lv/services/sports/event/coupon/events/A/description/soccer/international-club/uefa-europa-conference-league/rosenborg-bk-crusaders-202308031300.
2023-07-31 23:43:28,048:INFO:17] Getting event for https://www.bovada.lv/services/sports/event/coupon/events/A/description/soccer/international-club/uefa-europa-conference-league/rosenborg-bk-crusaders-202308031300.
2023-07-31 23:43:28,744:INFO:115] Getting markets for https://www.bovada.lv/services/sports/event/coupon/events/A/description/soccer/international-club/uefa-europa-conference-league/levski-sofia-shkupi-202308031300.
2023-07-31 23:43:28,744:INFO:17] Getting event for https://www.bovada.lv/services/sports/event/coupon/events/A/description/soccer/international-club/uefa-europa-conference-league/levski-sofia-shkupi-202308031300.
2023-07-31 23:43:29,402:INFO:115] Getting markets for https://www.bovada.lv/services/sports/event/coupon/events/A/description/soccer/international-club/uefa-europa-conference-league/aris-thessaloniki-ararat-armenia-202308031415.
2023-07-31 23:43:29,402:INFO:17] Getting event for https://www.bovada.lv/services/sports/event/coupon/events/A/description/soccer/international-club/uefa-europa-conference-league/aris-thessaloniki-ararat-armenia-202308031415.
2023-07-31 23:43:29,993:INFO:115] Getting markets for https://www.bovada.lv/services/sports/event/coupon/events/A/description/soccer/international-club/uefa-europa-conference-league/progres-niederkorn-fc-midtjylland-202308031330.
2023-07-31 23:43:29,993:INFO:17] Getting event for https://www.bovada.lv/services/sports/event/coupon/events/A/description/soccer/international-club/uefa-europa-conference-league/progres-niederkorn-fc-midtjylland-202308031330.
2023-07-31 23:43:30,693:INFO:115] Getting markets for https://www.bovada.lv/services/sports/event/coupon/events/A/description/soccer/international-club/uefa-europa-conference-league/rijeka-dukagjini-202308031415.
2023-07-31 23:43:30,693:INFO:17] Getting event for https://www.bovada.lv/services/sports/event/coupon/events/A/description/soccer/international-club/uefa-europa-conference-league/rijeka-dukagjini-202308031415.
2023-07-31 23:43:31,437:INFO:115] Getting markets for https://www.bovada.lv/services/sports/event/coupon/events/A/description/soccer/international-club/uefa-champions-league/bate-borisov-aris-limassol-202308011400.
2023-07-31 23:43:31,437:INFO:17] Getting event for https://www.bovada.lv/services/sports/event/coupon/events/A/description/soccer/international-club/uefa-champions-league/bate-borisov-aris-limassol-202308011400.
2023-07-31 23:43:32,054:INFO:115] Getting markets for https://www.bovada.lv/services/sports/event/coupon/events/A/description/soccer/international-club/uefa-europa-conference-league/swift-hesperange-the-new-saints-202308011400.
2023-07-31 23:43:32,054:INFO:17] Getting event for https://www.bovada.lv/services/sports/event/coupon/events/A/description/soccer/international-club/uefa-europa-conference-league/swift-hesperange-the-new-saints-202308011400.
2023-07-31 23:43:32,696:INFO:115] Getting markets for https://www.bovada.lv/services/sports/event/coupon/events/A/description/soccer/international-club/uefa-champions-league/maccabi-haifa-sheriff-tiraspol-202308021300.
2023-07-31 23:43:32,696:INFO:17] Getting event for https://www.bovada.lv/services/sports/event/coupon/events/A/description/soccer/international-club/uefa-champions-league/maccabi-haifa-sheriff-tiraspol-202308021300.
2023-07-31 23:43:33,394:INFO:115] Getting markets for https://www.bovada.lv/services/sports/event/coupon/events/A/description/soccer/international-club/uefa-champions-league/fc-copenhagen-breidablik-202308021400.
2023-07-31 23:43:33,394:INFO:17] Getting event for https://www.bovada.lv/services/sports/event/coupon/events/A/description/soccer/international-club/uefa-champions-league/fc-copenhagen-breidablik-202308021400.
2023-07-31 23:43:34,158:INFO:115] Getting markets for https://www.bovada.lv/services/sports/event/coupon/events/A/description/soccer/international-club/uefa-europa-conference-league/fk-buducnost-struga-trim-lum-202308011500.
2023-07-31 23:43:34,158:INFO:17] Getting event for https://www.bovada.lv/services/sports/event/coupon/events/A/description/soccer/international-club/uefa-europa-conference-league/fk-buducnost-struga-trim-lum-202308011500.
2023-07-31 23:43:34,835:INFO:115] Getting markets for https://www.bovada.lv/services/sports/event/coupon/events/A/description/soccer/international-club/uefa-europa-conference-league/pogon-szczecin-linfield-fc-202308031200.
2023-07-31 23:43:34,835:INFO:17] Getting event for https://www.bovada.lv/services/sports/event/coupon/events/A/description/soccer/international-club/uefa-europa-conference-league/pogon-szczecin-linfield-fc-202308031200.
2023-07-31 23:43:35,686:INFO:115] Getting markets for https://www.bovada.lv/services/sports/event/coupon/events/A/description/soccer/international-club/uefa-europa-conference-league/santa-coloma-sutjeska-202308031100.
2023-07-31 23:43:35,686:INFO:17] Getting event for https://www.bovada.lv/services/sports/event/coupon/events/A/description/soccer/international-club/uefa-europa-conference-league/santa-coloma-sutjeska-202308031100.
2023-07-31 23:43:36,315:INFO:115] Getting markets for https://www.bovada.lv/services/sports/event/coupon/events/A/description/soccer/international-club/uefa-europa-conference-league/debreceni-vsc-alashkert-202308031500.
2023-07-31 23:43:36,315:INFO:17] Getting event for https://www.bovada.lv/services/sports/event/coupon/events/A/description/soccer/international-club/uefa-europa-conference-league/debreceni-vsc-alashkert-202308031500.
2023-07-31 23:43:36,954:INFO:115] Getting markets for https://www.bovada.lv/services/sports/event/coupon/events/A/description/soccer/international-club/uefa-europa-conference-league/dundalk-ka-akureyri-202308031445.
2023-07-31 23:43:36,954:INFO:17] Getting event for https://www.bovada.lv/services/sports/event/coupon/events/A/description/soccer/international-club/uefa-europa-conference-league/dundalk-ka-akureyri-202308031445.
2023-07-31 23:43:37,775:INFO:115] Getting markets for https://www.bovada.lv/services/sports/event/coupon/events/A/description/soccer/international-club/uefa-europa-conference-league/haverfordwest-b36-torshavn-202308031445.
2023-07-31 23:43:37,775:INFO:17] Getting event for https://www.bovada.lv/services/sports/event/coupon/events/A/description/soccer/international-club/uefa-europa-conference-league/haverfordwest-b36-torshavn-202308031445.
2023-07-31 23:43:38,441:INFO:115] Getting markets for https://www.bovada.lv/services/sports/event/coupon/events/A/description/soccer/international-club/uefa-europa-conference-league/riga-fc-kecskemeti-te-202308031300.
2023-07-31 23:43:38,441:INFO:17] Getting event for https://www.bovada.lv/services/sports/event/coupon/events/A/description/soccer/international-club/uefa-europa-conference-league/riga-fc-kecskemeti-te-202308031300.
2023-07-31 23:43:39,144:INFO:115] Getting markets for https://www.bovada.lv/services/sports/event/coupon/events/A/description/soccer/international-club/uefa-europa-conference-league/zilina-gent-202308031400.
2023-07-31 23:43:39,144:INFO:17] Getting event for https://www.bovada.lv/services/sports/event/coupon/events/A/description/soccer/international-club/uefa-europa-conference-league/zilina-gent-202308031400.
2023-07-31 23:43:39,872:INFO:115] Getting markets for https://www.bovada.lv/services/sports/event/coupon/events/A/description/soccer/international-club/uefa-europa-conference-league/balzan-fc-neman-grodno-202308011330.
2023-07-31 23:43:39,872:INFO:17] Getting event for https://www.bovada.lv/services/sports/event/coupon/events/A/description/soccer/international-club/uefa-europa-conference-league/balzan-fc-neman-grodno-202308011330.
2023-07-31 23:43:40,523:INFO:115] Getting markets for https://www.bovada.lv/services/sports/event/coupon/events/A/description/soccer/international-club/uefa-europa-conference-league/hibernian-inter-club-de-escaldes-202308031415.
2023-07-31 23:43:40,523:INFO:17] Getting event for https://www.bovada.lv/services/sports/event/coupon/events/A/description/soccer/international-club/uefa-europa-conference-league/hibernian-inter-club-de-escaldes-202308031415.
2023-07-31 23:43:41,273:INFO:115] Getting markets for https://www.bovada.lv/services/sports/event/coupon/events/A/description/soccer/international-club/uefa-champions-league/braga-tsc-backa-topola-202308081500.
2023-07-31 23:43:41,273:INFO:17] Getting event for https://www.bovada.lv/services/sports/event/coupon/events/A/description/soccer/international-club/uefa-champions-league/braga-tsc-backa-topola-202308081500.
2023-07-31 23:43:41,917:INFO:115] Getting markets for https://www.bovada.lv/services/sports/event/coupon/events/A/description/soccer/international-club/uefa-europa-conference-league/arouca-sk-brann-202308101400.
2023-07-31 23:43:41,917:INFO:17] Getting event for https://www.bovada.lv/services/sports/event/coupon/events/A/description/soccer/international-club/uefa-europa-conference-league/arouca-sk-brann-202308101400.
2023-07-31 23:43:42,421:INFO:115] Getting markets for https://www.bovada.lv/services/sports/event/coupon/events/A/description/soccer/international-club/uefa-champions-league/molde-fk-hjk-202308021300.
2023-07-31 23:43:42,422:INFO:17] Getting event for https://www.bovada.lv/services/sports/event/coupon/events/A/description/soccer/international-club/uefa-champions-league/molde-fk-hjk-202308021300.
2023-07-31 23:43:43,074:INFO:115] Getting markets for https://www.bovada.lv/services/sports/event/coupon/events/A/description/soccer/international-club/uefa-europa-conference-league/f91-dudelange-gzira-united-202308021330.
2023-07-31 23:43:43,075:INFO:17] Getting event for https://www.bovada.lv/services/sports/event/coupon/events/A/description/soccer/international-club/uefa-europa-conference-league/f91-dudelange-gzira-united-202308021330.
2023-07-31 23:43:43,696:INFO:115] Getting markets for https://www.bovada.lv/services/sports/event/coupon/events/A/description/soccer/international-club/uefa-champions-league/qarabag-fk-rakow-czestochowa-202308021200.
2023-07-31 23:43:43,696:INFO:17] Getting event for https://www.bovada.lv/services/sports/event/coupon/events/A/description/soccer/international-club/uefa-champions-league/qarabag-fk-rakow-czestochowa-202308021200.
2023-07-31 23:43:44,418:INFO:115] Getting markets for https://www.bovada.lv/services/sports/event/coupon/events/A/description/soccer/fifa-womens-world-cup/women-s-world-cup-matches/portugal-w-usa-w-202308010300.
2023-07-31 23:43:44,418:INFO:17] Getting event for https://www.bovada.lv/services/sports/event/coupon/events/A/description/soccer/fifa-womens-world-cup/women-s-world-cup-matches/portugal-w-usa-w-202308010300.
2023-07-31 23:43:45,202:INFO:115] Getting markets for https://www.bovada.lv/services/sports/event/coupon/events/A/description/soccer/international-club/uefa-europa-conference-league/adana-demirspor-cfr-cluj-202308031400.
2023-07-31 23:43:45,202:INFO:17] Getting event for https://www.bovada.lv/services/sports/event/coupon/events/A/description/soccer/international-club/uefa-europa-conference-league/adana-demirspor-cfr-cluj-202308031400.
2023-07-31 23:43:45,873:INFO:115] Getting markets for https://www.bovada.lv/services/sports/event/coupon/events/A/description/soccer/fifa-womens-world-cup/women-s-world-cup-matches/china-w-england-w-202308010700.
2023-07-31 23:43:45,873:INFO:17] Getting event for https://www.bovada.lv/services/sports/event/coupon/events/A/description/soccer/fifa-womens-world-cup/women-s-world-cup-matches/china-w-england-w-202308010700.
2023-07-31 23:43:46,711:INFO:115] Getting markets for https://www.bovada.lv/services/sports/event/coupon/events/A/description/soccer/fifa-womens-world-cup/women-s-world-cup-matches/haiti-w-denmark-w-202308010700.
2023-07-31 23:43:46,711:INFO:17] Getting event for https://www.bovada.lv/services/sports/event/coupon/events/A/description/soccer/fifa-womens-world-cup/women-s-world-cup-matches/haiti-w-denmark-w-202308010700.
2023-07-31 23:43:47,412:INFO:115] Getting markets for https://www.bovada.lv/services/sports/event/coupon/events/A/description/soccer/international-club/uefa-champions-league/psv-eindhoven-sturm-graz-202308081430.
2023-07-31 23:43:47,412:INFO:17] Getting event for https://www.bovada.lv/services/sports/event/coupon/events/A/description/soccer/international-club/uefa-champions-league/psv-eindhoven-sturm-graz-202308081430.
2023-07-31 23:43:48,068:INFO:115] Getting markets for https://www.bovada.lv/services/sports/event/coupon/events/A/description/soccer/international-club/uefa-europa-conference-league/valmiera-fk-bjss-tre-penne-202308011100.
2023-07-31 23:43:48,068:INFO:17] Getting event for https://www.bovada.lv/services/sports/event/coupon/events/A/description/soccer/international-club/uefa-europa-conference-league/valmiera-fk-bjss-tre-penne-202308011100.
2023-07-31 23:43:48,787:INFO:115] Getting markets for https://www.bovada.lv/services/sports/event/coupon/events/A/description/soccer/fifa-womens-world-cup/women-s-world-cup-matches/south-africa-w-italy-w-202308020300.
2023-07-31 23:43:48,787:INFO:17] Getting event for https://www.bovada.lv/services/sports/event/coupon/events/A/description/soccer/fifa-womens-world-cup/women-s-world-cup-matches/south-africa-w-italy-w-202308020300.
2023-07-31 23:43:49,520:INFO:115] Getting markets for https://www.bovada.lv/services/sports/event/coupon/events/A/description/soccer/fifa-womens-world-cup/women-s-world-cup-matches/jamaica-w-brazil-w-202308020600.
2023-07-31 23:43:49,520:INFO:17] Getting event for https://www.bovada.lv/services/sports/event/coupon/events/A/description/soccer/fifa-womens-world-cup/women-s-world-cup-matches/jamaica-w-brazil-w-202308020600.
2023-07-31 23:43:50,223:INFO:115] Getting markets for https://www.bovada.lv/services/sports/event/coupon/events/A/description/soccer/international-club/uefa-europa-conference-league/sabah-fc-rigas-futbola-skola-202308031200.
2023-07-31 23:43:50,223:INFO:17] Getting event for https://www.bovada.lv/services/sports/event/coupon/events/A/description/soccer/international-club/uefa-europa-conference-league/sabah-fc-rigas-futbola-skola-202308031200.
2023-07-31 23:43:50,934:INFO:115] Getting markets for https://www.bovada.lv/services/sports/event/coupon/events/A/description/soccer/international-club/uefa-europa-conference-league/panevezys-hapoel-be-er-sheva-202308031200.
2023-07-31 23:43:50,934:INFO:17] Getting event for https://www.bovada.lv/services/sports/event/coupon/events/A/description/soccer/international-club/uefa-europa-conference-league/panevezys-hapoel-be-er-sheva-202308031200.
2023-07-31 23:43:51,647:INFO:115] Getting markets for https://www.bovada.lv/services/sports/event/coupon/events/A/description/soccer/fifa-womens-world-cup/women-s-world-cup-matches/vietnam-w-netherlands-w-202308010300.
2023-07-31 23:43:51,647:INFO:17] Getting event for https://www.bovada.lv/services/sports/event/coupon/events/A/description/soccer/fifa-womens-world-cup/women-s-world-cup-matches/vietnam-w-netherlands-w-202308010300.
2023-07-31 23:43:52,611:INFO:115] Getting markets for https://www.bovada.lv/services/sports/event/coupon/events/A/description/soccer/international-club/uefa-europa-conference-league/luzern-djurgardens-if-202308031445.
2023-07-31 23:43:52,611:INFO:17] Getting event for https://www.bovada.lv/services/sports/event/coupon/events/A/description/soccer/international-club/uefa-europa-conference-league/luzern-djurgardens-if-202308031445.
2023-07-31 23:43:53,657:INFO:115] Getting markets for https://www.bovada.lv/services/sports/event/coupon/events/A/description/soccer/international-club/uefa-europa-conference-league/agf-aarhus-club-brugge-202308031400.
2023-07-31 23:43:53,657:INFO:17] Getting event for https://www.bovada.lv/services/sports/event/coupon/events/A/description/soccer/international-club/uefa-europa-conference-league/agf-aarhus-club-brugge-202308031400.
2023-07-31 23:43:54,550:INFO:115] Getting markets for https://www.bovada.lv/services/sports/event/coupon/events/A/description/soccer/international-club/uefa-europa-conference-league/dinamo-tbilisi-hamrun-spartans-fc-202308031200.
2023-07-31 23:43:54,550:INFO:17] Getting event for https://www.bovada.lv/services/sports/event/coupon/events/A/description/soccer/international-club/uefa-europa-conference-league/dinamo-tbilisi-hamrun-spartans-fc-202308031200.
2023-07-31 23:43:55,279:INFO:115] Getting markets for https://www.bovada.lv/services/sports/event/coupon/events/A/description/soccer/international-club/uefa-europa-conference-league/neftchi-baku-zeljeznicar-202308031300.
2023-07-31 23:43:55,279:INFO:17] Getting event for https://www.bovada.lv/services/sports/event/coupon/events/A/description/soccer/international-club/uefa-europa-conference-league/neftchi-baku-zeljeznicar-202308031300.
2023-07-31 23:43:56,160:INFO:115] Getting markets for https://www.bovada.lv/services/sports/event/coupon/events/A/description/soccer/international-club/uefa-europa-conference-league/fc-aktobe-torpedo-kutaisi-202308031200.
2023-07-31 23:43:56,160:INFO:17] Getting event for https://www.bovada.lv/services/sports/event/coupon/events/A/description/soccer/international-club/uefa-europa-conference-league/fc-aktobe-torpedo-kutaisi-202308031200.
2023-07-31 23:43:56,818:INFO:115] Getting markets for https://www.bovada.lv/services/sports/event/coupon/events/A/description/soccer/fifa-womens-world-cup/women-s-world-cup-matches/morocco-w-colombia-w-202308030600.
2023-07-31 23:43:56,818:INFO:17] Getting event for https://www.bovada.lv/services/sports/event/coupon/events/A/description/soccer/fifa-womens-world-cup/women-s-world-cup-matches/morocco-w-colombia-w-202308030600.
2023-07-31 23:43:57,535:INFO:115] Getting markets for https://www.bovada.lv/services/sports/event/coupon/events/A/description/soccer/fifa-womens-world-cup/women-s-world-cup-matches/argentina-w-sweden-w-202308020300.
2023-07-31 23:43:57,535:INFO:17] Getting event for https://www.bovada.lv/services/sports/event/coupon/events/A/description/soccer/fifa-womens-world-cup/women-s-world-cup-matches/argentina-w-sweden-w-202308020300.
2023-07-31 23:43:58,225:INFO:115] Getting markets for https://www.bovada.lv/services/sports/event/coupon/events/A/description/soccer/fifa-womens-world-cup/women-s-world-cup-matches/republic-of-korea-w-germany-w-202308030600.
2023-07-31 23:43:58,225:INFO:17] Getting event for https://www.bovada.lv/services/sports/event/coupon/events/A/description/soccer/fifa-womens-world-cup/women-s-world-cup-matches/republic-of-korea-w-germany-w-202308030600.
2023-07-31 23:43:58,979:INFO:115] Getting markets for https://www.bovada.lv/services/sports/event/coupon/events/A/description/soccer/international-club/uefa-europa-conference-league/omonia-nicosia-fk-gabala-202308031300.
2023-07-31 23:43:58,979:INFO:17] Getting event for https://www.bovada.lv/services/sports/event/coupon/events/A/description/soccer/international-club/uefa-europa-conference-league/omonia-nicosia-fk-gabala-202308031300.
2023-07-31 23:43:59,803:INFO:115] Getting markets for https://www.bovada.lv/services/sports/event/coupon/events/A/description/soccer/international-club/uefa-europa-conference-league/tobol-kostanay-fc-basel-202308031000.
2023-07-31 23:43:59,803:INFO:17] Getting event for https://www.bovada.lv/services/sports/event/coupon/events/A/description/soccer/international-club/uefa-europa-conference-league/tobol-kostanay-fc-basel-202308031000.
2023-07-31 23:44:00,551:INFO:115] Getting markets for https://www.bovada.lv/services/sports/event/coupon/events/A/description/soccer/international-club/uefa-europa-conference-league/kups-derry-city-202308031200.
2023-07-31 23:44:00,551:INFO:17] Getting event for https://www.bovada.lv/services/sports/event/coupon/events/A/description/soccer/international-club/uefa-europa-conference-league/kups-derry-city-202308031200.
2023-07-31 23:44:01,376:INFO:115] Getting markets for https://www.bovada.lv/services/sports/event/coupon/events/A/description/soccer/international-club/uefa-europa-conference-league/petrocub-hincesti-maccabi-tel-aviv-202308031300.
2023-07-31 23:44:01,376:INFO:17] Getting event for https://www.bovada.lv/services/sports/event/coupon/events/A/description/soccer/international-club/uefa-europa-conference-league/petrocub-hincesti-maccabi-tel-aviv-202308031300.
2023-07-31 23:44:02,046:INFO:115] Getting markets for https://www.bovada.lv/services/sports/event/coupon/events/A/description/soccer/fifa-womens-world-cup/women-s-world-cup-matches/panama-w-france-w-202308020600.
2023-07-31 23:44:02,046:INFO:17] Getting event for https://www.bovada.lv/services/sports/event/coupon/events/A/description/soccer/fifa-womens-world-cup/women-s-world-cup-matches/panama-w-france-w-202308020600.
2023-07-31 23:44:02,709:INFO:115] Getting markets for https://www.bovada.lv/services/sports/event/coupon/events/A/description/soccer/international-club/uefa-europa-conference-league/larne-ballkani-202308031430.
2023-07-31 23:44:02,709:INFO:17] Getting event for https://www.bovada.lv/services/sports/event/coupon/events/A/description/soccer/international-club/uefa-europa-conference-league/larne-ballkani-202308031430.
2023-07-31 23:44:03,387:INFO:115] Getting markets for https://www.bovada.lv/services/sports/event/coupon/events/A/description/soccer/international-club/uefa-europa-conference-league/shamrock-rovers-ferencvaros-202308031500.
2023-07-31 23:44:03,387:INFO:17] Getting event for https://www.bovada.lv/services/sports/event/coupon/events/A/description/soccer/international-club/uefa-europa-conference-league/shamrock-rovers-ferencvaros-202308031500.
2023-07-31 23:44:04,007:INFO:115] Getting markets for https://www.bovada.lv/services/sports/event/coupon/events/A/description/tennis/wta/washington/qinwen-zheng-madison-keys-202308012030.
2023-07-31 23:44:04,007:INFO:17] Getting event for https://www.bovada.lv/services/sports/event/coupon/events/A/description/tennis/wta/washington/qinwen-zheng-madison-keys-202308012030.
2023-07-31 23:44:04,530:INFO:115] Getting markets for https://www.bovada.lv/services/sports/event/coupon/events/A/description/tennis/wta/washington/jennifer-brady-anhelina-kalinina-202308011400.
2023-07-31 23:44:04,530:INFO:17] Getting event for https://www.bovada.lv/services/sports/event/coupon/events/A/description/tennis/wta/washington/jennifer-brady-anhelina-kalinina-202308011400.
2023-07-31 23:44:05,173:INFO:115] Getting markets for https://www.bovada.lv/services/sports/event/coupon/events/A/description/tennis/wta/washington/sorana-cirstea-petra-martic-202308011200.
2023-07-31 23:44:05,173:INFO:17] Getting event for https://www.bovada.lv/services/sports/event/coupon/events/A/description/tennis/wta/washington/sorana-cirstea-petra-martic-202308011200.
2023-07-31 23:44:05,847:INFO:115] Getting markets for https://www.bovada.lv/services/sports/event/coupon/events/A/description/tennis/atp-doubles/washington/gille-s-vliegen-j-arevalo-rojer-202308021200.
2023-07-31 23:44:05,847:INFO:17] Getting event for https://www.bovada.lv/services/sports/event/coupon/events/A/description/tennis/atp-doubles/washington/gille-s-vliegen-j-arevalo-rojer-202308021200.
2023-07-31 23:44:06,524:INFO:115] Getting markets for https://www.bovada.lv/services/sports/event/coupon/events/A/description/tennis/atp-doubles/washington/glasspool-l-heliovaara-h-martin-f-nys-h-202308011555.
2023-07-31 23:44:06,524:INFO:17] Getting event for https://www.bovada.lv/services/sports/event/coupon/events/A/description/tennis/atp-doubles/washington/glasspool-l-heliovaara-h-martin-f-nys-h-202308011555.
2023-07-31 23:44:07,073:INFO:115] Getting markets for https://www.bovada.lv/services/sports/event/coupon/events/A/description/tennis/atp-doubles/washington/ram-r-salisbury-j-cabal-j-s-ebden-m-202308021200.
2023-07-31 23:44:07,073:INFO:17] Getting event for https://www.bovada.lv/services/sports/event/coupon/events/A/description/tennis/atp-doubles/washington/ram-r-salisbury-j-cabal-j-s-ebden-m-202308021200.
2023-07-31 23:44:07,590:INFO:115] Getting markets for https://www.bovada.lv/services/sports/event/coupon/events/A/description/tennis/atp/washington/aleksandar-vukic-brandon-nakashima-202308011320.
2023-07-31 23:44:07,590:INFO:17] Getting event for https://www.bovada.lv/services/sports/event/coupon/events/A/description/tennis/atp/washington/aleksandar-vukic-brandon-nakashima-202308011320.
