2023-07-30 17:07:30,277:INFO:92] Getting events.
2023-07-30 17:07:30,278:INFO:16] Getting event for https://sports.mi.foxbet.com/sportsbook/v1/api/getCompetitionsForDay?sport=SOCCER&date=2023-07-30&count=6&utcOffset=-5&locale=en-us&channelId=20&siteId=536870916.
2023-07-30 17:07:30,643:INFO:16] Getting event for https://sports.mi.foxbet.com/sportsbook/v1/api/getCompetitionsForDay?sport=SOCCER&date=2023-07-31&count=6&utcOffset=-5&locale=en-us&channelId=20&siteId=536870916.
2023-07-30 17:07:30,799:INFO:16] Getting event for https://sports.mi.foxbet.com/sportsbook/v1/api/getCompetitionsForDay?sport=SOCCER&date=2023-08-01&count=6&utcOffset=-5&locale=en-us&channelId=20&siteId=536870916.
2023-07-30 17:07:31,004:INFO:16] Getting event for https://sports.mi.foxbet.com/sportsbook/v1/api/getCompetitionsForDay?sport=SOCCER&date=2023-08-02&count=6&utcOffset=-5&locale=en-us&channelId=20&siteId=536870916.
2023-07-30 17:07:31,215:INFO:16] Getting event for https://sports.mi.foxbet.com/sportsbook/v1/api/getCompetitionsForDay?sport=SOCCER&date=2023-08-03&count=6&utcOffset=-5&locale=en-us&channelId=20&siteId=536870916.
2023-07-30 17:07:31,494:INFO:16] Getting event for https://sports.mi.foxbet.com/sportsbook/v1/api/getCompetitionsForDay?sport=SOCCER&date=2023-08-04&count=6&utcOffset=-5&locale=en-us&channelId=20&siteId=536870916.
2023-07-30 17:07:31,657:INFO:16] Getting event for https://sports.mi.foxbet.com/sportsbook/v1/api/getCompetitionsForDay?sport=SOCCER&date=2023-08-05&count=6&utcOffset=-5&locale=en-us&channelId=20&siteId=536870916.
2023-07-30 17:07:31,922:INFO:16] Getting event for https://sports.mi.foxbet.com/sportsbook/v1/api/getCompetitionsForDay?sport=SOCCER&date=2023-08-06&count=6&utcOffset=-5&locale=en-us&channelId=20&siteId=536870916.
2023-07-30 17:07:32,131:INFO:16] Getting event for https://sports.mi.foxbet.com/sportsbook/v1/api/getCompetitionsForDay?sport=SOCCER&date=2023-08-07&count=6&utcOffset=-5&locale=en-us&channelId=20&siteId=536870916.
2023-07-30 17:07:32,293:INFO:16] Getting event for https://sports.mi.foxbet.com/sportsbook/v1/api/getCompetitionsForDay?sport=SOCCER&date=2023-08-08&count=6&utcOffset=-5&locale=en-us&channelId=20&siteId=536870916.
2023-07-30 17:07:32,699:INFO:104] Getting markets for https://sports.mi.foxbet.com/sportsbook/v1/api/getEvent?eventId=9557650&channelId=20&locale=en-us&siteId=536870916.
2023-07-30 17:07:32,699:INFO:16] Getting event for https://sports.mi.foxbet.com/sportsbook/v1/api/getEvent?eventId=9557650&channelId=20&locale=en-us&siteId=536870916.
2023-07-30 17:07:32,913:INFO:104] Getting markets for https://sports.mi.foxbet.com/sportsbook/v1/api/getEvent?eventId=9557652&channelId=20&locale=en-us&siteId=536870916.
2023-07-30 17:07:32,913:INFO:16] Getting event for https://sports.mi.foxbet.com/sportsbook/v1/api/getEvent?eventId=9557652&channelId=20&locale=en-us&siteId=536870916.
2023-07-30 17:07:33,432:INFO:104] Getting markets for https://sports.mi.foxbet.com/sportsbook/v1/api/getEvent?eventId=9557654&channelId=20&locale=en-us&siteId=536870916.
2023-07-30 17:07:33,432:INFO:16] Getting event for https://sports.mi.foxbet.com/sportsbook/v1/api/getEvent?eventId=9557654&channelId=20&locale=en-us&siteId=536870916.
2023-07-30 17:07:33,940:INFO:104] Getting markets for https://sports.mi.foxbet.com/sportsbook/v1/api/getEvent?eventId=9557656&channelId=20&locale=en-us&siteId=536870916.
2023-07-30 17:07:33,940:INFO:16] Getting event for https://sports.mi.foxbet.com/sportsbook/v1/api/getEvent?eventId=9557656&channelId=20&locale=en-us&siteId=536870916.
2023-07-30 17:07:34,178:INFO:104] Getting markets for https://sports.mi.foxbet.com/sportsbook/v1/api/getEvent?eventId=9557664&channelId=20&locale=en-us&siteId=536870916.
2023-07-30 17:07:34,178:INFO:16] Getting event for https://sports.mi.foxbet.com/sportsbook/v1/api/getEvent?eventId=9557664&channelId=20&locale=en-us&siteId=536870916.
2023-07-30 17:07:34,417:INFO:104] Getting markets for https://sports.mi.foxbet.com/sportsbook/v1/api/getEvent?eventId=9557666&channelId=20&locale=en-us&siteId=536870916.
2023-07-30 17:07:34,417:INFO:16] Getting event for https://sports.mi.foxbet.com/sportsbook/v1/api/getEvent?eventId=9557666&channelId=20&locale=en-us&siteId=536870916.
2023-07-30 17:07:35,069:INFO:104] Getting markets for https://sports.mi.foxbet.com/sportsbook/v1/api/getEvent?eventId=9557668&channelId=20&locale=en-us&siteId=536870916.
2023-07-30 17:07:35,069:INFO:16] Getting event for https://sports.mi.foxbet.com/sportsbook/v1/api/getEvent?eventId=9557668&channelId=20&locale=en-us&siteId=536870916.
2023-07-30 17:07:35,616:INFO:104] Getting markets for https://sports.mi.foxbet.com/sportsbook/v1/api/getEvent?eventId=9557670&channelId=20&locale=en-us&siteId=536870916.
2023-07-30 17:07:35,616:INFO:16] Getting event for https://sports.mi.foxbet.com/sportsbook/v1/api/getEvent?eventId=9557670&channelId=20&locale=en-us&siteId=536870916.
2023-07-30 17:07:36,142:INFO:104] Getting markets for https://sports.mi.foxbet.com/sportsbook/v1/api/getEvent?eventId=9557672&channelId=20&locale=en-us&siteId=536870916.
2023-07-30 17:07:36,142:INFO:16] Getting event for https://sports.mi.foxbet.com/sportsbook/v1/api/getEvent?eventId=9557672&channelId=20&locale=en-us&siteId=536870916.
2023-07-30 17:07:36,779:INFO:104] Getting markets for https://sports.mi.foxbet.com/sportsbook/v1/api/getEvent?eventId=9557674&channelId=20&locale=en-us&siteId=536870916.
2023-07-30 17:07:36,779:INFO:16] Getting event for https://sports.mi.foxbet.com/sportsbook/v1/api/getEvent?eventId=9557674&channelId=20&locale=en-us&siteId=536870916.
2023-07-30 17:07:37,030:INFO:104] Getting markets for https://sports.mi.foxbet.com/sportsbook/v1/api/getEvent?eventId=9557676&channelId=20&locale=en-us&siteId=536870916.
2023-07-30 17:07:37,030:INFO:16] Getting event for https://sports.mi.foxbet.com/sportsbook/v1/api/getEvent?eventId=9557676&channelId=20&locale=en-us&siteId=536870916.
2023-07-30 17:07:37,276:INFO:104] Getting markets for https://sports.mi.foxbet.com/sportsbook/v1/api/getEvent?eventId=9557678&channelId=20&locale=en-us&siteId=536870916.
2023-07-30 17:07:37,276:INFO:16] Getting event for https://sports.mi.foxbet.com/sportsbook/v1/api/getEvent?eventId=9557678&channelId=20&locale=en-us&siteId=536870916.
2023-07-30 17:07:37,807:INFO:104] Getting markets for https://sports.mi.foxbet.com/sportsbook/v1/api/getEvent?eventId=9557684&channelId=20&locale=en-us&siteId=536870916.
2023-07-30 17:07:37,807:INFO:16] Getting event for https://sports.mi.foxbet.com/sportsbook/v1/api/getEvent?eventId=9557684&channelId=20&locale=en-us&siteId=536870916.
2023-07-30 17:07:38,145:INFO:104] Getting markets for https://sports.mi.foxbet.com/sportsbook/v1/api/getEvent?eventId=9557686&channelId=20&locale=en-us&siteId=536870916.
2023-07-30 17:07:38,145:INFO:16] Getting event for https://sports.mi.foxbet.com/sportsbook/v1/api/getEvent?eventId=9557686&channelId=20&locale=en-us&siteId=536870916.
2023-07-30 17:07:38,381:INFO:104] Getting markets for https://sports.mi.foxbet.com/sportsbook/v1/api/getEvent?eventId=9557688&channelId=20&locale=en-us&siteId=536870916.
2023-07-30 17:07:38,381:INFO:16] Getting event for https://sports.mi.foxbet.com/sportsbook/v1/api/getEvent?eventId=9557688&channelId=20&locale=en-us&siteId=536870916.
2023-07-30 17:07:38,913:INFO:104] Getting markets for https://sports.mi.foxbet.com/sportsbook/v1/api/getEvent?eventId=9557690&channelId=20&locale=en-us&siteId=536870916.
2023-07-30 17:07:38,913:INFO:16] Getting event for https://sports.mi.foxbet.com/sportsbook/v1/api/getEvent?eventId=9557690&channelId=20&locale=en-us&siteId=536870916.
2023-07-30 17:07:39,566:INFO:104] Getting markets for https://sports.mi.foxbet.com/sportsbook/v1/api/getEvent?eventId=9557692&channelId=20&locale=en-us&siteId=536870916.
2023-07-30 17:07:39,566:INFO:16] Getting event for https://sports.mi.foxbet.com/sportsbook/v1/api/getEvent?eventId=9557692&channelId=20&locale=en-us&siteId=536870916.
2023-07-30 17:07:40,024:INFO:104] Getting markets for https://sports.mi.foxbet.com/sportsbook/v1/api/getEvent?eventId=9557694&channelId=20&locale=en-us&siteId=536870916.
2023-07-30 17:07:40,024:INFO:16] Getting event for https://sports.mi.foxbet.com/sportsbook/v1/api/getEvent?eventId=9557694&channelId=20&locale=en-us&siteId=536870916.
2023-07-30 17:07:40,557:INFO:104] Getting markets for https://sports.mi.foxbet.com/sportsbook/v1/api/getEvent?eventId=9557696&channelId=20&locale=en-us&siteId=536870916.
2023-07-30 17:07:40,557:INFO:16] Getting event for https://sports.mi.foxbet.com/sportsbook/v1/api/getEvent?eventId=9557696&channelId=20&locale=en-us&siteId=536870916.
2023-07-30 17:07:41,102:INFO:104] Getting markets for https://sports.mi.foxbet.com/sportsbook/v1/api/getEvent?eventId=9557698&channelId=20&locale=en-us&siteId=536870916.
2023-07-30 17:07:41,102:INFO:16] Getting event for https://sports.mi.foxbet.com/sportsbook/v1/api/getEvent?eventId=9557698&channelId=20&locale=en-us&siteId=536870916.
2023-07-30 17:07:41,719:INFO:104] Getting markets for https://sports.mi.foxbet.com/sportsbook/v1/api/getEvent?eventId=9557700&channelId=20&locale=en-us&siteId=536870916.
2023-07-30 17:07:41,719:INFO:16] Getting event for https://sports.mi.foxbet.com/sportsbook/v1/api/getEvent?eventId=9557700&channelId=20&locale=en-us&siteId=536870916.
2023-07-30 17:07:42,225:INFO:104] Getting markets for https://sports.mi.foxbet.com/sportsbook/v1/api/getEvent?eventId=9557704&channelId=20&locale=en-us&siteId=536870916.
2023-07-30 17:07:42,225:INFO:16] Getting event for https://sports.mi.foxbet.com/sportsbook/v1/api/getEvent?eventId=9557704&channelId=20&locale=en-us&siteId=536870916.
2023-07-30 17:07:42,445:INFO:104] Getting markets for https://sports.mi.foxbet.com/sportsbook/v1/api/getEvent?eventId=9557706&channelId=20&locale=en-us&siteId=536870916.
2023-07-30 17:07:42,445:INFO:16] Getting event for https://sports.mi.foxbet.com/sportsbook/v1/api/getEvent?eventId=9557706&channelId=20&locale=en-us&siteId=536870916.
2023-07-30 17:07:42,648:INFO:104] Getting markets for https://sports.mi.foxbet.com/sportsbook/v1/api/getEvent?eventId=9557708&channelId=20&locale=en-us&siteId=536870916.
2023-07-30 17:07:42,648:INFO:16] Getting event for https://sports.mi.foxbet.com/sportsbook/v1/api/getEvent?eventId=9557708&channelId=20&locale=en-us&siteId=536870916.
2023-07-30 17:07:43,142:INFO:104] Getting markets for https://sports.mi.foxbet.com/sportsbook/v1/api/getEvent?eventId=9557710&channelId=20&locale=en-us&siteId=536870916.
2023-07-30 17:07:43,142:INFO:16] Getting event for https://sports.mi.foxbet.com/sportsbook/v1/api/getEvent?eventId=9557710&channelId=20&locale=en-us&siteId=536870916.
2023-07-30 17:07:43,697:INFO:104] Getting markets for https://sports.mi.foxbet.com/sportsbook/v1/api/getEvent?eventId=9557712&channelId=20&locale=en-us&siteId=536870916.
2023-07-30 17:07:43,697:INFO:16] Getting event for https://sports.mi.foxbet.com/sportsbook/v1/api/getEvent?eventId=9557712&channelId=20&locale=en-us&siteId=536870916.
2023-07-30 17:07:44,277:INFO:104] Getting markets for https://sports.mi.foxbet.com/sportsbook/v1/api/getEvent?eventId=9557714&channelId=20&locale=en-us&siteId=536870916.
2023-07-30 17:07:44,278:INFO:16] Getting event for https://sports.mi.foxbet.com/sportsbook/v1/api/getEvent?eventId=9557714&channelId=20&locale=en-us&siteId=536870916.
2023-07-30 17:07:44,891:INFO:104] Getting markets for https://sports.mi.foxbet.com/sportsbook/v1/api/getEvent?eventId=9557716&channelId=20&locale=en-us&siteId=536870916.
2023-07-30 17:07:44,891:INFO:16] Getting event for https://sports.mi.foxbet.com/sportsbook/v1/api/getEvent?eventId=9557716&channelId=20&locale=en-us&siteId=536870916.
2023-07-30 17:07:45,406:INFO:104] Getting markets for https://sports.mi.foxbet.com/sportsbook/v1/api/getEvent?eventId=9557718&channelId=20&locale=en-us&siteId=536870916.
2023-07-30 17:07:45,406:INFO:16] Getting event for https://sports.mi.foxbet.com/sportsbook/v1/api/getEvent?eventId=9557718&channelId=20&locale=en-us&siteId=536870916.
2023-07-30 17:07:45,984:INFO:104] Getting markets for https://sports.mi.foxbet.com/sportsbook/v1/api/getEvent?eventId=9569896&channelId=20&locale=en-us&siteId=536870916.
2023-07-30 17:07:45,984:INFO:16] Getting event for https://sports.mi.foxbet.com/sportsbook/v1/api/getEvent?eventId=9569896&channelId=20&locale=en-us&siteId=536870916.
2023-07-30 17:07:46,503:INFO:104] Getting markets for https://sports.mi.foxbet.com/sportsbook/v1/api/getEvent?eventId=9569964&channelId=20&locale=en-us&siteId=536870916.
2023-07-30 17:07:46,503:INFO:16] Getting event for https://sports.mi.foxbet.com/sportsbook/v1/api/getEvent?eventId=9569964&channelId=20&locale=en-us&siteId=536870916.
2023-07-30 17:07:46,991:INFO:104] Getting markets for https://sports.mi.foxbet.com/sportsbook/v1/api/getEvent?eventId=9570054&channelId=20&locale=en-us&siteId=536870916.
2023-07-30 17:07:46,991:INFO:16] Getting event for https://sports.mi.foxbet.com/sportsbook/v1/api/getEvent?eventId=9570054&channelId=20&locale=en-us&siteId=536870916.
2023-07-30 17:07:47,484:INFO:104] Getting markets for https://sports.mi.foxbet.com/sportsbook/v1/api/getEvent?eventId=9570074&channelId=20&locale=en-us&siteId=536870916.
2023-07-30 17:07:47,484:INFO:16] Getting event for https://sports.mi.foxbet.com/sportsbook/v1/api/getEvent?eventId=9570074&channelId=20&locale=en-us&siteId=536870916.
2023-07-30 17:07:48,016:INFO:104] Getting markets for https://sports.mi.foxbet.com/sportsbook/v1/api/getEvent?eventId=9570838&channelId=20&locale=en-us&siteId=536870916.
2023-07-30 17:07:48,016:INFO:16] Getting event for https://sports.mi.foxbet.com/sportsbook/v1/api/getEvent?eventId=9570838&channelId=20&locale=en-us&siteId=536870916.
2023-07-30 17:07:48,618:INFO:104] Getting markets for https://sports.mi.foxbet.com/sportsbook/v1/api/getEvent?eventId=9571006&channelId=20&locale=en-us&siteId=536870916.
2023-07-30 17:07:48,618:INFO:16] Getting event for https://sports.mi.foxbet.com/sportsbook/v1/api/getEvent?eventId=9571006&channelId=20&locale=en-us&siteId=536870916.
2023-07-30 17:07:49,044:INFO:104] Getting markets for https://sports.mi.foxbet.com/sportsbook/v1/api/getEvent?eventId=9571008&channelId=20&locale=en-us&siteId=536870916.
2023-07-30 17:07:49,044:INFO:16] Getting event for https://sports.mi.foxbet.com/sportsbook/v1/api/getEvent?eventId=9571008&channelId=20&locale=en-us&siteId=536870916.
2023-07-30 17:07:49,564:INFO:104] Getting markets for https://sports.mi.foxbet.com/sportsbook/v1/api/getEvent?eventId=9571010&channelId=20&locale=en-us&siteId=536870916.
2023-07-30 17:07:49,564:INFO:16] Getting event for https://sports.mi.foxbet.com/sportsbook/v1/api/getEvent?eventId=9571010&channelId=20&locale=en-us&siteId=536870916.
2023-07-30 17:07:50,091:INFO:104] Getting markets for https://sports.mi.foxbet.com/sportsbook/v1/api/getEvent?eventId=9571012&channelId=20&locale=en-us&siteId=536870916.
2023-07-30 17:07:50,091:INFO:16] Getting event for https://sports.mi.foxbet.com/sportsbook/v1/api/getEvent?eventId=9571012&channelId=20&locale=en-us&siteId=536870916.
2023-07-30 17:07:50,337:INFO:104] Getting markets for https://sports.mi.foxbet.com/sportsbook/v1/api/getEvent?eventId=9571014&channelId=20&locale=en-us&siteId=536870916.
2023-07-30 17:07:50,337:INFO:16] Getting event for https://sports.mi.foxbet.com/sportsbook/v1/api/getEvent?eventId=9571014&channelId=20&locale=en-us&siteId=536870916.
2023-07-30 17:07:50,805:INFO:104] Getting markets for https://sports.mi.foxbet.com/sportsbook/v1/api/getEvent?eventId=9571016&channelId=20&locale=en-us&siteId=536870916.
2023-07-30 17:07:50,806:INFO:16] Getting event for https://sports.mi.foxbet.com/sportsbook/v1/api/getEvent?eventId=9571016&channelId=20&locale=en-us&siteId=536870916.
2023-07-30 17:07:51,291:INFO:104] Getting markets for https://sports.mi.foxbet.com/sportsbook/v1/api/getEvent?eventId=9571018&channelId=20&locale=en-us&siteId=536870916.
2023-07-30 17:07:51,291:INFO:16] Getting event for https://sports.mi.foxbet.com/sportsbook/v1/api/getEvent?eventId=9571018&channelId=20&locale=en-us&siteId=536870916.
2023-07-30 17:07:51,853:INFO:104] Getting markets for https://sports.mi.foxbet.com/sportsbook/v1/api/getEvent?eventId=9571020&channelId=20&locale=en-us&siteId=536870916.
2023-07-30 17:07:51,853:INFO:16] Getting event for https://sports.mi.foxbet.com/sportsbook/v1/api/getEvent?eventId=9571020&channelId=20&locale=en-us&siteId=536870916.
2023-07-30 17:07:52,337:INFO:104] Getting markets for https://sports.mi.foxbet.com/sportsbook/v1/api/getEvent?eventId=9571024&channelId=20&locale=en-us&siteId=536870916.
2023-07-30 17:07:52,337:INFO:16] Getting event for https://sports.mi.foxbet.com/sportsbook/v1/api/getEvent?eventId=9571024&channelId=20&locale=en-us&siteId=536870916.
2023-07-30 17:07:52,832:INFO:104] Getting markets for https://sports.mi.foxbet.com/sportsbook/v1/api/getEvent?eventId=9571026&channelId=20&locale=en-us&siteId=536870916.
2023-07-30 17:07:52,832:INFO:16] Getting event for https://sports.mi.foxbet.com/sportsbook/v1/api/getEvent?eventId=9571026&channelId=20&locale=en-us&siteId=536870916.
2023-07-30 17:07:53,110:INFO:104] Getting markets for https://sports.mi.foxbet.com/sportsbook/v1/api/getEvent?eventId=9571028&channelId=20&locale=en-us&siteId=536870916.
2023-07-30 17:07:53,110:INFO:16] Getting event for https://sports.mi.foxbet.com/sportsbook/v1/api/getEvent?eventId=9571028&channelId=20&locale=en-us&siteId=536870916.
2023-07-30 17:07:53,652:INFO:104] Getting markets for https://sports.mi.foxbet.com/sportsbook/v1/api/getEvent?eventId=9571142&channelId=20&locale=en-us&siteId=536870916.
2023-07-30 17:07:53,652:INFO:16] Getting event for https://sports.mi.foxbet.com/sportsbook/v1/api/getEvent?eventId=9571142&channelId=20&locale=en-us&siteId=536870916.
2023-07-30 17:07:54,182:INFO:104] Getting markets for https://sports.mi.foxbet.com/sportsbook/v1/api/getEvent?eventId=9571706&channelId=20&locale=en-us&siteId=536870916.
2023-07-30 17:07:54,182:INFO:16] Getting event for https://sports.mi.foxbet.com/sportsbook/v1/api/getEvent?eventId=9571706&channelId=20&locale=en-us&siteId=536870916.
2023-07-30 17:07:54,826:INFO:104] Getting markets for https://sports.mi.foxbet.com/sportsbook/v1/api/getEvent?eventId=9571790&channelId=20&locale=en-us&siteId=536870916.
2023-07-30 17:07:54,826:INFO:16] Getting event for https://sports.mi.foxbet.com/sportsbook/v1/api/getEvent?eventId=9571790&channelId=20&locale=en-us&siteId=536870916.
2023-07-30 17:07:55,442:INFO:104] Getting markets for https://sports.mi.foxbet.com/sportsbook/v1/api/getEvent?eventId=9571816&channelId=20&locale=en-us&siteId=536870916.
2023-07-30 17:07:55,442:INFO:16] Getting event for https://sports.mi.foxbet.com/sportsbook/v1/api/getEvent?eventId=9571816&channelId=20&locale=en-us&siteId=536870916.
2023-07-30 17:07:55,947:INFO:104] Getting markets for https://sports.mi.foxbet.com/sportsbook/v1/api/getEvent?eventId=9571850&channelId=20&locale=en-us&siteId=536870916.
2023-07-30 17:07:55,947:INFO:16] Getting event for https://sports.mi.foxbet.com/sportsbook/v1/api/getEvent?eventId=9571850&channelId=20&locale=en-us&siteId=536870916.
2023-07-30 17:07:56,488:INFO:104] Getting markets for https://sports.mi.foxbet.com/sportsbook/v1/api/getEvent?eventId=9571894&channelId=20&locale=en-us&siteId=536870916.
2023-07-30 17:07:56,488:INFO:16] Getting event for https://sports.mi.foxbet.com/sportsbook/v1/api/getEvent?eventId=9571894&channelId=20&locale=en-us&siteId=536870916.
2023-07-30 17:07:57,081:INFO:104] Getting markets for https://sports.mi.foxbet.com/sportsbook/v1/api/getEvent?eventId=9571944&channelId=20&locale=en-us&siteId=536870916.
2023-07-30 17:07:57,082:INFO:16] Getting event for https://sports.mi.foxbet.com/sportsbook/v1/api/getEvent?eventId=9571944&channelId=20&locale=en-us&siteId=536870916.
2023-07-30 17:07:57,643:INFO:104] Getting markets for https://sports.mi.foxbet.com/sportsbook/v1/api/getEvent?eventId=9572010&channelId=20&locale=en-us&siteId=536870916.
2023-07-30 17:07:57,643:INFO:16] Getting event for https://sports.mi.foxbet.com/sportsbook/v1/api/getEvent?eventId=9572010&channelId=20&locale=en-us&siteId=536870916.
2023-07-30 17:07:57,898:INFO:104] Getting markets for https://sports.mi.foxbet.com/sportsbook/v1/api/getEvent?eventId=9572780&channelId=20&locale=en-us&siteId=536870916.
2023-07-30 17:07:57,899:INFO:16] Getting event for https://sports.mi.foxbet.com/sportsbook/v1/api/getEvent?eventId=9572780&channelId=20&locale=en-us&siteId=536870916.
2023-07-30 17:07:58,414:INFO:104] Getting markets for https://sports.mi.foxbet.com/sportsbook/v1/api/getEvent?eventId=9580528&channelId=20&locale=en-us&siteId=536870916.
2023-07-30 17:07:58,414:INFO:16] Getting event for https://sports.mi.foxbet.com/sportsbook/v1/api/getEvent?eventId=9580528&channelId=20&locale=en-us&siteId=536870916.
2023-07-30 17:07:58,669:INFO:104] Getting markets for https://sports.mi.foxbet.com/sportsbook/v1/api/getEvent?eventId=9580530&channelId=20&locale=en-us&siteId=536870916.
2023-07-30 17:07:58,669:INFO:16] Getting event for https://sports.mi.foxbet.com/sportsbook/v1/api/getEvent?eventId=9580530&channelId=20&locale=en-us&siteId=536870916.
2023-07-30 17:07:58,865:INFO:104] Getting markets for https://sports.mi.foxbet.com/sportsbook/v1/api/getEvent?eventId=9581540&channelId=20&locale=en-us&siteId=536870916.
2023-07-30 17:07:58,865:INFO:16] Getting event for https://sports.mi.foxbet.com/sportsbook/v1/api/getEvent?eventId=9581540&channelId=20&locale=en-us&siteId=536870916.
2023-07-30 17:07:59,151:INFO:104] Getting markets for https://sports.mi.foxbet.com/sportsbook/v1/api/getEvent?eventId=9581542&channelId=20&locale=en-us&siteId=536870916.
2023-07-30 17:07:59,151:INFO:16] Getting event for https://sports.mi.foxbet.com/sportsbook/v1/api/getEvent?eventId=9581542&channelId=20&locale=en-us&siteId=536870916.
2023-07-30 17:07:59,827:INFO:104] Getting markets for https://sports.mi.foxbet.com/sportsbook/v1/api/getEvent?eventId=9582754&channelId=20&locale=en-us&siteId=536870916.
2023-07-30 17:07:59,827:INFO:16] Getting event for https://sports.mi.foxbet.com/sportsbook/v1/api/getEvent?eventId=9582754&channelId=20&locale=en-us&siteId=536870916.
2023-07-30 17:08:00,306:INFO:104] Getting markets for https://sports.mi.foxbet.com/sportsbook/v1/api/getEvent?eventId=9582922&channelId=20&locale=en-us&siteId=536870916.
2023-07-30 17:08:00,306:INFO:16] Getting event for https://sports.mi.foxbet.com/sportsbook/v1/api/getEvent?eventId=9582922&channelId=20&locale=en-us&siteId=536870916.
2023-07-30 17:08:00,576:INFO:104] Getting markets for https://sports.mi.foxbet.com/sportsbook/v1/api/getEvent?eventId=9582924&channelId=20&locale=en-us&siteId=536870916.
2023-07-30 17:08:00,576:INFO:16] Getting event for https://sports.mi.foxbet.com/sportsbook/v1/api/getEvent?eventId=9582924&channelId=20&locale=en-us&siteId=536870916.
2023-07-30 17:08:00,841:INFO:104] Getting markets for https://sports.mi.foxbet.com/sportsbook/v1/api/getEvent?eventId=9583114&channelId=20&locale=en-us&siteId=536870916.
2023-07-30 17:08:00,841:INFO:16] Getting event for https://sports.mi.foxbet.com/sportsbook/v1/api/getEvent?eventId=9583114&channelId=20&locale=en-us&siteId=536870916.
2023-07-30 17:08:01,092:INFO:104] Getting markets for https://sports.mi.foxbet.com/sportsbook/v1/api/getEvent?eventId=9583420&channelId=20&locale=en-us&siteId=536870916.
2023-07-30 17:08:01,092:INFO:16] Getting event for https://sports.mi.foxbet.com/sportsbook/v1/api/getEvent?eventId=9583420&channelId=20&locale=en-us&siteId=536870916.
2023-07-30 17:08:01,304:INFO:104] Getting markets for https://sports.mi.foxbet.com/sportsbook/v1/api/getEvent?eventId=9583424&channelId=20&locale=en-us&siteId=536870916.
2023-07-30 17:08:01,304:INFO:16] Getting event for https://sports.mi.foxbet.com/sportsbook/v1/api/getEvent?eventId=9583424&channelId=20&locale=en-us&siteId=536870916.
2023-07-30 17:08:01,745:INFO:104] Getting markets for https://sports.mi.foxbet.com/sportsbook/v1/api/getEvent?eventId=9583428&channelId=20&locale=en-us&siteId=536870916.
2023-07-30 17:08:01,745:INFO:16] Getting event for https://sports.mi.foxbet.com/sportsbook/v1/api/getEvent?eventId=9583428&channelId=20&locale=en-us&siteId=536870916.
2023-07-30 17:08:01,973:INFO:104] Getting markets for https://sports.mi.foxbet.com/sportsbook/v1/api/getEvent?eventId=9583440&channelId=20&locale=en-us&siteId=536870916.
2023-07-30 17:08:01,973:INFO:16] Getting event for https://sports.mi.foxbet.com/sportsbook/v1/api/getEvent?eventId=9583440&channelId=20&locale=en-us&siteId=536870916.
2023-07-30 17:08:02,282:INFO:104] Getting markets for https://sports.mi.foxbet.com/sportsbook/v1/api/getEvent?eventId=9583442&channelId=20&locale=en-us&siteId=536870916.
2023-07-30 17:08:02,282:INFO:16] Getting event for https://sports.mi.foxbet.com/sportsbook/v1/api/getEvent?eventId=9583442&channelId=20&locale=en-us&siteId=536870916.
2023-07-30 17:08:02,495:INFO:104] Getting markets for https://sports.mi.foxbet.com/sportsbook/v1/api/getEvent?eventId=9583452&channelId=20&locale=en-us&siteId=536870916.
2023-07-30 17:08:02,495:INFO:16] Getting event for https://sports.mi.foxbet.com/sportsbook/v1/api/getEvent?eventId=9583452&channelId=20&locale=en-us&siteId=536870916.
2023-07-30 17:08:02,751:INFO:104] Getting markets for https://sports.mi.foxbet.com/sportsbook/v1/api/getEvent?eventId=9583464&channelId=20&locale=en-us&siteId=536870916.
2023-07-30 17:08:02,751:INFO:16] Getting event for https://sports.mi.foxbet.com/sportsbook/v1/api/getEvent?eventId=9583464&channelId=20&locale=en-us&siteId=536870916.
2023-07-30 17:08:03,011:INFO:104] Getting markets for https://sports.mi.foxbet.com/sportsbook/v1/api/getEvent?eventId=9583466&channelId=20&locale=en-us&siteId=536870916.
2023-07-30 17:08:03,011:INFO:16] Getting event for https://sports.mi.foxbet.com/sportsbook/v1/api/getEvent?eventId=9583466&channelId=20&locale=en-us&siteId=536870916.
2023-07-30 17:08:03,250:INFO:104] Getting markets for https://sports.mi.foxbet.com/sportsbook/v1/api/getEvent?eventId=9583480&channelId=20&locale=en-us&siteId=536870916.
2023-07-30 17:08:03,250:INFO:16] Getting event for https://sports.mi.foxbet.com/sportsbook/v1/api/getEvent?eventId=9583480&channelId=20&locale=en-us&siteId=536870916.
2023-07-30 17:08:03,467:INFO:104] Getting markets for https://sports.mi.foxbet.com/sportsbook/v1/api/getEvent?eventId=9583492&channelId=20&locale=en-us&siteId=536870916.
2023-07-30 17:08:03,467:INFO:16] Getting event for https://sports.mi.foxbet.com/sportsbook/v1/api/getEvent?eventId=9583492&channelId=20&locale=en-us&siteId=536870916.
2023-07-30 17:08:03,804:INFO:104] Getting markets for https://sports.mi.foxbet.com/sportsbook/v1/api/getEvent?eventId=9583502&channelId=20&locale=en-us&siteId=536870916.
2023-07-30 17:08:03,804:INFO:16] Getting event for https://sports.mi.foxbet.com/sportsbook/v1/api/getEvent?eventId=9583502&channelId=20&locale=en-us&siteId=536870916.
2023-07-30 17:08:04,108:INFO:104] Getting markets for https://sports.mi.foxbet.com/sportsbook/v1/api/getEvent?eventId=9583518&channelId=20&locale=en-us&siteId=536870916.
2023-07-30 17:08:04,108:INFO:16] Getting event for https://sports.mi.foxbet.com/sportsbook/v1/api/getEvent?eventId=9583518&channelId=20&locale=en-us&siteId=536870916.
2023-07-30 17:08:04,433:INFO:104] Getting markets for https://sports.mi.foxbet.com/sportsbook/v1/api/getEvent?eventId=9583526&channelId=20&locale=en-us&siteId=536870916.
2023-07-30 17:08:04,433:INFO:16] Getting event for https://sports.mi.foxbet.com/sportsbook/v1/api/getEvent?eventId=9583526&channelId=20&locale=en-us&siteId=536870916.
2023-07-30 17:08:04,791:INFO:104] Getting markets for https://sports.mi.foxbet.com/sportsbook/v1/api/getEvent?eventId=9583550&channelId=20&locale=en-us&siteId=536870916.
2023-07-30 17:08:04,791:INFO:16] Getting event for https://sports.mi.foxbet.com/sportsbook/v1/api/getEvent?eventId=9583550&channelId=20&locale=en-us&siteId=536870916.
2023-07-30 17:08:05,154:INFO:104] Getting markets for https://sports.mi.foxbet.com/sportsbook/v1/api/getEvent?eventId=9583576&channelId=20&locale=en-us&siteId=536870916.
2023-07-30 17:08:05,154:INFO:16] Getting event for https://sports.mi.foxbet.com/sportsbook/v1/api/getEvent?eventId=9583576&channelId=20&locale=en-us&siteId=536870916.
2023-07-30 17:08:05,377:INFO:104] Getting markets for https://sports.mi.foxbet.com/sportsbook/v1/api/getEvent?eventId=9583582&channelId=20&locale=en-us&siteId=536870916.
2023-07-30 17:08:05,377:INFO:16] Getting event for https://sports.mi.foxbet.com/sportsbook/v1/api/getEvent?eventId=9583582&channelId=20&locale=en-us&siteId=536870916.
2023-07-30 17:08:05,558:INFO:104] Getting markets for https://sports.mi.foxbet.com/sportsbook/v1/api/getEvent?eventId=9583590&channelId=20&locale=en-us&siteId=536870916.
2023-07-30 17:08:05,558:INFO:16] Getting event for https://sports.mi.foxbet.com/sportsbook/v1/api/getEvent?eventId=9583590&channelId=20&locale=en-us&siteId=536870916.
2023-07-30 17:08:05,843:INFO:104] Getting markets for https://sports.mi.foxbet.com/sportsbook/v1/api/getEvent?eventId=9583612&channelId=20&locale=en-us&siteId=536870916.
2023-07-30 17:08:05,843:INFO:16] Getting event for https://sports.mi.foxbet.com/sportsbook/v1/api/getEvent?eventId=9583612&channelId=20&locale=en-us&siteId=536870916.
2023-07-30 17:08:06,114:INFO:104] Getting markets for https://sports.mi.foxbet.com/sportsbook/v1/api/getEvent?eventId=9583998&channelId=20&locale=en-us&siteId=536870916.
2023-07-30 17:08:06,114:INFO:16] Getting event for https://sports.mi.foxbet.com/sportsbook/v1/api/getEvent?eventId=9583998&channelId=20&locale=en-us&siteId=536870916.
2023-07-30 17:08:06,631:INFO:104] Getting markets for https://sports.mi.foxbet.com/sportsbook/v1/api/getEvent?eventId=9584414&channelId=20&locale=en-us&siteId=536870916.
2023-07-30 17:08:06,631:INFO:16] Getting event for https://sports.mi.foxbet.com/sportsbook/v1/api/getEvent?eventId=9584414&channelId=20&locale=en-us&siteId=536870916.
2023-07-30 17:08:07,189:INFO:104] Getting markets for https://sports.mi.foxbet.com/sportsbook/v1/api/getEvent?eventId=9584416&channelId=20&locale=en-us&siteId=536870916.
2023-07-30 17:08:07,189:INFO:16] Getting event for https://sports.mi.foxbet.com/sportsbook/v1/api/getEvent?eventId=9584416&channelId=20&locale=en-us&siteId=536870916.
2023-07-30 17:08:07,679:INFO:104] Getting markets for https://sports.mi.foxbet.com/sportsbook/v1/api/getEvent?eventId=9584550&channelId=20&locale=en-us&siteId=536870916.
2023-07-30 17:08:07,679:INFO:16] Getting event for https://sports.mi.foxbet.com/sportsbook/v1/api/getEvent?eventId=9584550&channelId=20&locale=en-us&siteId=536870916.
2023-07-30 17:08:08,253:INFO:104] Getting markets for https://sports.mi.foxbet.com/sportsbook/v1/api/getEvent?eventId=9584552&channelId=20&locale=en-us&siteId=536870916.
2023-07-30 17:08:08,253:INFO:16] Getting event for https://sports.mi.foxbet.com/sportsbook/v1/api/getEvent?eventId=9584552&channelId=20&locale=en-us&siteId=536870916.
2023-07-30 17:08:08,710:INFO:104] Getting markets for https://sports.mi.foxbet.com/sportsbook/v1/api/getEvent?eventId=9584554&channelId=20&locale=en-us&siteId=536870916.
2023-07-30 17:08:08,710:INFO:16] Getting event for https://sports.mi.foxbet.com/sportsbook/v1/api/getEvent?eventId=9584554&channelId=20&locale=en-us&siteId=536870916.
2023-07-30 17:08:09,309:INFO:104] Getting markets for https://sports.mi.foxbet.com/sportsbook/v1/api/getEvent?eventId=9584556&channelId=20&locale=en-us&siteId=536870916.
2023-07-30 17:08:09,309:INFO:16] Getting event for https://sports.mi.foxbet.com/sportsbook/v1/api/getEvent?eventId=9584556&channelId=20&locale=en-us&siteId=536870916.
2023-07-30 17:08:09,809:INFO:104] Getting markets for https://sports.mi.foxbet.com/sportsbook/v1/api/getEvent?eventId=9584558&channelId=20&locale=en-us&siteId=536870916.
2023-07-30 17:08:09,809:INFO:16] Getting event for https://sports.mi.foxbet.com/sportsbook/v1/api/getEvent?eventId=9584558&channelId=20&locale=en-us&siteId=536870916.
2023-07-30 17:08:10,261:INFO:104] Getting markets for https://sports.mi.foxbet.com/sportsbook/v1/api/getEvent?eventId=9584560&channelId=20&locale=en-us&siteId=536870916.
2023-07-30 17:08:10,261:INFO:16] Getting event for https://sports.mi.foxbet.com/sportsbook/v1/api/getEvent?eventId=9584560&channelId=20&locale=en-us&siteId=536870916.
2023-07-30 17:08:10,487:INFO:104] Getting markets for https://sports.mi.foxbet.com/sportsbook/v1/api/getEvent?eventId=9584562&channelId=20&locale=en-us&siteId=536870916.
2023-07-30 17:08:10,487:INFO:16] Getting event for https://sports.mi.foxbet.com/sportsbook/v1/api/getEvent?eventId=9584562&channelId=20&locale=en-us&siteId=536870916.
2023-07-30 17:08:11,014:INFO:104] Getting markets for https://sports.mi.foxbet.com/sportsbook/v1/api/getEvent?eventId=9584564&channelId=20&locale=en-us&siteId=536870916.
2023-07-30 17:08:11,014:INFO:16] Getting event for https://sports.mi.foxbet.com/sportsbook/v1/api/getEvent?eventId=9584564&channelId=20&locale=en-us&siteId=536870916.
2023-07-30 17:08:11,258:INFO:104] Getting markets for https://sports.mi.foxbet.com/sportsbook/v1/api/getEvent?eventId=9584566&channelId=20&locale=en-us&siteId=536870916.
2023-07-30 17:08:11,258:INFO:16] Getting event for https://sports.mi.foxbet.com/sportsbook/v1/api/getEvent?eventId=9584566&channelId=20&locale=en-us&siteId=536870916.
2023-07-30 17:08:11,500:INFO:104] Getting markets for https://sports.mi.foxbet.com/sportsbook/v1/api/getEvent?eventId=9584568&channelId=20&locale=en-us&siteId=536870916.
2023-07-30 17:08:11,500:INFO:16] Getting event for https://sports.mi.foxbet.com/sportsbook/v1/api/getEvent?eventId=9584568&channelId=20&locale=en-us&siteId=536870916.
2023-07-30 17:08:11,733:INFO:104] Getting markets for https://sports.mi.foxbet.com/sportsbook/v1/api/getEvent?eventId=9584582&channelId=20&locale=en-us&siteId=536870916.
2023-07-30 17:08:11,733:INFO:16] Getting event for https://sports.mi.foxbet.com/sportsbook/v1/api/getEvent?eventId=9584582&channelId=20&locale=en-us&siteId=536870916.
2023-07-30 17:08:12,014:INFO:104] Getting markets for https://sports.mi.foxbet.com/sportsbook/v1/api/getEvent?eventId=9584584&channelId=20&locale=en-us&siteId=536870916.
2023-07-30 17:08:12,014:INFO:16] Getting event for https://sports.mi.foxbet.com/sportsbook/v1/api/getEvent?eventId=9584584&channelId=20&locale=en-us&siteId=536870916.
2023-07-30 17:08:12,414:INFO:104] Getting markets for https://sports.mi.foxbet.com/sportsbook/v1/api/getEvent?eventId=9584626&channelId=20&locale=en-us&siteId=536870916.
2023-07-30 17:08:12,414:INFO:16] Getting event for https://sports.mi.foxbet.com/sportsbook/v1/api/getEvent?eventId=9584626&channelId=20&locale=en-us&siteId=536870916.
2023-07-30 17:08:12,762:INFO:104] Getting markets for https://sports.mi.foxbet.com/sportsbook/v1/api/getEvent?eventId=9584628&channelId=20&locale=en-us&siteId=536870916.
2023-07-30 17:08:12,762:INFO:16] Getting event for https://sports.mi.foxbet.com/sportsbook/v1/api/getEvent?eventId=9584628&channelId=20&locale=en-us&siteId=536870916.
2023-07-30 17:08:12,980:INFO:104] Getting markets for https://sports.mi.foxbet.com/sportsbook/v1/api/getEvent?eventId=9584630&channelId=20&locale=en-us&siteId=536870916.
2023-07-30 17:08:12,980:INFO:16] Getting event for https://sports.mi.foxbet.com/sportsbook/v1/api/getEvent?eventId=9584630&channelId=20&locale=en-us&siteId=536870916.
2023-07-30 17:08:13,248:INFO:104] Getting markets for https://sports.mi.foxbet.com/sportsbook/v1/api/getEvent?eventId=9584632&channelId=20&locale=en-us&siteId=536870916.
2023-07-30 17:08:13,248:INFO:16] Getting event for https://sports.mi.foxbet.com/sportsbook/v1/api/getEvent?eventId=9584632&channelId=20&locale=en-us&siteId=536870916.
2023-07-30 17:08:13,536:INFO:104] Getting markets for https://sports.mi.foxbet.com/sportsbook/v1/api/getEvent?eventId=9584634&channelId=20&locale=en-us&siteId=536870916.
2023-07-30 17:08:13,536:INFO:16] Getting event for https://sports.mi.foxbet.com/sportsbook/v1/api/getEvent?eventId=9584634&channelId=20&locale=en-us&siteId=536870916.
2023-07-30 17:08:13,785:INFO:104] Getting markets for https://sports.mi.foxbet.com/sportsbook/v1/api/getEvent?eventId=9585134&channelId=20&locale=en-us&siteId=536870916.
2023-07-30 17:08:13,785:INFO:16] Getting event for https://sports.mi.foxbet.com/sportsbook/v1/api/getEvent?eventId=9585134&channelId=20&locale=en-us&siteId=536870916.
2023-07-30 17:08:14,058:INFO:104] Getting markets for https://sports.mi.foxbet.com/sportsbook/v1/api/getEvent?eventId=9585336&channelId=20&locale=en-us&siteId=536870916.
2023-07-30 17:08:14,058:INFO:16] Getting event for https://sports.mi.foxbet.com/sportsbook/v1/api/getEvent?eventId=9585336&channelId=20&locale=en-us&siteId=536870916.
2023-07-30 17:08:14,282:INFO:104] Getting markets for https://sports.mi.foxbet.com/sportsbook/v1/api/getEvent?eventId=9585372&channelId=20&locale=en-us&siteId=536870916.
2023-07-30 17:08:14,282:INFO:16] Getting event for https://sports.mi.foxbet.com/sportsbook/v1/api/getEvent?eventId=9585372&channelId=20&locale=en-us&siteId=536870916.
2023-07-30 17:08:14,644:INFO:104] Getting markets for https://sports.mi.foxbet.com/sportsbook/v1/api/getEvent?eventId=9585374&channelId=20&locale=en-us&siteId=536870916.
2023-07-30 17:08:14,644:INFO:16] Getting event for https://sports.mi.foxbet.com/sportsbook/v1/api/getEvent?eventId=9585374&channelId=20&locale=en-us&siteId=536870916.
2023-07-30 17:08:15,209:INFO:104] Getting markets for https://sports.mi.foxbet.com/sportsbook/v1/api/getEvent?eventId=9585398&channelId=20&locale=en-us&siteId=536870916.
2023-07-30 17:08:15,209:INFO:16] Getting event for https://sports.mi.foxbet.com/sportsbook/v1/api/getEvent?eventId=9585398&channelId=20&locale=en-us&siteId=536870916.
2023-07-30 17:08:15,723:INFO:104] Getting markets for https://sports.mi.foxbet.com/sportsbook/v1/api/getEvent?eventId=9585418&channelId=20&locale=en-us&siteId=536870916.
2023-07-30 17:08:15,723:INFO:16] Getting event for https://sports.mi.foxbet.com/sportsbook/v1/api/getEvent?eventId=9585418&channelId=20&locale=en-us&siteId=536870916.
2023-07-30 17:08:16,217:INFO:104] Getting markets for https://sports.mi.foxbet.com/sportsbook/v1/api/getEvent?eventId=9585420&channelId=20&locale=en-us&siteId=536870916.
2023-07-30 17:08:16,217:INFO:16] Getting event for https://sports.mi.foxbet.com/sportsbook/v1/api/getEvent?eventId=9585420&channelId=20&locale=en-us&siteId=536870916.
2023-07-30 17:08:16,750:INFO:104] Getting markets for https://sports.mi.foxbet.com/sportsbook/v1/api/getEvent?eventId=9585422&channelId=20&locale=en-us&siteId=536870916.
2023-07-30 17:08:16,750:INFO:16] Getting event for https://sports.mi.foxbet.com/sportsbook/v1/api/getEvent?eventId=9585422&channelId=20&locale=en-us&siteId=536870916.
2023-07-30 17:08:17,357:INFO:104] Getting markets for https://sports.mi.foxbet.com/sportsbook/v1/api/getEvent?eventId=9585424&channelId=20&locale=en-us&siteId=536870916.
2023-07-30 17:08:17,357:INFO:16] Getting event for https://sports.mi.foxbet.com/sportsbook/v1/api/getEvent?eventId=9585424&channelId=20&locale=en-us&siteId=536870916.
2023-07-30 17:08:17,621:INFO:104] Getting markets for https://sports.mi.foxbet.com/sportsbook/v1/api/getEvent?eventId=9585426&channelId=20&locale=en-us&siteId=536870916.
2023-07-30 17:08:17,621:INFO:16] Getting event for https://sports.mi.foxbet.com/sportsbook/v1/api/getEvent?eventId=9585426&channelId=20&locale=en-us&siteId=536870916.
2023-07-30 17:08:18,139:INFO:104] Getting markets for https://sports.mi.foxbet.com/sportsbook/v1/api/getEvent?eventId=9585430&channelId=20&locale=en-us&siteId=536870916.
2023-07-30 17:08:18,139:INFO:16] Getting event for https://sports.mi.foxbet.com/sportsbook/v1/api/getEvent?eventId=9585430&channelId=20&locale=en-us&siteId=536870916.
2023-07-30 17:08:18,376:INFO:104] Getting markets for https://sports.mi.foxbet.com/sportsbook/v1/api/getEvent?eventId=9585440&channelId=20&locale=en-us&siteId=536870916.
2023-07-30 17:08:18,376:INFO:16] Getting event for https://sports.mi.foxbet.com/sportsbook/v1/api/getEvent?eventId=9585440&channelId=20&locale=en-us&siteId=536870916.
2023-07-30 17:08:18,877:INFO:104] Getting markets for https://sports.mi.foxbet.com/sportsbook/v1/api/getEvent?eventId=9585442&channelId=20&locale=en-us&siteId=536870916.
2023-07-30 17:08:18,877:INFO:16] Getting event for https://sports.mi.foxbet.com/sportsbook/v1/api/getEvent?eventId=9585442&channelId=20&locale=en-us&siteId=536870916.
2023-07-30 17:08:19,120:INFO:104] Getting markets for https://sports.mi.foxbet.com/sportsbook/v1/api/getEvent?eventId=9585444&channelId=20&locale=en-us&siteId=536870916.
2023-07-30 17:08:19,120:INFO:16] Getting event for https://sports.mi.foxbet.com/sportsbook/v1/api/getEvent?eventId=9585444&channelId=20&locale=en-us&siteId=536870916.
2023-07-30 17:08:19,361:INFO:104] Getting markets for https://sports.mi.foxbet.com/sportsbook/v1/api/getEvent?eventId=9585446&channelId=20&locale=en-us&siteId=536870916.
2023-07-30 17:08:19,361:INFO:16] Getting event for https://sports.mi.foxbet.com/sportsbook/v1/api/getEvent?eventId=9585446&channelId=20&locale=en-us&siteId=536870916.
2023-07-30 17:08:19,923:INFO:104] Getting markets for https://sports.mi.foxbet.com/sportsbook/v1/api/getEvent?eventId=9585448&channelId=20&locale=en-us&siteId=536870916.
2023-07-30 17:08:19,923:INFO:16] Getting event for https://sports.mi.foxbet.com/sportsbook/v1/api/getEvent?eventId=9585448&channelId=20&locale=en-us&siteId=536870916.
2023-07-30 17:08:20,455:INFO:104] Getting markets for https://sports.mi.foxbet.com/sportsbook/v1/api/getEvent?eventId=9585458&channelId=20&locale=en-us&siteId=536870916.
2023-07-30 17:08:20,455:INFO:16] Getting event for https://sports.mi.foxbet.com/sportsbook/v1/api/getEvent?eventId=9585458&channelId=20&locale=en-us&siteId=536870916.
2023-07-30 17:08:20,951:INFO:104] Getting markets for https://sports.mi.foxbet.com/sportsbook/v1/api/getEvent?eventId=9585460&channelId=20&locale=en-us&siteId=536870916.
2023-07-30 17:08:20,951:INFO:16] Getting event for https://sports.mi.foxbet.com/sportsbook/v1/api/getEvent?eventId=9585460&channelId=20&locale=en-us&siteId=536870916.
2023-07-30 17:08:21,515:INFO:104] Getting markets for https://sports.mi.foxbet.com/sportsbook/v1/api/getEvent?eventId=9585462&channelId=20&locale=en-us&siteId=536870916.
2023-07-30 17:08:21,515:INFO:16] Getting event for https://sports.mi.foxbet.com/sportsbook/v1/api/getEvent?eventId=9585462&channelId=20&locale=en-us&siteId=536870916.
2023-07-30 17:08:22,011:INFO:104] Getting markets for https://sports.mi.foxbet.com/sportsbook/v1/api/getEvent?eventId=9585504&channelId=20&locale=en-us&siteId=536870916.
2023-07-30 17:08:22,011:INFO:16] Getting event for https://sports.mi.foxbet.com/sportsbook/v1/api/getEvent?eventId=9585504&channelId=20&locale=en-us&siteId=536870916.
2023-07-30 17:08:22,615:INFO:104] Getting markets for https://sports.mi.foxbet.com/sportsbook/v1/api/getEvent?eventId=9585588&channelId=20&locale=en-us&siteId=536870916.
2023-07-30 17:08:22,615:INFO:16] Getting event for https://sports.mi.foxbet.com/sportsbook/v1/api/getEvent?eventId=9585588&channelId=20&locale=en-us&siteId=536870916.
2023-07-30 17:08:23,155:INFO:104] Getting markets for https://sports.mi.foxbet.com/sportsbook/v1/api/getEvent?eventId=9585590&channelId=20&locale=en-us&siteId=536870916.
2023-07-30 17:08:23,155:INFO:16] Getting event for https://sports.mi.foxbet.com/sportsbook/v1/api/getEvent?eventId=9585590&channelId=20&locale=en-us&siteId=536870916.
2023-07-30 17:08:23,370:INFO:104] Getting markets for https://sports.mi.foxbet.com/sportsbook/v1/api/getEvent?eventId=9585592&channelId=20&locale=en-us&siteId=536870916.
2023-07-30 17:08:23,370:INFO:16] Getting event for https://sports.mi.foxbet.com/sportsbook/v1/api/getEvent?eventId=9585592&channelId=20&locale=en-us&siteId=536870916.
2023-07-30 17:08:23,948:INFO:104] Getting markets for https://sports.mi.foxbet.com/sportsbook/v1/api/getEvent?eventId=9585596&channelId=20&locale=en-us&siteId=536870916.
2023-07-30 17:08:23,948:INFO:16] Getting event for https://sports.mi.foxbet.com/sportsbook/v1/api/getEvent?eventId=9585596&channelId=20&locale=en-us&siteId=536870916.
2023-07-30 17:08:24,459:INFO:104] Getting markets for https://sports.mi.foxbet.com/sportsbook/v1/api/getEvent?eventId=9585598&channelId=20&locale=en-us&siteId=536870916.
2023-07-30 17:08:24,459:INFO:16] Getting event for https://sports.mi.foxbet.com/sportsbook/v1/api/getEvent?eventId=9585598&channelId=20&locale=en-us&siteId=536870916.
2023-07-30 17:08:24,688:INFO:104] Getting markets for https://sports.mi.foxbet.com/sportsbook/v1/api/getEvent?eventId=9585600&channelId=20&locale=en-us&siteId=536870916.
2023-07-30 17:08:24,688:INFO:16] Getting event for https://sports.mi.foxbet.com/sportsbook/v1/api/getEvent?eventId=9585600&channelId=20&locale=en-us&siteId=536870916.
2023-07-30 17:08:25,190:INFO:104] Getting markets for https://sports.mi.foxbet.com/sportsbook/v1/api/getEvent?eventId=9585602&channelId=20&locale=en-us&siteId=536870916.
2023-07-30 17:08:25,190:INFO:16] Getting event for https://sports.mi.foxbet.com/sportsbook/v1/api/getEvent?eventId=9585602&channelId=20&locale=en-us&siteId=536870916.
2023-07-30 17:08:25,447:INFO:104] Getting markets for https://sports.mi.foxbet.com/sportsbook/v1/api/getEvent?eventId=9585604&channelId=20&locale=en-us&siteId=536870916.
2023-07-30 17:08:25,447:INFO:16] Getting event for https://sports.mi.foxbet.com/sportsbook/v1/api/getEvent?eventId=9585604&channelId=20&locale=en-us&siteId=536870916.
2023-07-30 17:08:25,696:INFO:104] Getting markets for https://sports.mi.foxbet.com/sportsbook/v1/api/getEvent?eventId=9585606&channelId=20&locale=en-us&siteId=536870916.
2023-07-30 17:08:25,696:INFO:16] Getting event for https://sports.mi.foxbet.com/sportsbook/v1/api/getEvent?eventId=9585606&channelId=20&locale=en-us&siteId=536870916.
2023-07-30 17:08:26,186:INFO:104] Getting markets for https://sports.mi.foxbet.com/sportsbook/v1/api/getEvent?eventId=9585608&channelId=20&locale=en-us&siteId=536870916.
2023-07-30 17:08:26,186:INFO:16] Getting event for https://sports.mi.foxbet.com/sportsbook/v1/api/getEvent?eventId=9585608&channelId=20&locale=en-us&siteId=536870916.
2023-07-30 17:08:26,859:INFO:104] Getting markets for https://sports.mi.foxbet.com/sportsbook/v1/api/getEvent?eventId=9585610&channelId=20&locale=en-us&siteId=536870916.
2023-07-30 17:08:26,859:INFO:16] Getting event for https://sports.mi.foxbet.com/sportsbook/v1/api/getEvent?eventId=9585610&channelId=20&locale=en-us&siteId=536870916.
2023-07-30 17:08:27,098:INFO:104] Getting markets for https://sports.mi.foxbet.com/sportsbook/v1/api/getEvent?eventId=9585612&channelId=20&locale=en-us&siteId=536870916.
2023-07-30 17:08:27,098:INFO:16] Getting event for https://sports.mi.foxbet.com/sportsbook/v1/api/getEvent?eventId=9585612&channelId=20&locale=en-us&siteId=536870916.
2023-07-30 17:08:27,622:INFO:104] Getting markets for https://sports.mi.foxbet.com/sportsbook/v1/api/getEvent?eventId=9585614&channelId=20&locale=en-us&siteId=536870916.
2023-07-30 17:08:27,622:INFO:16] Getting event for https://sports.mi.foxbet.com/sportsbook/v1/api/getEvent?eventId=9585614&channelId=20&locale=en-us&siteId=536870916.
2023-07-30 17:08:28,132:INFO:104] Getting markets for https://sports.mi.foxbet.com/sportsbook/v1/api/getEvent?eventId=9585636&channelId=20&locale=en-us&siteId=536870916.
2023-07-30 17:08:28,132:INFO:16] Getting event for https://sports.mi.foxbet.com/sportsbook/v1/api/getEvent?eventId=9585636&channelId=20&locale=en-us&siteId=536870916.
2023-07-30 17:08:28,681:INFO:104] Getting markets for https://sports.mi.foxbet.com/sportsbook/v1/api/getEvent?eventId=9585658&channelId=20&locale=en-us&siteId=536870916.
2023-07-30 17:08:28,681:INFO:16] Getting event for https://sports.mi.foxbet.com/sportsbook/v1/api/getEvent?eventId=9585658&channelId=20&locale=en-us&siteId=536870916.
2023-07-30 17:08:29,243:INFO:104] Getting markets for https://sports.mi.foxbet.com/sportsbook/v1/api/getEvent?eventId=9585660&channelId=20&locale=en-us&siteId=536870916.
2023-07-30 17:08:29,243:INFO:16] Getting event for https://sports.mi.foxbet.com/sportsbook/v1/api/getEvent?eventId=9585660&channelId=20&locale=en-us&siteId=536870916.
2023-07-30 17:08:29,478:INFO:104] Getting markets for https://sports.mi.foxbet.com/sportsbook/v1/api/getEvent?eventId=9585662&channelId=20&locale=en-us&siteId=536870916.
2023-07-30 17:08:29,478:INFO:16] Getting event for https://sports.mi.foxbet.com/sportsbook/v1/api/getEvent?eventId=9585662&channelId=20&locale=en-us&siteId=536870916.
2023-07-30 17:08:29,699:INFO:104] Getting markets for https://sports.mi.foxbet.com/sportsbook/v1/api/getEvent?eventId=9585664&channelId=20&locale=en-us&siteId=536870916.
2023-07-30 17:08:29,699:INFO:16] Getting event for https://sports.mi.foxbet.com/sportsbook/v1/api/getEvent?eventId=9585664&channelId=20&locale=en-us&siteId=536870916.
2023-07-30 17:08:30,238:INFO:104] Getting markets for https://sports.mi.foxbet.com/sportsbook/v1/api/getEvent?eventId=9585666&channelId=20&locale=en-us&siteId=536870916.
2023-07-30 17:08:30,238:INFO:16] Getting event for https://sports.mi.foxbet.com/sportsbook/v1/api/getEvent?eventId=9585666&channelId=20&locale=en-us&siteId=536870916.
2023-07-30 17:08:30,695:INFO:104] Getting markets for https://sports.mi.foxbet.com/sportsbook/v1/api/getEvent?eventId=9585668&channelId=20&locale=en-us&siteId=536870916.
2023-07-30 17:08:30,695:INFO:16] Getting event for https://sports.mi.foxbet.com/sportsbook/v1/api/getEvent?eventId=9585668&channelId=20&locale=en-us&siteId=536870916.
2023-07-30 17:08:31,211:INFO:104] Getting markets for https://sports.mi.foxbet.com/sportsbook/v1/api/getEvent?eventId=9585670&channelId=20&locale=en-us&siteId=536870916.
2023-07-30 17:08:31,211:INFO:16] Getting event for https://sports.mi.foxbet.com/sportsbook/v1/api/getEvent?eventId=9585670&channelId=20&locale=en-us&siteId=536870916.
2023-07-30 17:08:31,725:INFO:104] Getting markets for https://sports.mi.foxbet.com/sportsbook/v1/api/getEvent?eventId=9585672&channelId=20&locale=en-us&siteId=536870916.
2023-07-30 17:08:31,725:INFO:16] Getting event for https://sports.mi.foxbet.com/sportsbook/v1/api/getEvent?eventId=9585672&channelId=20&locale=en-us&siteId=536870916.
2023-07-30 17:08:32,422:INFO:104] Getting markets for https://sports.mi.foxbet.com/sportsbook/v1/api/getEvent?eventId=9585676&channelId=20&locale=en-us&siteId=536870916.
2023-07-30 17:08:32,422:INFO:16] Getting event for https://sports.mi.foxbet.com/sportsbook/v1/api/getEvent?eventId=9585676&channelId=20&locale=en-us&siteId=536870916.
2023-07-30 17:08:32,912:INFO:104] Getting markets for https://sports.mi.foxbet.com/sportsbook/v1/api/getEvent?eventId=9585678&channelId=20&locale=en-us&siteId=536870916.
2023-07-30 17:08:32,912:INFO:16] Getting event for https://sports.mi.foxbet.com/sportsbook/v1/api/getEvent?eventId=9585678&channelId=20&locale=en-us&siteId=536870916.
2023-07-30 17:08:33,402:INFO:104] Getting markets for https://sports.mi.foxbet.com/sportsbook/v1/api/getEvent?eventId=9585680&channelId=20&locale=en-us&siteId=536870916.
2023-07-30 17:08:33,402:INFO:16] Getting event for https://sports.mi.foxbet.com/sportsbook/v1/api/getEvent?eventId=9585680&channelId=20&locale=en-us&siteId=536870916.
2023-07-30 17:08:33,899:INFO:104] Getting markets for https://sports.mi.foxbet.com/sportsbook/v1/api/getEvent?eventId=9585682&channelId=20&locale=en-us&siteId=536870916.
2023-07-30 17:08:33,899:INFO:16] Getting event for https://sports.mi.foxbet.com/sportsbook/v1/api/getEvent?eventId=9585682&channelId=20&locale=en-us&siteId=536870916.
2023-07-30 17:08:34,570:INFO:104] Getting markets for https://sports.mi.foxbet.com/sportsbook/v1/api/getEvent?eventId=9585684&channelId=20&locale=en-us&siteId=536870916.
2023-07-30 17:08:34,570:INFO:16] Getting event for https://sports.mi.foxbet.com/sportsbook/v1/api/getEvent?eventId=9585684&channelId=20&locale=en-us&siteId=536870916.
2023-07-30 17:08:34,834:INFO:104] Getting markets for https://sports.mi.foxbet.com/sportsbook/v1/api/getEvent?eventId=9585686&channelId=20&locale=en-us&siteId=536870916.
2023-07-30 17:08:34,834:INFO:16] Getting event for https://sports.mi.foxbet.com/sportsbook/v1/api/getEvent?eventId=9585686&channelId=20&locale=en-us&siteId=536870916.
2023-07-30 17:08:35,388:INFO:104] Getting markets for https://sports.mi.foxbet.com/sportsbook/v1/api/getEvent?eventId=9585688&channelId=20&locale=en-us&siteId=536870916.
2023-07-30 17:08:35,388:INFO:16] Getting event for https://sports.mi.foxbet.com/sportsbook/v1/api/getEvent?eventId=9585688&channelId=20&locale=en-us&siteId=536870916.
2023-07-30 17:08:35,891:INFO:104] Getting markets for https://sports.mi.foxbet.com/sportsbook/v1/api/getEvent?eventId=9585692&channelId=20&locale=en-us&siteId=536870916.
2023-07-30 17:08:35,891:INFO:16] Getting event for https://sports.mi.foxbet.com/sportsbook/v1/api/getEvent?eventId=9585692&channelId=20&locale=en-us&siteId=536870916.
2023-07-30 17:08:36,503:INFO:104] Getting markets for https://sports.mi.foxbet.com/sportsbook/v1/api/getEvent?eventId=9586406&channelId=20&locale=en-us&siteId=536870916.
2023-07-30 17:08:36,503:INFO:16] Getting event for https://sports.mi.foxbet.com/sportsbook/v1/api/getEvent?eventId=9586406&channelId=20&locale=en-us&siteId=536870916.
2023-07-30 17:08:37,103:INFO:104] Getting markets for https://sports.mi.foxbet.com/sportsbook/v1/api/getEvent?eventId=9586408&channelId=20&locale=en-us&siteId=536870916.
2023-07-30 17:08:37,103:INFO:16] Getting event for https://sports.mi.foxbet.com/sportsbook/v1/api/getEvent?eventId=9586408&channelId=20&locale=en-us&siteId=536870916.
2023-07-30 17:08:37,673:INFO:104] Getting markets for https://sports.mi.foxbet.com/sportsbook/v1/api/getEvent?eventId=9586432&channelId=20&locale=en-us&siteId=536870916.
2023-07-30 17:08:37,673:INFO:16] Getting event for https://sports.mi.foxbet.com/sportsbook/v1/api/getEvent?eventId=9586432&channelId=20&locale=en-us&siteId=536870916.
2023-07-30 17:08:38,004:INFO:104] Getting markets for https://sports.mi.foxbet.com/sportsbook/v1/api/getEvent?eventId=9586450&channelId=20&locale=en-us&siteId=536870916.
2023-07-30 17:08:38,005:INFO:16] Getting event for https://sports.mi.foxbet.com/sportsbook/v1/api/getEvent?eventId=9586450&channelId=20&locale=en-us&siteId=536870916.
2023-07-30 17:08:38,563:INFO:104] Getting markets for https://sports.mi.foxbet.com/sportsbook/v1/api/getEvent?eventId=9586452&channelId=20&locale=en-us&siteId=536870916.
2023-07-30 17:08:38,563:INFO:16] Getting event for https://sports.mi.foxbet.com/sportsbook/v1/api/getEvent?eventId=9586452&channelId=20&locale=en-us&siteId=536870916.
2023-07-30 17:08:39,176:INFO:104] Getting markets for https://sports.mi.foxbet.com/sportsbook/v1/api/getEvent?eventId=9586496&channelId=20&locale=en-us&siteId=536870916.
2023-07-30 17:08:39,177:INFO:16] Getting event for https://sports.mi.foxbet.com/sportsbook/v1/api/getEvent?eventId=9586496&channelId=20&locale=en-us&siteId=536870916.
2023-07-30 17:08:39,754:INFO:104] Getting markets for https://sports.mi.foxbet.com/sportsbook/v1/api/getEvent?eventId=9586500&channelId=20&locale=en-us&siteId=536870916.
2023-07-30 17:08:39,754:INFO:16] Getting event for https://sports.mi.foxbet.com/sportsbook/v1/api/getEvent?eventId=9586500&channelId=20&locale=en-us&siteId=536870916.
2023-07-30 17:08:40,074:INFO:104] Getting markets for https://sports.mi.foxbet.com/sportsbook/v1/api/getEvent?eventId=9587052&channelId=20&locale=en-us&siteId=536870916.
2023-07-30 17:08:40,074:INFO:16] Getting event for https://sports.mi.foxbet.com/sportsbook/v1/api/getEvent?eventId=9587052&channelId=20&locale=en-us&siteId=536870916.
2023-07-30 17:08:40,668:INFO:104] Getting markets for https://sports.mi.foxbet.com/sportsbook/v1/api/getEvent?eventId=9587054&channelId=20&locale=en-us&siteId=536870916.
2023-07-30 17:08:40,668:INFO:16] Getting event for https://sports.mi.foxbet.com/sportsbook/v1/api/getEvent?eventId=9587054&channelId=20&locale=en-us&siteId=536870916.
2023-07-30 17:08:41,330:INFO:104] Getting markets for https://sports.mi.foxbet.com/sportsbook/v1/api/getEvent?eventId=9587056&channelId=20&locale=en-us&siteId=536870916.
2023-07-30 17:08:41,330:INFO:16] Getting event for https://sports.mi.foxbet.com/sportsbook/v1/api/getEvent?eventId=9587056&channelId=20&locale=en-us&siteId=536870916.
2023-07-30 17:08:41,946:INFO:104] Getting markets for https://sports.mi.foxbet.com/sportsbook/v1/api/getEvent?eventId=9587114&channelId=20&locale=en-us&siteId=536870916.
2023-07-30 17:08:41,946:INFO:16] Getting event for https://sports.mi.foxbet.com/sportsbook/v1/api/getEvent?eventId=9587114&channelId=20&locale=en-us&siteId=536870916.
2023-07-30 17:08:42,440:INFO:104] Getting markets for https://sports.mi.foxbet.com/sportsbook/v1/api/getEvent?eventId=9587306&channelId=20&locale=en-us&siteId=536870916.
2023-07-30 17:08:42,440:INFO:16] Getting event for https://sports.mi.foxbet.com/sportsbook/v1/api/getEvent?eventId=9587306&channelId=20&locale=en-us&siteId=536870916.
2023-07-30 17:08:42,963:INFO:104] Getting markets for https://sports.mi.foxbet.com/sportsbook/v1/api/getEvent?eventId=9587374&channelId=20&locale=en-us&siteId=536870916.
2023-07-30 17:08:42,963:INFO:16] Getting event for https://sports.mi.foxbet.com/sportsbook/v1/api/getEvent?eventId=9587374&channelId=20&locale=en-us&siteId=536870916.
2023-07-30 17:08:43,684:INFO:104] Getting markets for https://sports.mi.foxbet.com/sportsbook/v1/api/getEvent?eventId=9587376&channelId=20&locale=en-us&siteId=536870916.
2023-07-30 17:08:43,684:INFO:16] Getting event for https://sports.mi.foxbet.com/sportsbook/v1/api/getEvent?eventId=9587376&channelId=20&locale=en-us&siteId=536870916.
2023-07-30 17:08:44,309:INFO:104] Getting markets for https://sports.mi.foxbet.com/sportsbook/v1/api/getEvent?eventId=9587378&channelId=20&locale=en-us&siteId=536870916.
2023-07-30 17:08:44,309:INFO:16] Getting event for https://sports.mi.foxbet.com/sportsbook/v1/api/getEvent?eventId=9587378&channelId=20&locale=en-us&siteId=536870916.
2023-07-30 17:08:44,582:INFO:104] Getting markets for https://sports.mi.foxbet.com/sportsbook/v1/api/getEvent?eventId=9587380&channelId=20&locale=en-us&siteId=536870916.
2023-07-30 17:08:44,582:INFO:16] Getting event for https://sports.mi.foxbet.com/sportsbook/v1/api/getEvent?eventId=9587380&channelId=20&locale=en-us&siteId=536870916.
2023-07-30 17:08:45,119:INFO:104] Getting markets for https://sports.mi.foxbet.com/sportsbook/v1/api/getEvent?eventId=9587382&channelId=20&locale=en-us&siteId=536870916.
2023-07-30 17:08:45,119:INFO:16] Getting event for https://sports.mi.foxbet.com/sportsbook/v1/api/getEvent?eventId=9587382&channelId=20&locale=en-us&siteId=536870916.
2023-07-30 17:08:45,838:INFO:104] Getting markets for https://sports.mi.foxbet.com/sportsbook/v1/api/getEvent?eventId=9587384&channelId=20&locale=en-us&siteId=536870916.
2023-07-30 17:08:45,838:INFO:16] Getting event for https://sports.mi.foxbet.com/sportsbook/v1/api/getEvent?eventId=9587384&channelId=20&locale=en-us&siteId=536870916.
2023-07-30 17:08:46,368:INFO:104] Getting markets for https://sports.mi.foxbet.com/sportsbook/v1/api/getEvent?eventId=9587386&channelId=20&locale=en-us&siteId=536870916.
2023-07-30 17:08:46,368:INFO:16] Getting event for https://sports.mi.foxbet.com/sportsbook/v1/api/getEvent?eventId=9587386&channelId=20&locale=en-us&siteId=536870916.
2023-07-30 17:08:46,960:INFO:104] Getting markets for https://sports.mi.foxbet.com/sportsbook/v1/api/getEvent?eventId=9587388&channelId=20&locale=en-us&siteId=536870916.
2023-07-30 17:08:46,960:INFO:16] Getting event for https://sports.mi.foxbet.com/sportsbook/v1/api/getEvent?eventId=9587388&channelId=20&locale=en-us&siteId=536870916.
2023-07-30 17:08:47,575:INFO:104] Getting markets for https://sports.mi.foxbet.com/sportsbook/v1/api/getEvent?eventId=9587430&channelId=20&locale=en-us&siteId=536870916.
2023-07-30 17:08:47,575:INFO:16] Getting event for https://sports.mi.foxbet.com/sportsbook/v1/api/getEvent?eventId=9587430&channelId=20&locale=en-us&siteId=536870916.
2023-07-30 17:08:47,907:INFO:104] Getting markets for https://sports.mi.foxbet.com/sportsbook/v1/api/getEvent?eventId=9587550&channelId=20&locale=en-us&siteId=536870916.
2023-07-30 17:08:47,907:INFO:16] Getting event for https://sports.mi.foxbet.com/sportsbook/v1/api/getEvent?eventId=9587550&channelId=20&locale=en-us&siteId=536870916.
2023-07-30 17:08:48,404:INFO:104] Getting markets for https://sports.mi.foxbet.com/sportsbook/v1/api/getEvent?eventId=9587632&channelId=20&locale=en-us&siteId=536870916.
2023-07-30 17:08:48,404:INFO:16] Getting event for https://sports.mi.foxbet.com/sportsbook/v1/api/getEvent?eventId=9587632&channelId=20&locale=en-us&siteId=536870916.
2023-07-30 17:08:48,894:INFO:104] Getting markets for https://sports.mi.foxbet.com/sportsbook/v1/api/getEvent?eventId=9587634&channelId=20&locale=en-us&siteId=536870916.
2023-07-30 17:08:48,894:INFO:16] Getting event for https://sports.mi.foxbet.com/sportsbook/v1/api/getEvent?eventId=9587634&channelId=20&locale=en-us&siteId=536870916.
2023-07-30 17:08:49,490:INFO:104] Getting markets for https://sports.mi.foxbet.com/sportsbook/v1/api/getEvent?eventId=9588024&channelId=20&locale=en-us&siteId=536870916.
2023-07-30 17:08:49,490:INFO:16] Getting event for https://sports.mi.foxbet.com/sportsbook/v1/api/getEvent?eventId=9588024&channelId=20&locale=en-us&siteId=536870916.
2023-07-30 17:08:50,119:INFO:104] Getting markets for https://sports.mi.foxbet.com/sportsbook/v1/api/getEvent?eventId=9588088&channelId=20&locale=en-us&siteId=536870916.
2023-07-30 17:08:50,119:INFO:16] Getting event for https://sports.mi.foxbet.com/sportsbook/v1/api/getEvent?eventId=9588088&channelId=20&locale=en-us&siteId=536870916.
2023-07-30 17:08:50,381:INFO:104] Getting markets for https://sports.mi.foxbet.com/sportsbook/v1/api/getEvent?eventId=9588090&channelId=20&locale=en-us&siteId=536870916.
2023-07-30 17:08:50,381:INFO:16] Getting event for https://sports.mi.foxbet.com/sportsbook/v1/api/getEvent?eventId=9588090&channelId=20&locale=en-us&siteId=536870916.
2023-07-30 17:08:50,877:INFO:104] Getting markets for https://sports.mi.foxbet.com/sportsbook/v1/api/getEvent?eventId=9588092&channelId=20&locale=en-us&siteId=536870916.
2023-07-30 17:08:50,877:INFO:16] Getting event for https://sports.mi.foxbet.com/sportsbook/v1/api/getEvent?eventId=9588092&channelId=20&locale=en-us&siteId=536870916.
2023-07-30 17:08:51,419:INFO:104] Getting markets for https://sports.mi.foxbet.com/sportsbook/v1/api/getEvent?eventId=9588230&channelId=20&locale=en-us&siteId=536870916.
2023-07-30 17:08:51,419:INFO:16] Getting event for https://sports.mi.foxbet.com/sportsbook/v1/api/getEvent?eventId=9588230&channelId=20&locale=en-us&siteId=536870916.
2023-07-30 17:08:51,942:INFO:104] Getting markets for https://sports.mi.foxbet.com/sportsbook/v1/api/getEvent?eventId=9588232&channelId=20&locale=en-us&siteId=536870916.
2023-07-30 17:08:51,942:INFO:16] Getting event for https://sports.mi.foxbet.com/sportsbook/v1/api/getEvent?eventId=9588232&channelId=20&locale=en-us&siteId=536870916.
2023-07-30 17:08:52,470:INFO:104] Getting markets for https://sports.mi.foxbet.com/sportsbook/v1/api/getEvent?eventId=9588234&channelId=20&locale=en-us&siteId=536870916.
2023-07-30 17:08:52,470:INFO:16] Getting event for https://sports.mi.foxbet.com/sportsbook/v1/api/getEvent?eventId=9588234&channelId=20&locale=en-us&siteId=536870916.
2023-07-30 17:08:53,080:INFO:104] Getting markets for https://sports.mi.foxbet.com/sportsbook/v1/api/getEvent?eventId=9588236&channelId=20&locale=en-us&siteId=536870916.
2023-07-30 17:08:53,080:INFO:16] Getting event for https://sports.mi.foxbet.com/sportsbook/v1/api/getEvent?eventId=9588236&channelId=20&locale=en-us&siteId=536870916.
2023-07-30 17:08:53,616:INFO:104] Getting markets for https://sports.mi.foxbet.com/sportsbook/v1/api/getEvent?eventId=9588238&channelId=20&locale=en-us&siteId=536870916.
2023-07-30 17:08:53,616:INFO:16] Getting event for https://sports.mi.foxbet.com/sportsbook/v1/api/getEvent?eventId=9588238&channelId=20&locale=en-us&siteId=536870916.
2023-07-30 17:08:54,238:INFO:104] Getting markets for https://sports.mi.foxbet.com/sportsbook/v1/api/getEvent?eventId=9588308&channelId=20&locale=en-us&siteId=536870916.
2023-07-30 17:08:54,238:INFO:16] Getting event for https://sports.mi.foxbet.com/sportsbook/v1/api/getEvent?eventId=9588308&channelId=20&locale=en-us&siteId=536870916.
2023-07-30 17:08:54,805:INFO:104] Getting markets for https://sports.mi.foxbet.com/sportsbook/v1/api/getEvent?eventId=9588354&channelId=20&locale=en-us&siteId=536870916.
2023-07-30 17:08:54,805:INFO:16] Getting event for https://sports.mi.foxbet.com/sportsbook/v1/api/getEvent?eventId=9588354&channelId=20&locale=en-us&siteId=536870916.
2023-07-30 17:08:55,471:INFO:104] Getting markets for https://sports.mi.foxbet.com/sportsbook/v1/api/getEvent?eventId=9588356&channelId=20&locale=en-us&siteId=536870916.
2023-07-30 17:08:55,471:INFO:16] Getting event for https://sports.mi.foxbet.com/sportsbook/v1/api/getEvent?eventId=9588356&channelId=20&locale=en-us&siteId=536870916.
2023-07-30 17:08:56,079:INFO:104] Getting markets for https://sports.mi.foxbet.com/sportsbook/v1/api/getEvent?eventId=9588424&channelId=20&locale=en-us&siteId=536870916.
2023-07-30 17:08:56,079:INFO:16] Getting event for https://sports.mi.foxbet.com/sportsbook/v1/api/getEvent?eventId=9588424&channelId=20&locale=en-us&siteId=536870916.
2023-07-30 17:08:56,693:INFO:104] Getting markets for https://sports.mi.foxbet.com/sportsbook/v1/api/getEvent?eventId=9588426&channelId=20&locale=en-us&siteId=536870916.
2023-07-30 17:08:56,693:INFO:16] Getting event for https://sports.mi.foxbet.com/sportsbook/v1/api/getEvent?eventId=9588426&channelId=20&locale=en-us&siteId=536870916.
2023-07-30 17:08:57,297:INFO:104] Getting markets for https://sports.mi.foxbet.com/sportsbook/v1/api/getEvent?eventId=9588472&channelId=20&locale=en-us&siteId=536870916.
2023-07-30 17:08:57,297:INFO:16] Getting event for https://sports.mi.foxbet.com/sportsbook/v1/api/getEvent?eventId=9588472&channelId=20&locale=en-us&siteId=536870916.
2023-07-30 17:08:57,895:INFO:104] Getting markets for https://sports.mi.foxbet.com/sportsbook/v1/api/getEvent?eventId=9589014&channelId=20&locale=en-us&siteId=536870916.
2023-07-30 17:08:57,895:INFO:16] Getting event for https://sports.mi.foxbet.com/sportsbook/v1/api/getEvent?eventId=9589014&channelId=20&locale=en-us&siteId=536870916.
2023-07-30 17:08:58,191:INFO:104] Getting markets for https://sports.mi.foxbet.com/sportsbook/v1/api/getEvent?eventId=9589024&channelId=20&locale=en-us&siteId=536870916.
2023-07-30 17:08:58,191:INFO:16] Getting event for https://sports.mi.foxbet.com/sportsbook/v1/api/getEvent?eventId=9589024&channelId=20&locale=en-us&siteId=536870916.
2023-07-30 17:08:58,738:INFO:104] Getting markets for https://sports.mi.foxbet.com/sportsbook/v1/api/getEvent?eventId=9589026&channelId=20&locale=en-us&siteId=536870916.
2023-07-30 17:08:58,738:INFO:16] Getting event for https://sports.mi.foxbet.com/sportsbook/v1/api/getEvent?eventId=9589026&channelId=20&locale=en-us&siteId=536870916.
2023-07-30 17:08:59,322:INFO:104] Getting markets for https://sports.mi.foxbet.com/sportsbook/v1/api/getEvent?eventId=9589028&channelId=20&locale=en-us&siteId=536870916.
2023-07-30 17:08:59,322:INFO:16] Getting event for https://sports.mi.foxbet.com/sportsbook/v1/api/getEvent?eventId=9589028&channelId=20&locale=en-us&siteId=536870916.
2023-07-30 17:08:59,563:INFO:104] Getting markets for https://sports.mi.foxbet.com/sportsbook/v1/api/getEvent?eventId=9589068&channelId=20&locale=en-us&siteId=536870916.
2023-07-30 17:08:59,563:INFO:16] Getting event for https://sports.mi.foxbet.com/sportsbook/v1/api/getEvent?eventId=9589068&channelId=20&locale=en-us&siteId=536870916.
2023-07-30 17:09:00,052:INFO:104] Getting markets for https://sports.mi.foxbet.com/sportsbook/v1/api/getEvent?eventId=9589650&channelId=20&locale=en-us&siteId=536870916.
2023-07-30 17:09:00,052:INFO:16] Getting event for https://sports.mi.foxbet.com/sportsbook/v1/api/getEvent?eventId=9589650&channelId=20&locale=en-us&siteId=536870916.
2023-07-30 17:09:00,318:INFO:104] Getting markets for https://sports.mi.foxbet.com/sportsbook/v1/api/getEvent?eventId=9594244&channelId=20&locale=en-us&siteId=536870916.
2023-07-30 17:09:00,318:INFO:16] Getting event for https://sports.mi.foxbet.com/sportsbook/v1/api/getEvent?eventId=9594244&channelId=20&locale=en-us&siteId=536870916.
2023-07-30 17:09:00,669:INFO:104] Getting markets for https://sports.mi.foxbet.com/sportsbook/v1/api/getEvent?eventId=9594246&channelId=20&locale=en-us&siteId=536870916.
2023-07-30 17:09:00,669:INFO:16] Getting event for https://sports.mi.foxbet.com/sportsbook/v1/api/getEvent?eventId=9594246&channelId=20&locale=en-us&siteId=536870916.
